[2026-02-02 09:37:22] GET_PARAMS - Module: core, Controller: Auth, Action: login - IP: ::1 - User: Guest
[2026-02-02 09:37:37] ENCRYPTED_URL - Module: core, Controller: auth, Action: authenticate - IP: ::1 - User: Guest
[2026-02-02 09:37:38] ENCRYPTED_URL - Module: core, Controller: hub, Action: index - IP: ::1 - User: superadmin
[2026-02-02 09:37:43] ENCRYPTED_URL - Module: core, Controller: hub, Action: acceder - IP: ::1 - User: superadmin
[2026-02-02 09:37:43] ENCRYPTED_URL - Module: seguridad, Controller: dashboard, Action: index - IP: ::1 - User: superadmin
[2026-02-02 09:37:46] ENCRYPTED_URL - Module: seguridad, Controller: modulo, Action: index - IP: ::1 - User: superadmin
[2026-02-02 09:37:50] ENCRYPTED_URL - Module: seguridad, Controller: modulo, Action: editar - IP: ::1 - User: superadmin
[2026-02-02 09:37:58] ENCRYPTED_URL - Module: seguridad, Controller: tenant, Action: index - IP: ::1 - User: superadmin
[2026-02-02 09:38:02] ENCRYPTED_URL - Module: seguridad, Controller: tenant, Action: editar - IP: ::1 - User: superadmin
[2026-02-02 09:38:13] ENCRYPTED_URL - Module: seguridad, Controller: tenant, Action: actualizar - IP: ::1 - User: superadmin
[2026-02-02 09:38:13] ENCRYPTED_URL - Module: seguridad, Controller: tenant, Action: index - IP: ::1 - User: superadmin
[2026-02-02 09:38:16] ENCRYPTED_URL - Module: seguridad, Controller: tenant, Action: editar - IP: ::1 - User: superadmin
[2026-02-02 09:38:23] ENCRYPTED_URL - Module: seguridad, Controller: tenant, Action: actualizar - IP: ::1 - User: superadmin
[2026-02-02 09:38:23] ENCRYPTED_URL - Module: seguridad, Controller: tenant, Action: editar - IP: ::1 - User: superadmin
[2026-02-02 09:42:29] ENCRYPTED_URL - Module: seguridad, Controller: tenant, Action: editar - IP: ::1 - User: superadmin
[2026-02-02 09:42:32] ENCRYPTED_URL - Module: seguridad, Controller: tenant, Action: editar - IP: ::1 - User: superadmin
[2026-02-02 09:46:49] ENCRYPTED_URL - Module: seguridad, Controller: tenant, Action: editar - IP: ::1 - User: superadmin
[2026-02-02 09:47:42] ENCRYPTED_URL - Module: seguridad, Controller: tenant, Action: editar - IP: ::1 - User: superadmin
[2026-02-02 09:47:45] ENCRYPTED_URL - Module: seguridad, Controller: tenant, Action: editar - IP: ::1 - User: superadmin
[2026-02-02 09:49:00] ENCRYPTED_URL - Module: seguridad, Controller: tenant, Action: editar - IP: ::1 - User: superadmin
[2026-02-02 09:49:02] ENCRYPTED_URL - Module: seguridad, Controller: tenant, Action: editar - IP: ::1 - User: superadmin
[2026-02-02 09:49:27] ENCRYPTED_URL - Module: seguridad, Controller: tenant, Action: editar - IP: ::1 - User: superadmin
[2026-02-02 09:49:29] ENCRYPTED_URL - Module: seguridad, Controller: tenant, Action: editar - IP: ::1 - User: superadmin
[2026-02-02 09:49:43] ENCRYPTED_URL - Module: seguridad, Controller: modulo, Action: index - IP: ::1 - User: superadmin
[2026-02-02 09:49:48] ENCRYPTED_URL - Module: seguridad, Controller: modulo, Action: editar - IP: ::1 - User: superadmin
[2026-02-02 09:49:52] ENCRYPTED_URL - Module: seguridad, Controller: tenant, Action: editar - IP: ::1 - User: superadmin
[2026-02-02 09:50:10] ENCRYPTED_URL - Module: seguridad, Controller: tenant, Action: editar - IP: ::1 - User: superadmin
[2026-02-02 09:50:15] ENCRYPTED_URL - Module: seguridad, Controller: tenant, Action: editar - IP: ::1 - User: superadmin
[2026-02-02 09:50:17] ENCRYPTED_URL - Module: seguridad, Controller: tenant, Action: editar - IP: ::1 - User: superadmin
[2026-02-02 10:21:13] GET_PARAMS - Module: core, Controller: Auth, Action: login - IP: ::1 - User: Guest
[2026-02-02 10:22:14] ENCRYPTED_URL - Module: core, Controller: auth, Action: authenticate - IP: ::1 - User: Guest
[2026-02-02 10:22:15] ENCRYPTED_URL - Module: core, Controller: hub, Action: index - IP: ::1 - User: superadmin
[2026-02-02 10:22:21] ENCRYPTED_URL - Module: core, Controller: hub, Action: acceder - IP: ::1 - User: superadmin
[2026-02-02 10:22:21] ENCRYPTED_URL - Module: seguridad, Controller: dashboard, Action: index - IP: ::1 - User: superadmin
[2026-02-02 10:22:24] ENCRYPTED_URL - Module: seguridad, Controller: tenant, Action: index - IP: ::1 - User: superadmin
[2026-02-02 10:22:28] ENCRYPTED_URL - Module: seguridad, Controller: tenant, Action: editar - IP: ::1 - User: superadmin
[2026-02-02 10:27:09] ENCRYPTED_URL - Module: seguridad, Controller: modulo, Action: index - IP: ::1 - User: superadmin
[2026-02-02 10:27:15] ENCRYPTED_URL - Module: seguridad, Controller: modulo, Action: editar - IP: ::1 - User: superadmin
[2026-02-02 10:27:33] ENCRYPTED_URL - Module: seguridad, Controller: modulo, Action: index - IP: ::1 - User: superadmin
[2026-02-02 10:27:36] ENCRYPTED_URL - Module: seguridad, Controller: tenant, Action: index - IP: ::1 - User: superadmin
[2026-02-02 10:27:40] ENCRYPTED_URL - Module: seguridad, Controller: tenant, Action: editar - IP: ::1 - User: superadmin
[2026-02-02 10:33:05] ENCRYPTED_URL - Module: seguridad, Controller: tenant, Action: editar - IP: ::1 - User: superadmin
[2026-02-02 10:33:07] ENCRYPTED_URL - Module: seguridad, Controller: tenant, Action: editar - IP: ::1 - User: superadmin
[2026-02-02 10:40:56] ENCRYPTED_URL - Module: seguridad, Controller: tenant, Action: editar - IP: ::1 - User: superadmin
[2026-02-02 10:41:06] ENCRYPTED_URL - Module: seguridad, Controller: tenant, Action: actualizar - IP: ::1 - User: superadmin
[2026-02-02 10:41:06] ENCRYPTED_URL - Module: seguridad, Controller: tenant, Action: editar - IP: ::1 - User: superadmin
[2026-02-02 10:41:11] ENCRYPTED_URL - Module: seguridad, Controller: tenant, Action: actualizar - IP: ::1 - User: superadmin
[2026-02-02 10:41:12] ENCRYPTED_URL - Module: seguridad, Controller: tenant, Action: editar - IP: ::1 - User: superadmin
[2026-02-02 10:44:06] ENCRYPTED_URL - Module: core, Controller: error, Action: show - IP: ::1 - User: superadmin
[2026-02-02 10:44:10] ENCRYPTED_URL - Module: seguridad, Controller: tenant, Action: index - IP: ::1 - User: superadmin
[2026-02-02 10:44:13] ENCRYPTED_URL - Module: seguridad, Controller: tenant, Action: editar - IP: ::1 - User: superadmin
[2026-02-02 10:44:23] ENCRYPTED_URL - Module: seguridad, Controller: tenant, Action: actualizar - IP: ::1 - User: superadmin
[2026-02-02 10:44:23] ENCRYPTED_URL - Module: seguridad, Controller: tenant, Action: editar - IP: ::1 - User: superadmin
[2026-02-02 10:45:17] ENCRYPTED_URL - Module: seguridad, Controller: tenant, Action: editar - IP: ::1 - User: superadmin
[2026-02-02 10:45:28] ENCRYPTED_URL - Module: seguridad, Controller: tenant, Action: actualizar - IP: ::1 - User: superadmin
[2026-02-02 10:45:28] ENCRYPTED_URL - Module: seguridad, Controller: tenant, Action: editar - IP: ::1 - User: superadmin
[2026-02-02 10:46:24] ENCRYPTED_URL - Module: seguridad, Controller: tenant, Action: actualizar - IP: ::1 - User: superadmin
[2026-02-02 10:46:25] ENCRYPTED_URL - Module: seguridad, Controller: tenant, Action: editar - IP: ::1 - User: superadmin
[2026-02-02 10:59:33] ENCRYPTED_URL - Module: seguridad, Controller: tenant, Action: editar - IP: ::1 - User: superadmin
[2026-02-02 10:59:39] ENCRYPTED_URL - Module: seguridad, Controller: tenant, Action: actualizar - IP: ::1 - User: superadmin
[2026-02-02 10:59:39] ENCRYPTED_URL - Module: seguridad, Controller: tenant, Action: editar - IP: ::1 - User: superadmin
[2026-02-02 10:59:58] ENCRYPTED_URL - Module: seguridad, Controller: tenant, Action: actualizar - IP: ::1 - User: superadmin
[2026-02-02 10:59:58] ENCRYPTED_URL - Module: seguridad, Controller: tenant, Action: editar - IP: ::1 - User: superadmin
[2026-02-02 11:14:17] ENCRYPTED_URL - Module: seguridad, Controller: tenant, Action: editar - IP: ::1 - User: superadmin
[2026-02-02 11:14:26] ENCRYPTED_URL - Module: seguridad, Controller: tenant, Action: actualizar - IP: ::1 - User: superadmin
[2026-02-02 11:14:26] ENCRYPTED_URL - Module: seguridad, Controller: tenant, Action: editar - IP: ::1 - User: superadmin
[2026-02-02 11:40:06] ENCRYPTED_URL - Module: seguridad, Controller: tenant, Action: editar - IP: ::1 - User: superadmin
[2026-02-02 11:40:13] ENCRYPTED_URL - Module: seguridad, Controller: tenant, Action: actualizar - IP: ::1 - User: superadmin
[2026-02-02 11:40:13] ENCRYPTED_URL - Module: seguridad, Controller: tenant, Action: editar - IP: ::1 - User: superadmin
[2026-02-02 11:44:02] ENCRYPTED_URL - Module: seguridad, Controller: tenant, Action: editar - IP: ::1 - User: superadmin
[2026-02-02 11:44:12] ENCRYPTED_URL - Module: seguridad, Controller: tenant, Action: actualizar - IP: ::1 - User: superadmin
[2026-02-02 11:44:12] ENCRYPTED_URL - Module: seguridad, Controller: tenant, Action: editar - IP: ::1 - User: superadmin
[2026-02-02 11:54:38] ENCRYPTED_URL - Module: seguridad, Controller: tenant, Action: actualizar - IP: ::1 - User: superadmin
[2026-02-02 11:54:39] ENCRYPTED_URL - Module: seguridad, Controller: tenant, Action: editar - IP: ::1 - User: superadmin
[2026-02-02 12:02:47] ENCRYPTED_URL - Module: seguridad, Controller: tenant, Action: editar - IP: ::1 - User: superadmin
[2026-02-02 12:03:02] ENCRYPTED_URL - Module: seguridad, Controller: tenant, Action: actualizar - IP: ::1 - User: superadmin
[2026-02-02 12:03:02] ENCRYPTED_URL - Module: seguridad, Controller: tenant, Action: editar - IP: ::1 - User: superadmin
[2026-02-02 12:15:23] ENCRYPTED_URL - Module: seguridad, Controller: tenant, Action: actualizar - IP: ::1 - User: superadmin
[2026-02-02 12:15:24] ENCRYPTED_URL - Module: seguridad, Controller: tenant, Action: editar - IP: ::1 - User: superadmin
[2026-02-02 12:15:35] ENCRYPTED_URL - Module: seguridad, Controller: tenant, Action: actualizar - IP: ::1 - User: superadmin
[2026-02-02 12:15:36] ENCRYPTED_URL - Module: seguridad, Controller: tenant, Action: editar - IP: ::1 - User: superadmin
[2026-02-02 12:19:57] ENCRYPTED_URL - Module: seguridad, Controller: tenant, Action: editar - IP: ::1 - User: superadmin
[2026-02-02 12:20:05] ENCRYPTED_URL - Module: seguridad, Controller: tenant, Action: actualizar - IP: ::1 - User: superadmin
[2026-02-02 12:20:06] ENCRYPTED_URL - Module: seguridad, Controller: tenant, Action: editar - IP: ::1 - User: superadmin
[2026-02-02 12:20:59] ENCRYPTED_URL - Module: seguridad, Controller: tenant, Action: actualizar - IP: ::1 - User: superadmin
[2026-02-02 12:20:59] ENCRYPTED_URL - Module: seguridad, Controller: tenant, Action: editar - IP: ::1 - User: superadmin
[2026-02-02 12:24:59] ENCRYPTED_URL - Module: seguridad, Controller: tenant, Action: editar - IP: ::1 - User: superadmin
[2026-02-02 12:25:12] ENCRYPTED_URL - Module: seguridad, Controller: tenant, Action: actualizar - IP: ::1 - User: superadmin
[2026-02-02 12:25:13] ENCRYPTED_URL - Module: seguridad, Controller: tenant, Action: editar - IP: ::1 - User: superadmin
[2026-02-02 12:27:46] ENCRYPTED_URL - Module: seguridad, Controller: tenant, Action: actualizar - IP: ::1 - User: superadmin
[2026-02-02 12:27:46] ENCRYPTED_URL - Module: seguridad, Controller: tenant, Action: index - IP: ::1 - User: superadmin
[2026-02-02 12:27:50] ENCRYPTED_URL - Module: seguridad, Controller: tenant, Action: editar - IP: ::1 - User: superadmin
[2026-02-02 12:30:18] ENCRYPTED_URL - Module: seguridad, Controller: tenant, Action: editar - IP: ::1 - User: superadmin
[2026-02-02 12:30:30] ENCRYPTED_URL - Module: seguridad, Controller: tenant, Action: actualizar - IP: ::1 - User: superadmin
[2026-02-02 12:30:31] ENCRYPTED_URL - Module: seguridad, Controller: tenant, Action: index - IP: ::1 - User: superadmin
[2026-02-02 12:30:34] ENCRYPTED_URL - Module: seguridad, Controller: tenant, Action: editar - IP: ::1 - User: superadmin
[2026-02-02 12:30:39] ENCRYPTED_URL - Module: seguridad, Controller: tenant, Action: actualizar - IP: ::1 - User: superadmin
[2026-02-02 12:30:40] ENCRYPTED_URL - Module: seguridad, Controller: tenant, Action: index - IP: ::1 - User: superadmin
[2026-02-02 12:30:42] ENCRYPTED_URL - Module: seguridad, Controller: tenant, Action: editar - IP: ::1 - User: superadmin
[2026-02-02 12:31:17] ENCRYPTED_URL - Module: seguridad, Controller: tenant, Action: actualizar - IP: ::1 - User: superadmin
[2026-02-02 12:31:17] ENCRYPTED_URL - Module: seguridad, Controller: tenant, Action: index - IP: ::1 - User: superadmin
[2026-02-02 12:31:20] ENCRYPTED_URL - Module: seguridad, Controller: tenant, Action: editar - IP: ::1 - User: superadmin
[2026-02-02 12:31:38] ENCRYPTED_URL - Module: seguridad, Controller: tenant, Action: index - IP: ::1 - User: superadmin
[2026-02-02 12:31:40] ENCRYPTED_URL - Module: seguridad, Controller: tenant, Action: editar - IP: ::1 - User: superadmin
[2026-02-02 12:31:51] ENCRYPTED_URL - Module: seguridad, Controller: tenant, Action: actualizar - IP: ::1 - User: superadmin
[2026-02-02 12:31:51] ENCRYPTED_URL - Module: seguridad, Controller: tenant, Action: index - IP: ::1 - User: superadmin
[2026-02-02 12:31:54] ENCRYPTED_URL - Module: seguridad, Controller: tenant, Action: editar - IP: ::1 - User: superadmin
[2026-02-02 12:32:03] ENCRYPTED_URL - Module: seguridad, Controller: tenant, Action: index - IP: ::1 - User: superadmin
[2026-02-02 12:32:07] ENCRYPTED_URL - Module: seguridad, Controller: tenant, Action: ver - IP: ::1 - User: superadmin
[2026-02-02 12:32:20] ENCRYPTED_URL - Module: seguridad, Controller: tenant, Action: index - IP: ::1 - User: superadmin
[2026-02-02 12:32:26] ENCRYPTED_URL - Module: seguridad, Controller: tenant, Action: suspender - IP: ::1 - User: superadmin
[2026-02-02 12:32:28] ENCRYPTED_URL - Module: seguridad, Controller: tenant, Action: index - IP: ::1 - User: superadmin
[2026-02-02 12:32:33] ENCRYPTED_URL - Module: seguridad, Controller: tenant, Action: reactivar - IP: ::1 - User: superadmin
[2026-02-02 12:32:35] ENCRYPTED_URL - Module: seguridad, Controller: tenant, Action: index - IP: ::1 - User: superadmin
[2026-02-02 12:32:45] ENCRYPTED_URL - Module: seguridad, Controller: tenant, Action: editar - IP: ::1 - User: superadmin
[2026-02-02 12:34:01] ENCRYPTED_URL - Module: seguridad, Controller: tenant, Action: editar - IP: ::1 - User: superadmin
[2026-02-02 12:34:08] ENCRYPTED_URL - Module: seguridad, Controller: tenant, Action: actualizar - IP: ::1 - User: superadmin
[2026-02-02 12:34:09] ENCRYPTED_URL - Module: seguridad, Controller: tenant, Action: index - IP: ::1 - User: superadmin
[2026-02-02 12:34:12] ENCRYPTED_URL - Module: seguridad, Controller: tenant, Action: editar - IP: ::1 - User: superadmin
[2026-02-02 12:45:24] ENCRYPTED_URL - Module: seguridad, Controller: tenant, Action: editar - IP: ::1 - User: superadmin
[2026-02-02 12:45:39] ENCRYPTED_URL - Module: seguridad, Controller: tenant, Action: actualizar - IP: ::1 - User: superadmin
[2026-02-02 12:45:39] ENCRYPTED_URL - Module: seguridad, Controller: tenant, Action: index - IP: ::1 - User: superadmin
[2026-02-02 12:45:49] ENCRYPTED_URL - Module: seguridad, Controller: tenant, Action: editar - IP: ::1 - User: superadmin
[2026-02-02 12:46:00] ENCRYPTED_URL - Module: seguridad, Controller: tenant, Action: actualizar - IP: ::1 - User: superadmin
[2026-02-02 12:46:00] ENCRYPTED_URL - Module: seguridad, Controller: tenant, Action: index - IP: ::1 - User: superadmin
[2026-02-02 12:46:13] ENCRYPTED_URL - Module: seguridad, Controller: tenant, Action: actualizar - IP: ::1 - User: superadmin
[2026-02-02 12:46:13] ENCRYPTED_URL - Module: seguridad, Controller: tenant, Action: index - IP: ::1 - User: superadmin
[2026-02-02 12:46:22] ENCRYPTED_URL - Module: seguridad, Controller: tenant, Action: actualizar - IP: ::1 - User: superadmin
[2026-02-02 12:46:23] ENCRYPTED_URL - Module: seguridad, Controller: tenant, Action: index - IP: ::1 - User: superadmin
[2026-02-02 12:46:47] ENCRYPTED_URL - Module: seguridad, Controller: tenant, Action: index - IP: ::1 - User: superadmin
[2026-02-02 12:46:49] ENCRYPTED_URL - Module: seguridad, Controller: tenant, Action: editar - IP: ::1 - User: superadmin
[2026-02-02 12:46:55] ENCRYPTED_URL - Module: seguridad, Controller: tenant, Action: actualizar - IP: ::1 - User: superadmin
[2026-02-02 12:46:56] ENCRYPTED_URL - Module: seguridad, Controller: tenant, Action: index - IP: ::1 - User: superadmin
[2026-02-02 12:47:02] ENCRYPTED_URL - Module: seguridad, Controller: tenant, Action: index - IP: ::1 - User: superadmin
[2026-02-02 12:47:03] ENCRYPTED_URL - Module: seguridad, Controller: tenant, Action: editar - IP: ::1 - User: superadmin
[2026-02-02 12:48:07] ENCRYPTED_URL - Module: seguridad, Controller: tenant, Action: actualizar - IP: ::1 - User: superadmin
[2026-02-02 12:48:08] ENCRYPTED_URL - Module: seguridad, Controller: tenant, Action: index - IP: ::1 - User: superadmin
[2026-02-02 12:56:08] ENCRYPTED_URL - Module: seguridad, Controller: tenant, Action: actualizar - IP: ::1 - User: superadmin
[2026-02-02 12:56:22] ENCRYPTED_URL - Module: seguridad, Controller: tenant, Action: actualizar - IP: ::1 - User: superadmin
[2026-02-02 12:56:28] ENCRYPTED_URL - Module: seguridad, Controller: tenant, Action: actualizar - IP: ::1 - User: superadmin
[2026-02-02 12:56:34] ENCRYPTED_URL - Module: seguridad, Controller: tenant, Action: index - IP: ::1 - User: superadmin
[2026-02-02 12:56:37] ENCRYPTED_URL - Module: seguridad, Controller: tenant, Action: ver - IP: ::1 - User: superadmin
[2026-02-02 14:31:46] GET_PARAMS - Module: core, Controller: Auth, Action: login - IP: ::1 - User: Guest
[2026-02-02 14:31:56] ENCRYPTED_URL - Module: core, Controller: auth, Action: authenticate - IP: ::1 - User: Guest
[2026-02-02 14:31:57] ENCRYPTED_URL - Module: core, Controller: hub, Action: index - IP: ::1 - User: superadmin
[2026-02-02 14:32:02] ENCRYPTED_URL - Module: core, Controller: hub, Action: acceder - IP: ::1 - User: superadmin
[2026-02-02 14:32:02] ENCRYPTED_URL - Module: core, Controller: hub, Action: index - IP: ::1 - User: superadmin
[2026-02-02 14:32:06] ENCRYPTED_URL - Module: core, Controller: hub, Action: acceder - IP: ::1 - User: superadmin
[2026-02-02 14:32:06] ENCRYPTED_URL - Module: core, Controller: hub, Action: index - IP: ::1 - User: superadmin
[2026-02-02 14:32:11] ENCRYPTED_URL - Module: core, Controller: hub, Action: acceder - IP: ::1 - User: superadmin
[2026-02-02 14:32:11] ENCRYPTED_URL - Module: core, Controller: hub, Action: index - IP: ::1 - User: superadmin
[2026-02-02 14:32:15] ENCRYPTED_URL - Module: core, Controller: hub, Action: acceder - IP: ::1 - User: superadmin
[2026-02-02 14:32:16] ENCRYPTED_URL - Module: core, Controller: hub, Action: index - IP: ::1 - User: superadmin
[2026-02-02 14:38:18] ENCRYPTED_URL - Module: core, Controller: hub, Action: index - IP: ::1 - User: superadmin
[2026-02-02 14:38:22] ENCRYPTED_URL - Module: core, Controller: hub, Action: acceder - IP: ::1 - User: superadmin
[2026-02-02 14:38:23] ENCRYPTED_URL - Module: core, Controller: hub, Action: index - IP: ::1 - User: superadmin
[2026-02-02 14:38:30] ENCRYPTED_URL - Module: core, Controller: auth, Action: logout - IP: ::1 - User: superadmin
[2026-02-02 14:38:31] ENCRYPTED_URL - Module: core, Controller: auth, Action: login - IP: ::1 - User: Guest
[2026-02-02 14:38:42] ENCRYPTED_URL - Module: core, Controller: auth, Action: authenticate - IP: ::1 - User: Guest
[2026-02-02 14:38:42] ENCRYPTED_URL - Module: core, Controller: hub, Action: index - IP: ::1 - User: superadmin
[2026-02-02 14:38:48] ENCRYPTED_URL - Module: core, Controller: hub, Action: acceder - IP: ::1 - User: superadmin
[2026-02-02 14:38:48] ENCRYPTED_URL - Module: core, Controller: hub, Action: index - IP: ::1 - User: superadmin
[2026-02-02 14:45:19] ENCRYPTED_URL - Module: core, Controller: hub, Action: index - IP: ::1 - User: superadmin
[2026-02-02 14:45:23] ENCRYPTED_URL - Module: core, Controller: hub, Action: acceder - IP: ::1 - User: superadmin
[2026-02-02 14:45:23] ENCRYPTED_URL - Module: core, Controller: hub, Action: index - IP: ::1 - User: superadmin
[2026-02-02 14:45:27] ENCRYPTED_URL - Module: core, Controller: auth, Action: logout - IP: ::1 - User: superadmin
[2026-02-02 14:45:28] ENCRYPTED_URL - Module: core, Controller: auth, Action: login - IP: ::1 - User: Guest
[2026-02-02 14:45:37] ENCRYPTED_URL - Module: core, Controller: auth, Action: authenticate - IP: ::1 - User: Guest
[2026-02-02 14:45:38] ENCRYPTED_URL - Module: core, Controller: hub, Action: index - IP: ::1 - User: superadmin
[2026-02-02 14:45:56] ENCRYPTED_URL - Module: core, Controller: hub, Action: acceder - IP: ::1 - User: superadmin
[2026-02-02 14:45:57] ENCRYPTED_URL - Module: core, Controller: hub, Action: index - IP: ::1 - User: superadmin
[2026-02-02 14:49:35] ENCRYPTED_URL - Module: core, Controller: hub, Action: index - IP: ::1 - User: superadmin
[2026-02-02 14:49:38] ENCRYPTED_URL - Module: core, Controller: hub, Action: acceder - IP: ::1 - User: superadmin
[2026-02-02 14:49:38] ENCRYPTED_URL - Module: core, Controller: hub, Action: index - IP: ::1 - User: superadmin
[2026-02-02 14:49:41] ENCRYPTED_URL - Module: core, Controller: hub, Action: acceder - IP: ::1 - User: superadmin
[2026-02-02 14:49:42] ENCRYPTED_URL - Module: core, Controller: hub, Action: index - IP: ::1 - User: superadmin
[2026-02-02 14:51:47] ENCRYPTED_URL - Module: core, Controller: hub, Action: index - IP: ::1 - User: superadmin
[2026-02-02 14:51:50] ENCRYPTED_URL - Module: core, Controller: hub, Action: acceder - IP: ::1 - User: superadmin
[2026-02-02 14:51:50] ENCRYPTED_URL - Module: core, Controller: hub, Action: index - IP: ::1 - User: superadmin
[2026-02-02 14:51:54] ENCRYPTED_URL - Module: core, Controller: auth, Action: logout - IP: ::1 - User: superadmin
[2026-02-02 14:51:54] ENCRYPTED_URL - Module: core, Controller: auth, Action: login - IP: ::1 - User: Guest
[2026-02-02 14:52:07] ENCRYPTED_URL - Module: core, Controller: auth, Action: authenticate - IP: ::1 - User: Guest
[2026-02-02 14:52:24] ENCRYPTED_URL - Module: core, Controller: auth, Action: authenticate - IP: ::1 - User: Guest
[2026-02-02 14:52:42] ENCRYPTED_URL - Module: core, Controller: auth, Action: authenticate - IP: ::1 - User: Guest
[2026-02-02 14:53:12] ENCRYPTED_URL - Module: core, Controller: auth, Action: authenticate - IP: ::1 - User: Guest
[2026-02-02 14:53:31] ENCRYPTED_URL - Module: core, Controller: auth, Action: login - IP: ::1 - User: Guest
[2026-02-02 14:53:45] ENCRYPTED_URL - Module: core, Controller: auth, Action: authenticate - IP: ::1 - User: Guest
[2026-02-02 14:53:45] ENCRYPTED_URL - Module: core, Controller: auth, Action: login - IP: ::1 - User: Guest
[2026-02-02 14:55:01] ENCRYPTED_URL - Module: core, Controller: auth, Action: authenticate - IP: ::1 - User: Guest
[2026-02-02 14:55:01] ENCRYPTED_URL - Module: core, Controller: hub, Action: index - IP: ::1 - User: superadmin
[2026-02-02 14:55:06] ENCRYPTED_URL - Module: core, Controller: hub, Action: acceder - IP: ::1 - User: superadmin
[2026-02-02 14:55:07] ENCRYPTED_URL - Module: core, Controller: hub, Action: index - IP: ::1 - User: superadmin
[2026-02-02 14:57:30] ENCRYPTED_URL - Module: core, Controller: hub, Action: index - IP: ::1 - User: superadmin
[2026-02-02 14:57:33] ENCRYPTED_URL - Module: core, Controller: hub, Action: acceder - IP: ::1 - User: superadmin
[2026-02-02 14:57:34] ENCRYPTED_URL - Module: core, Controller: hub, Action: index - IP: ::1 - User: superadmin
[2026-02-02 14:57:49] ENCRYPTED_URL - Module: core, Controller: hub, Action: acceder - IP: ::1 - User: superadmin
[2026-02-02 14:57:50] ENCRYPTED_URL - Module: core, Controller: hub, Action: index - IP: ::1 - User: superadmin
[2026-02-02 14:58:26] ENCRYPTED_URL - Module: core, Controller: hub, Action: index - IP: ::1 - User: superadmin
[2026-02-02 14:58:29] ENCRYPTED_URL - Module: core, Controller: hub, Action: acceder - IP: ::1 - User: superadmin
[2026-02-02 14:58:29] ENCRYPTED_URL - Module: core, Controller: hub, Action: index - IP: ::1 - User: superadmin
[2026-02-02 15:00:29] ENCRYPTED_URL - Module: core, Controller: hub, Action: index - IP: ::1 - User: superadmin
[2026-02-02 15:00:33] ENCRYPTED_URL - Module: core, Controller: hub, Action: acceder - IP: ::1 - User: superadmin
[2026-02-02 15:00:33] ENCRYPTED_URL - Module: core, Controller: hub, Action: index - IP: ::1 - User: superadmin
[2026-02-02 15:00:57] ENCRYPTED_URL - Module: core, Controller: hub, Action: index - IP: ::1 - User: superadmin
[2026-02-02 15:01:09] ENCRYPTED_URL - Module: core, Controller: hub, Action: acceder - IP: ::1 - User: superadmin
[2026-02-02 15:01:09] ENCRYPTED_URL - Module: core, Controller: hub, Action: index - IP: ::1 - User: superadmin
[2026-02-02 15:11:20] ENCRYPTED_URL - Module: core, Controller: hub, Action: index - IP: ::1 - User: superadmin
[2026-02-02 15:11:23] ENCRYPTED_URL - Module: core, Controller: hub, Action: acceder - IP: ::1 - User: superadmin
[2026-02-02 15:11:23] ENCRYPTED_URL - Module: core, Controller: hub, Action: index - IP: ::1 - User: superadmin
[2026-02-02 15:11:25] ENCRYPTED_URL - Module: core, Controller: auth, Action: logout - IP: ::1 - User: superadmin
[2026-02-02 15:11:26] ENCRYPTED_URL - Module: core, Controller: auth, Action: login - IP: ::1 - User: Guest
[2026-02-02 15:11:39] ENCRYPTED_URL - Module: core, Controller: auth, Action: authenticate - IP: ::1 - User: Guest
[2026-02-02 15:11:39] ENCRYPTED_URL - Module: core, Controller: hub, Action: index - IP: ::1 - User: superadmin
[2026-02-02 15:11:44] ENCRYPTED_URL - Module: core, Controller: hub, Action: acceder - IP: ::1 - User: superadmin
[2026-02-02 15:11:44] ENCRYPTED_URL - Module: core, Controller: hub, Action: index - IP: ::1 - User: superadmin
[2026-02-02 15:16:42] ENCRYPTED_URL - Module: core, Controller: hub, Action: index - IP: ::1 - User: superadmin
[2026-02-02 15:16:45] ENCRYPTED_URL - Module: core, Controller: hub, Action: acceder - IP: ::1 - User: superadmin
[2026-02-02 15:16:46] ENCRYPTED_URL - Module: core, Controller: hub, Action: index - IP: ::1 - User: superadmin
[2026-02-02 15:16:48] ENCRYPTED_URL - Module: core, Controller: auth, Action: logout - IP: ::1 - User: superadmin
[2026-02-02 15:16:48] ENCRYPTED_URL - Module: core, Controller: auth, Action: login - IP: ::1 - User: Guest
[2026-02-02 15:17:00] ENCRYPTED_URL - Module: core, Controller: auth, Action: authenticate - IP: ::1 - User: Guest
[2026-02-02 15:17:00] ENCRYPTED_URL - Module: core, Controller: hub, Action: index - IP: ::1 - User: superadmin
[2026-02-02 15:17:05] ENCRYPTED_URL - Module: core, Controller: hub, Action: acceder - IP: ::1 - User: superadmin
[2026-02-02 15:17:06] ENCRYPTED_URL - Module: core, Controller: hub, Action: index - IP: ::1 - User: superadmin
[2026-02-02 15:18:30] ENCRYPTED_URL - Module: core, Controller: hub, Action: index - IP: ::1 - User: superadmin
[2026-02-02 15:18:32] ENCRYPTED_URL - Module: core, Controller: hub, Action: acceder - IP: ::1 - User: superadmin
[2026-02-02 15:18:32] ENCRYPTED_URL - Module: core, Controller: hub, Action: index - IP: ::1 - User: superadmin
[2026-02-02 15:19:17] ENCRYPTED_URL - Module: core, Controller: hub, Action: index - IP: ::1 - User: superadmin
[2026-02-02 15:19:20] ENCRYPTED_URL - Module: core, Controller: hub, Action: acceder - IP: ::1 - User: superadmin
[2026-02-02 15:19:20] ENCRYPTED_URL - Module: core, Controller: hub, Action: index - IP: ::1 - User: superadmin
[2026-02-02 15:19:23] ENCRYPTED_URL - Module: core, Controller: auth, Action: logout - IP: ::1 - User: superadmin
[2026-02-02 15:19:23] ENCRYPTED_URL - Module: core, Controller: auth, Action: login - IP: ::1 - User: Guest
[2026-02-02 15:19:34] ENCRYPTED_URL - Module: core, Controller: auth, Action: authenticate - IP: ::1 - User: Guest
[2026-02-02 15:19:53] ENCRYPTED_URL - Module: core, Controller: auth, Action: authenticate - IP: ::1 - User: Guest
[2026-02-02 15:21:58] ENCRYPTED_URL - Module: core, Controller: auth, Action: authenticate - IP: ::1 - User: Guest
[2026-02-02 15:23:30] ENCRYPTED_URL - Module: core, Controller: auth, Action: authenticate - IP: ::1 - User: Guest
[2026-02-02 15:23:30] ENCRYPTED_URL - Module: core, Controller: auth, Action: login - IP: ::1 - User: Guest
[2026-02-02 15:23:42] ENCRYPTED_URL - Module: core, Controller: auth, Action: authenticate - IP: ::1 - User: Guest
[2026-02-02 15:23:43] ENCRYPTED_URL - Module: core, Controller: hub, Action: index - IP: ::1 - User: superadmin
[2026-02-02 15:23:47] ENCRYPTED_URL - Module: core, Controller: hub, Action: acceder - IP: ::1 - User: superadmin
[2026-02-02 15:23:48] ENCRYPTED_URL - Module: core, Controller: hub, Action: index - IP: ::1 - User: superadmin
[2026-02-02 15:23:55] ENCRYPTED_URL - Module: core, Controller: hub, Action: acceder - IP: ::1 - User: superadmin
[2026-02-02 15:23:55] ENCRYPTED_URL - Module: core, Controller: hub, Action: index - IP: ::1 - User: superadmin
[2026-02-02 15:30:38] ENCRYPTED_URL - Module: core, Controller: hub, Action: index - IP: ::1 - User: superadmin
[2026-02-02 15:30:44] ENCRYPTED_URL - Module: core, Controller: hub, Action: acceder - IP: ::1 - User: superadmin
[2026-02-02 15:30:45] ENCRYPTED_URL - Module: core, Controller: hub, Action: index - IP: ::1 - User: superadmin
[2026-02-02 15:30:47] ENCRYPTED_URL - Module: core, Controller: auth, Action: logout - IP: ::1 - User: superadmin
[2026-02-02 15:30:48] ENCRYPTED_URL - Module: core, Controller: auth, Action: login - IP: ::1 - User: Guest
[2026-02-02 15:31:00] ENCRYPTED_URL - Module: core, Controller: auth, Action: authenticate - IP: ::1 - User: Guest
[2026-02-02 15:31:01] ENCRYPTED_URL - Module: core, Controller: hub, Action: index - IP: ::1 - User: superadmin
[2026-02-02 15:31:04] ENCRYPTED_URL - Module: core, Controller: hub, Action: acceder - IP: ::1 - User: superadmin
[2026-02-02 15:31:05] ENCRYPTED_URL - Module: core, Controller: hub, Action: index - IP: ::1 - User: superadmin
[2026-02-02 15:31:40] ENCRYPTED_URL - Module: core, Controller: hub, Action: index - IP: ::1 - User: superadmin
[2026-02-02 15:31:44] ENCRYPTED_URL - Module: core, Controller: hub, Action: acceder - IP: ::1 - User: superadmin
[2026-02-02 15:31:44] ENCRYPTED_URL - Module: core, Controller: hub, Action: index - IP: ::1 - User: superadmin
[2026-02-02 15:47:27] ENCRYPTED_URL - Module: core, Controller: hub, Action: index - IP: ::1 - User: superadmin
[2026-02-02 15:47:29] ENCRYPTED_URL - Module: core, Controller: hub, Action: acceder - IP: ::1 - User: superadmin
[2026-02-02 15:47:30] ENCRYPTED_URL - Module: core, Controller: hub, Action: index - IP: ::1 - User: superadmin
[2026-02-02 15:50:54] ENCRYPTED_URL - Module: core, Controller: hub, Action: index - IP: ::1 - User: superadmin
[2026-02-02 15:50:58] ENCRYPTED_URL - Module: core, Controller: hub, Action: acceder - IP: ::1 - User: superadmin
[2026-02-02 15:50:59] ENCRYPTED_URL - Module: core, Controller: hub, Action: index - IP: ::1 - User: superadmin
[2026-02-02 15:51:01] ENCRYPTED_URL - Module: core, Controller: hub, Action: acceder - IP: ::1 - User: superadmin
[2026-02-02 15:51:01] ENCRYPTED_URL - Module: core, Controller: hub, Action: index - IP: ::1 - User: superadmin
[2026-02-02 15:51:03] ENCRYPTED_URL - Module: core, Controller: hub, Action: acceder - IP: ::1 - User: superadmin
[2026-02-02 15:51:04] ENCRYPTED_URL - Module: reportes, Controller: kpi, Action: index - IP: ::1 - User: superadmin
[2026-02-02 15:51:10] ENCRYPTED_URL - Module: core, Controller: hub, Action: acceder - IP: ::1 - User: superadmin
[2026-02-02 15:51:10] ENCRYPTED_URL - Module: instalaciones, Controller: cancha, Action: index - IP: ::1 - User: superadmin
[2026-02-02 15:51:13] ENCRYPTED_URL - Module: core, Controller: dashboard, Action: index - IP: ::1 - User: superadmin
[2026-02-02 15:51:15] ENCRYPTED_URL - Module: core, Controller: dashboard, Action: index - IP: ::1 - User: superadmin
[2026-02-02 15:51:18] ENCRYPTED_URL - Module: instalaciones, Controller: Dashboard, Action: index - IP: ::1 - User: superadmin
[2026-02-02 15:51:22] ENCRYPTED_URL - Module: core, Controller: hub, Action: index - IP: ::1 - User: superadmin
[2026-02-02 15:51:26] ENCRYPTED_URL - Module: core, Controller: hub, Action: acceder - IP: ::1 - User: superadmin
[2026-02-02 15:51:26] ENCRYPTED_URL - Module: core, Controller: hub, Action: index - IP: ::1 - User: superadmin
[2026-02-02 15:51:31] ENCRYPTED_URL - Module: core, Controller: hub, Action: acceder - IP: ::1 - User: superadmin
[2026-02-02 15:51:31] ENCRYPTED_URL - Module: core, Controller: hub, Action: index - IP: ::1 - User: superadmin
[2026-02-02 15:52:12] ENCRYPTED_URL - Module: core, Controller: hub, Action: acceder - IP: ::1 - User: superadmin
[2026-02-02 15:52:12] ENCRYPTED_URL - Module: core, Controller: hub, Action: index - IP: ::1 - User: superadmin
[2026-02-02 15:52:16] ENCRYPTED_URL - Module: core, Controller: hub, Action: acceder - IP: ::1 - User: superadmin
[2026-02-02 15:52:16] ENCRYPTED_URL - Module: core, Controller: hub, Action: index - IP: ::1 - User: superadmin
[2026-02-02 15:52:19] ENCRYPTED_URL - Module: core, Controller: hub, Action: acceder - IP: ::1 - User: superadmin
[2026-02-02 15:52:19] ENCRYPTED_URL - Module: core, Controller: hub, Action: index - IP: ::1 - User: superadmin
[2026-02-02 15:52:22] ENCRYPTED_URL - Module: core, Controller: hub, Action: acceder - IP: ::1 - User: superadmin
[2026-02-02 15:52:22] ENCRYPTED_URL - Module: core, Controller: hub, Action: index - IP: ::1 - User: superadmin
[2026-02-02 15:52:26] ENCRYPTED_URL - Module: core, Controller: hub, Action: acceder - IP: ::1 - User: superadmin
[2026-02-02 15:52:27] ENCRYPTED_URL - Module: core, Controller: hub, Action: index - IP: ::1 - User: superadmin
[2026-02-02 15:52:30] ENCRYPTED_URL - Module: core, Controller: hub, Action: acceder - IP: ::1 - User: superadmin
[2026-02-02 15:52:30] ENCRYPTED_URL - Module: core, Controller: hub, Action: index - IP: ::1 - User: superadmin
[2026-02-02 15:52:32] ENCRYPTED_URL - Module: core, Controller: hub, Action: acceder - IP: ::1 - User: superadmin
[2026-02-02 15:52:33] ENCRYPTED_URL - Module: core, Controller: hub, Action: index - IP: ::1 - User: superadmin
[2026-02-02 15:52:34] ENCRYPTED_URL - Module: core, Controller: hub, Action: acceder - IP: ::1 - User: superadmin
[2026-02-02 15:52:34] ENCRYPTED_URL - Module: instalaciones, Controller: cancha, Action: index - IP: ::1 - User: superadmin
[2026-02-02 15:52:38] ENCRYPTED_URL - Module: core, Controller: dashboard, Action: index - IP: ::1 - User: superadmin
[2026-02-02 15:52:40] ENCRYPTED_URL - Module: core, Controller: dashboard, Action: index - IP: ::1 - User: superadmin
[2026-02-02 15:52:43] ENCRYPTED_URL - Module: core, Controller: dashboard, Action: index - IP: ::1 - User: superadmin
[2026-02-02 15:52:44] ENCRYPTED_URL - Module: core, Controller: hub, Action: index - IP: ::1 - User: superadmin
[2026-02-02 15:52:47] ENCRYPTED_URL - Module: core, Controller: hub, Action: acceder - IP: ::1 - User: superadmin
[2026-02-02 15:52:47] ENCRYPTED_URL - Module: /seguridad, Controller: dashboard, Action: index - IP: ::1 - User: superadmin
[2026-02-02 15:55:39] ENCRYPTED_URL - Module: /seguridad, Controller: dashboard, Action: index - IP: ::1 - User: superadmin
[2026-02-02 15:55:42] ENCRYPTED_URL - Module: core, Controller: hub, Action: index - IP: ::1 - User: superadmin
[2026-02-02 15:55:46] ENCRYPTED_URL - Module: core, Controller: hub, Action: index - IP: ::1 - User: superadmin
[2026-02-02 15:55:52] ENCRYPTED_URL - Module: core, Controller: hub, Action: acceder - IP: ::1 - User: superadmin
[2026-02-02 15:55:52] ENCRYPTED_URL - Module: seguridad, Controller: dashboard, Action: index - IP: ::1 - User: superadmin
[2026-02-02 15:55:57] ENCRYPTED_URL - Module: seguridad, Controller: modulo, Action: index - IP: ::1 - User: superadmin
[2026-02-02 15:56:41] ENCRYPTED_URL - Module: seguridad, Controller: dashboard, Action: index - IP: ::1 - User: superadmin
[2026-02-02 15:56:46] ENCRYPTED_URL - Module: seguridad, Controller: modulo, Action: index - IP: ::1 - User: superadmin
[2026-02-02 15:56:49] ENCRYPTED_URL - Module: seguridad, Controller: modulo, Action: index - IP: ::1 - User: superadmin
[2026-02-02 15:56:55] ENCRYPTED_URL - Module: seguridad, Controller: tenant, Action: index - IP: ::1 - User: superadmin
[2026-02-02 15:57:00] ENCRYPTED_URL - Module: seguridad, Controller: tenant, Action: ver - IP: ::1 - User: superadmin
[2026-02-02 15:57:10] ENCRYPTED_URL - Module: core, Controller: hub, Action: index - IP: ::1 - User: superadmin
[2026-02-02 15:57:14] ENCRYPTED_URL - Module: core, Controller: hub, Action: acceder - IP: ::1 - User: superadmin
[2026-02-02 15:57:14] ENCRYPTED_URL - Module: core, Controller: hub, Action: index - IP: ::1 - User: superadmin
[2026-02-02 15:57:21] ENCRYPTED_URL - Module: core, Controller: hub, Action: acceder - IP: ::1 - User: superadmin
[2026-02-02 15:57:22] ENCRYPTED_URL - Module: core, Controller: hub, Action: index - IP: ::1 - User: superadmin
[2026-02-02 15:57:24] ENCRYPTED_URL - Module: core, Controller: hub, Action: acceder - IP: ::1 - User: superadmin
[2026-02-02 15:57:25] ENCRYPTED_URL - Module: seguridad, Controller: dashboard, Action: index - IP: ::1 - User: superadmin
[2026-02-02 15:57:32] ENCRYPTED_URL - Module: seguridad, Controller: tenant, Action: index - IP: ::1 - User: superadmin
[2026-02-02 15:57:35] ENCRYPTED_URL - Module: seguridad, Controller: tenant, Action: index - IP: ::1 - User: superadmin
[2026-02-02 15:57:43] ENCRYPTED_URL - Module: seguridad, Controller: tenant, Action: editar - IP: ::1 - User: superadmin
[2026-02-02 15:59:11] ENCRYPTED_URL - Module: seguridad, Controller: tenant, Action: actualizar - IP: ::1 - User: superadmin
[2026-02-02 15:59:18] ENCRYPTED_URL - Module: seguridad, Controller: asignacion, Action: modulos - IP: ::1 - User: superadmin
[2026-02-02 15:59:42] ENCRYPTED_URL - Module: seguridad, Controller: tenant, Action: ver - IP: ::1 - User: superadmin
[2026-02-02 16:02:22] ENCRYPTED_URL - Module: core, Controller: hub, Action: index - IP: ::1 - User: superadmin
[2026-02-02 16:02:25] ENCRYPTED_URL - Module: core, Controller: hub, Action: acceder - IP: ::1 - User: superadmin
[2026-02-02 16:02:25] ENCRYPTED_URL - Module: core, Controller: hub, Action: index - IP: ::1 - User: superadmin
[2026-02-02 16:02:34] ENCRYPTED_URL - Module: core, Controller: hub, Action: acceder - IP: ::1 - User: superadmin
[2026-02-02 16:02:35] ENCRYPTED_URL - Module: core, Controller: hub, Action: index - IP: ::1 - User: superadmin
[2026-02-02 16:02:42] ENCRYPTED_URL - Module: core, Controller: hub, Action: acceder - IP: ::1 - User: superadmin
[2026-02-02 16:02:43] ENCRYPTED_URL - Module: seguridad, Controller: dashboard, Action: index - IP: ::1 - User: superadmin
[2026-02-02 16:02:46] ENCRYPTED_URL - Module: seguridad, Controller: tenant, Action: index - IP: ::1 - User: superadmin
[2026-02-02 16:02:51] ENCRYPTED_URL - Module: seguridad, Controller: modulo, Action: index - IP: ::1 - User: superadmin
[2026-02-02 16:02:55] ENCRYPTED_URL - Module: seguridad, Controller: modulo, Action: editar - IP: ::1 - User: superadmin
[2026-02-02 16:03:01] ENCRYPTED_URL - Module: seguridad, Controller: modulo, Action: index - IP: ::1 - User: superadmin
[2026-02-02 16:03:06] ENCRYPTED_URL - Module: seguridad, Controller: modulo, Action: editar - IP: ::1 - User: superadmin
[2026-02-02 16:03:35] ENCRYPTED_URL - Module: seguridad, Controller: tenant, Action: index - IP: ::1 - User: superadmin
[2026-02-02 16:03:38] ENCRYPTED_URL - Module: core, Controller: hub, Action: index - IP: ::1 - User: superadmin
[2026-02-02 16:03:41] ENCRYPTED_URL - Module: core, Controller: hub, Action: acceder - IP: ::1 - User: superadmin
[2026-02-02 16:03:41] ENCRYPTED_URL - Module: core, Controller: hub, Action: index - IP: ::1 - User: superadmin
[2026-02-02 16:03:49] ENCRYPTED_URL - Module: core, Controller: hub, Action: acceder - IP: ::1 - User: superadmin
[2026-02-02 16:03:50] ENCRYPTED_URL - Module: core, Controller: hub, Action: index - IP: ::1 - User: superadmin
[2026-02-02 16:03:53] ENCRYPTED_URL - Module: core, Controller: hub, Action: acceder - IP: ::1 - User: superadmin
[2026-02-02 16:03:53] ENCRYPTED_URL - Module: core, Controller: hub, Action: index - IP: ::1 - User: superadmin
[2026-02-02 16:06:31] ENCRYPTED_URL - Module: core, Controller: hub, Action: index - IP: ::1 - User: superadmin
[2026-02-02 16:06:35] ENCRYPTED_URL - Module: core, Controller: hub, Action: acceder - IP: ::1 - User: superadmin
[2026-02-02 16:06:35] ENCRYPTED_URL - Module: futbol, Controller: dashboard, Action: index - IP: ::1 - User: superadmin
[2026-02-02 16:06:41] ENCRYPTED_URL - Module: core, Controller: hub, Action: index - IP: ::1 - User: superadmin
[2026-02-02 16:06:44] ENCRYPTED_URL - Module: core, Controller: hub, Action: acceder - IP: ::1 - User: superadmin
[2026-02-02 16:06:44] ENCRYPTED_URL - Module: core, Controller: hub, Action: index - IP: ::1 - User: superadmin
[2026-02-02 16:06:49] ENCRYPTED_URL - Module: core, Controller: hub, Action: acceder - IP: ::1 - User: superadmin
[2026-02-02 16:06:49] ENCRYPTED_URL - Module: seguridad, Controller: dashboard, Action: index - IP: ::1 - User: superadmin
[2026-02-02 16:17:11] ENCRYPTED_URL - Module: seguridad, Controller: dashboard, Action: index - IP: ::1 - User: superadmin
[2026-02-02 16:17:51] ENCRYPTED_URL - Module: core, Controller: hub, Action: index - IP: ::1 - User: superadmin
[2026-02-02 16:17:56] ENCRYPTED_URL - Module: core, Controller: hub, Action: acceder - IP: ::1 - User: superadmin
[2026-02-02 16:17:57] ENCRYPTED_URL - Module: core, Controller: hub, Action: index - IP: ::1 - User: superadmin
[2026-02-02 16:18:04] ENCRYPTED_URL - Module: core, Controller: hub, Action: acceder - IP: ::1 - User: superadmin
[2026-02-02 16:18:05] ENCRYPTED_URL - Module: futbol, Controller: dashboard, Action: index - IP: ::1 - User: superadmin
[2026-02-02 16:18:06] ENCRYPTED_URL - Module: core, Controller: hub, Action: index - IP: ::1 - User: superadmin
[2026-02-02 16:18:09] ENCRYPTED_URL - Module: core, Controller: hub, Action: acceder - IP: ::1 - User: superadmin
[2026-02-02 16:18:09] ENCRYPTED_URL - Module: core, Controller: hub, Action: index - IP: ::1 - User: superadmin
[2026-02-02 16:18:12] ENCRYPTED_URL - Module: core, Controller: hub, Action: acceder - IP: ::1 - User: superadmin
[2026-02-02 16:18:13] ENCRYPTED_URL - Module: seguridad, Controller: dashboard, Action: index - IP: ::1 - User: superadmin
[2026-02-02 16:18:16] ENCRYPTED_URL - Module: seguridad, Controller: modulo, Action: index - IP: ::1 - User: superadmin
[2026-02-02 16:18:20] ENCRYPTED_URL - Module: seguridad, Controller: asignacion, Action: modulos - IP: ::1 - User: superadmin
[2026-02-02 16:18:24] ENCRYPTED_URL - Module: seguridad, Controller: modulo, Action: index - IP: ::1 - User: superadmin
[2026-02-02 16:18:59] ENCRYPTED_URL - Module: core, Controller: hub, Action: index - IP: ::1 - User: superadmin
[2026-02-02 16:19:12] ENCRYPTED_URL - Module: core, Controller: hub, Action: acceder - IP: ::1 - User: superadmin
[2026-02-02 16:19:13] ENCRYPTED_URL - Module: /digibasket/, Controller: futbol/DashboardController, Action: index - IP: ::1 - User: superadmin
[2026-02-02 16:20:42] ENCRYPTED_URL - Module: /digibasket/, Controller: futbol/DashboardController, Action: index - IP: ::1 - User: superadmin
[2026-02-02 16:21:47] ENCRYPTED_URL - Module: core, Controller: hub, Action: index - IP: ::1 - User: superadmin
[2026-02-02 16:27:06] ENCRYPTED_URL - Module: core, Controller: hub, Action: index - IP: ::1 - User: superadmin
[2026-02-02 16:27:12] ENCRYPTED_URL - Module: core, Controller: hub, Action: acceder - IP: ::1 - User: superadmin
[2026-02-02 16:27:12] ENCRYPTED_URL - Module: seguridad, Controller: dashboard, Action: index - IP: ::1 - User: superadmin
[2026-02-02 16:27:15] ENCRYPTED_URL - Module: core, Controller: hub, Action: index - IP: ::1 - User: superadmin
[2026-02-02 16:27:18] ENCRYPTED_URL - Module: core, Controller: hub, Action: acceder - IP: ::1 - User: superadmin
[2026-02-02 16:27:19] ENCRYPTED_URL - Module: futbol, Controller: dashboard, Action: index - IP: ::1 - User: superadmin
[2026-02-02 16:27:42] ENCRYPTED_URL - Module: core, Controller: hub, Action: index - IP: ::1 - User: superadmin
[2026-02-02 16:27:44] ENCRYPTED_URL - Module: core, Controller: hub, Action: acceder - IP: ::1 - User: superadmin
[2026-02-02 16:27:44] ENCRYPTED_URL - Module: futbol, Controller: dashboard, Action: index - IP: ::1 - User: superadmin
[2026-02-02 16:27:48] ENCRYPTED_URL - Module: core, Controller: hub, Action: index - IP: ::1 - User: superadmin
[2026-02-02 16:27:50] ENCRYPTED_URL - Module: core, Controller: hub, Action: acceder - IP: ::1 - User: superadmin
[2026-02-02 16:27:51] ENCRYPTED_URL - Module: seguridad, Controller: dashboard, Action: index - IP: ::1 - User: superadmin
[2026-02-02 16:27:58] ENCRYPTED_URL - Module: seguridad, Controller: tenant, Action: index - IP: ::1 - User: superadmin
[2026-02-02 16:28:00] ENCRYPTED_URL - Module: seguridad, Controller: tenant, Action: index - IP: ::1 - User: superadmin
[2026-02-02 16:28:13] ENCRYPTED_URL - Module: seguridad, Controller: tenant, Action: ver - IP: ::1 - User: superadmin
[2026-02-02 16:28:16] ENCRYPTED_URL - Module: core, Controller: hub, Action: index - IP: ::1 - User: superadmin
[2026-02-02 16:28:19] ENCRYPTED_URL - Module: core, Controller: hub, Action: acceder - IP: ::1 - User: superadmin
[2026-02-02 16:28:20] ENCRYPTED_URL - Module: core, Controller: hub, Action: index - IP: ::1 - User: superadmin
[2026-02-02 16:28:55] ENCRYPTED_URL - Module: core, Controller: hub, Action: acceder - IP: ::1 - User: superadmin
[2026-02-02 16:28:56] ENCRYPTED_URL - Module: futbol, Controller: dashboard, Action: index - IP: ::1 - User: superadmin
[2026-02-02 16:28:58] ENCRYPTED_URL - Module: core, Controller: hub, Action: index - IP: ::1 - User: superadmin
[2026-02-02 16:29:01] ENCRYPTED_URL - Module: core, Controller: hub, Action: acceder - IP: ::1 - User: superadmin
[2026-02-02 16:29:01] ENCRYPTED_URL - Module: core, Controller: hub, Action: index - IP: ::1 - User: superadmin
[2026-02-02 16:30:21] ENCRYPTED_URL - Module: core, Controller: hub, Action: index - IP: ::1 - User: superadmin
[2026-02-02 16:30:31] ENCRYPTED_URL - Module: core, Controller: hub, Action: acceder - IP: ::1 - User: superadmin
[2026-02-02 16:30:32] ENCRYPTED_URL - Module: /digibasket/, Controller: basket/DashboardController, Action: index - IP: ::1 - User: superadmin
[2026-02-02 16:33:05] ENCRYPTED_URL - Module: /digibasket/, Controller: basket/DashboardController, Action: index - IP: ::1 - User: superadmin
[2026-02-02 16:33:55] ENCRYPTED_URL - Module: /digibasket/, Controller: basket/DashboardController, Action: index - IP: ::1 - User: superadmin
[2026-02-02 16:35:46] ENCRYPTED_URL - Module: /digibasket/, Controller: basket/DashboardController, Action: index - IP: ::1 - User: superadmin
[2026-02-02 16:37:26] ENCRYPTED_URL - Module: /digibasket/, Controller: basket/DashboardController, Action: index - IP: ::1 - User: superadmin
[2026-02-02 16:37:27] ENCRYPTED_URL - Module: core, Controller: hub, Action: index - IP: ::1 - User: superadmin
[2026-02-02 16:37:28] ENCRYPTED_URL - Module: core, Controller: hub, Action: index - IP: ::1 - User: superadmin
[2026-02-02 16:37:30] ENCRYPTED_URL - Module: core, Controller: hub, Action: index - IP: ::1 - User: superadmin
[2026-02-02 16:37:32] ENCRYPTED_URL - Module: core, Controller: hub, Action: acceder - IP: ::1 - User: superadmin
[2026-02-02 16:37:33] ENCRYPTED_URL - Module: futbol, Controller: dashboard, Action: index - IP: ::1 - User: superadmin
[2026-02-02 16:37:35] ENCRYPTED_URL - Module: core, Controller: hub, Action: index - IP: ::1 - User: superadmin
[2026-02-02 16:37:37] ENCRYPTED_URL - Module: core, Controller: hub, Action: acceder - IP: ::1 - User: superadmin
[2026-02-02 16:37:38] ENCRYPTED_URL - Module: core, Controller: hub, Action: index - IP: ::1 - User: superadmin
[2026-02-02 16:37:41] ENCRYPTED_URL - Module: core, Controller: hub, Action: acceder - IP: ::1 - User: superadmin
[2026-02-02 16:37:41] ENCRYPTED_URL - Module: /basket/, Controller: DashboardController, Action: index - IP: ::1 - User: superadmin
[2026-02-02 17:17:45] GET_PARAMS - Module: core, Controller: Auth, Action: login - IP: ::1 - User: Guest
[2026-02-02 17:18:01] ENCRYPTED_URL - Module: core, Controller: auth, Action: authenticate - IP: ::1 - User: Guest
[2026-02-02 17:18:02] ENCRYPTED_URL - Module: core, Controller: hub, Action: index - IP: ::1 - User: superadmin
[2026-02-02 17:18:06] ENCRYPTED_URL - Module: core, Controller: hub, Action: acceder - IP: ::1 - User: superadmin
[2026-02-02 17:18:06] ENCRYPTED_URL - Module: futbol, Controller: dashboard, Action: index - IP: ::1 - User: superadmin
[2026-02-02 17:18:09] ENCRYPTED_URL - Module: core, Controller: hub, Action: index - IP: ::1 - User: superadmin
[2026-02-02 17:18:13] ENCRYPTED_URL - Module: core, Controller: hub, Action: acceder - IP: ::1 - User: superadmin
[2026-02-02 17:18:13] ENCRYPTED_URL - Module: basket, Controller: dashboard, Action: index - IP: ::1 - User: superadmin
[2026-02-02 17:18:19] ENCRYPTED_URL - Module: core, Controller: hub, Action: index - IP: ::1 - User: superadmin
[2026-02-02 17:18:22] ENCRYPTED_URL - Module: core, Controller: hub, Action: acceder - IP: ::1 - User: superadmin
[2026-02-02 17:18:22] ENCRYPTED_URL - Module: seguridad, Controller: dashboard, Action: index - IP: ::1 - User: superadmin
[2026-02-02 17:18:25] ENCRYPTED_URL - Module: core, Controller: hub, Action: index - IP: ::1 - User: superadmin
[2026-02-02 17:18:31] ENCRYPTED_URL - Module: core, Controller: hub, Action: acceder - IP: ::1 - User: superadmin
[2026-02-02 17:18:31] ENCRYPTED_URL - Module: core, Controller: hub, Action: index - IP: ::1 - User: superadmin
[2026-02-02 17:18:35] ENCRYPTED_URL - Module: core, Controller: hub, Action: acceder - IP: ::1 - User: superadmin
[2026-02-02 17:18:36] ENCRYPTED_URL - Module: seguridad, Controller: dashboard, Action: index - IP: ::1 - User: superadmin
[2026-02-02 17:19:22] ENCRYPTED_URL - Module: core, Controller: hub, Action: index - IP: ::1 - User: superadmin
[2026-02-02 17:47:00] ENCRYPTED_URL - Module: core, Controller: hub, Action: index - IP: ::1 - User: superadmin
[2026-02-02 17:47:13] ENCRYPTED_URL - Module: core, Controller: hub, Action: acceder - IP: ::1 - User: superadmin
[2026-02-02 17:47:14] ENCRYPTED_URL - Module: seguridad, Controller: dashboard, Action: index - IP: ::1 - User: superadmin
[2026-02-02 17:47:16] ENCRYPTED_URL - Module: seguridad, Controller: modulo, Action: index - IP: ::1 - User: superadmin
[2026-02-02 17:47:43] ENCRYPTED_URL - Module: seguridad, Controller: modulo, Action: editar - IP: ::1 - User: superadmin
[2026-02-02 17:48:24] ENCRYPTED_URL - Module: seguridad, Controller: modulo, Action: editar - IP: ::1 - User: superadmin
[2026-02-02 17:48:25] ENCRYPTED_URL - Module: seguridad, Controller: modulo, Action: index - IP: ::1 - User: superadmin
[2026-02-02 17:48:35] ENCRYPTED_URL - Module: core, Controller: hub, Action: index - IP: ::1 - User: superadmin
[2026-02-02 17:49:28] ENCRYPTED_URL - Module: core, Controller: hub, Action: acceder - IP: ::1 - User: superadmin
[2026-02-02 17:49:29] ENCRYPTED_URL - Module: seguridad, Controller: dashboard, Action: index - IP: ::1 - User: superadmin
[2026-02-02 17:49:34] ENCRYPTED_URL - Module: seguridad, Controller: tenant, Action: index - IP: ::1 - User: superadmin
[2026-02-02 17:49:38] ENCRYPTED_URL - Module: seguridad, Controller: tenant, Action: ver - IP: ::1 - User: superadmin
[2026-02-02 17:49:46] ENCRYPTED_URL - Module: seguridad, Controller: tenant, Action: index - IP: ::1 - User: superadmin
[2026-02-02 17:49:51] ENCRYPTED_URL - Module: seguridad, Controller: tenant, Action: ver - IP: ::1 - User: superadmin
[2026-02-02 17:53:45] ENCRYPTED_URL - Module: seguridad, Controller: usuario, Action: crear - IP: ::1 - User: superadmin
[2026-02-02 17:53:48] ENCRYPTED_URL - Module: seguridad, Controller: tenant, Action: ver - IP: ::1 - User: superadmin
[2026-02-02 17:53:55] ENCRYPTED_URL - Module: seguridad, Controller: tenant, Action: editar - IP: ::1 - User: superadmin
[2026-02-02 17:54:12] ENCRYPTED_URL - Module: seguridad, Controller: tenant, Action: index - IP: ::1 - User: superadmin
[2026-02-02 17:54:15] ENCRYPTED_URL - Module: seguridad, Controller: tenant, Action: ver - IP: ::1 - User: superadmin
[2026-02-02 17:54:19] ENCRYPTED_URL - Module: seguridad, Controller: tenant, Action: ver - IP: ::1 - User: superadmin
[2026-02-02 17:59:21] ENCRYPTED_URL - Module: seguridad, Controller: tenant, Action: ver - IP: ::1 - User: superadmin
[2026-02-02 18:00:27] ENCRYPTED_URL - Module: seguridad, Controller: tenant, Action: ver - IP: ::1 - User: superadmin
[2026-02-02 18:00:29] ENCRYPTED_URL - Module: seguridad, Controller: tenant, Action: ver - IP: ::1 - User: superadmin
[2026-02-02 18:02:28] ENCRYPTED_URL - Module: seguridad, Controller: tenant, Action: ver - IP: ::1 - User: superadmin
[2026-02-02 20:12:55] GET_PARAMS - Module: core, Controller: Auth, Action: login - IP: ::1 - User: Guest
[2026-02-02 20:13:07] ENCRYPTED_URL - Module: core, Controller: auth, Action: authenticate - IP: ::1 - User: Guest
[2026-02-02 20:13:07] ENCRYPTED_URL - Module: core, Controller: auth, Action: login - IP: ::1 - User: Guest
[2026-02-02 20:13:22] ENCRYPTED_URL - Module: core, Controller: auth, Action: authenticate - IP: ::1 - User: Guest
[2026-02-02 20:13:23] ENCRYPTED_URL - Module: core, Controller: hub, Action: index - IP: ::1 - User: superadmin
[2026-02-02 20:13:29] ENCRYPTED_URL - Module: core, Controller: hub, Action: acceder - IP: ::1 - User: superadmin
[2026-02-02 20:13:30] ENCRYPTED_URL - Module: seguridad, Controller: dashboard, Action: index - IP: ::1 - User: superadmin
[2026-02-02 20:13:35] ENCRYPTED_URL - Module: core, Controller: hub, Action: index - IP: ::1 - User: superadmin
[2026-02-02 20:13:40] ENCRYPTED_URL - Module: core, Controller: hub, Action: acceder - IP: ::1 - User: superadmin
[2026-02-02 20:13:40] ENCRYPTED_URL - Module: core, Controller: hub, Action: index - IP: ::1 - User: superadmin
[2026-02-02 20:13:46] ENCRYPTED_URL - Module: core, Controller: hub, Action: acceder - IP: ::1 - User: superadmin
[2026-02-02 20:13:46] ENCRYPTED_URL - Module: basket, Controller: dashboard, Action: index - IP: ::1 - User: superadmin
[2026-02-02 20:13:57] ENCRYPTED_URL - Module: core, Controller: hub, Action: index - IP: ::1 - User: superadmin
[2026-02-02 20:14:01] ENCRYPTED_URL - Module: core, Controller: hub, Action: acceder - IP: ::1 - User: superadmin
[2026-02-02 20:14:02] ENCRYPTED_URL - Module: seguridad, Controller: dashboard, Action: index - IP: ::1 - User: superadmin
[2026-02-02 20:14:16] ENCRYPTED_URL - Module: seguridad, Controller: tenant, Action: index - IP: ::1 - User: superadmin
[2026-02-02 20:14:18] ENCRYPTED_URL - Module: seguridad, Controller: tenant, Action: editar - IP: ::1 - User: superadmin
[2026-02-02 20:14:26] ENCRYPTED_URL - Module: seguridad, Controller: tenant, Action: actualizar - IP: ::1 - User: superadmin
[2026-02-02 20:14:33] ENCRYPTED_URL - Module: core, Controller: hub, Action: index - IP: ::1 - User: superadmin
[2026-02-02 20:14:36] ENCRYPTED_URL - Module: core, Controller: hub, Action: acceder - IP: ::1 - User: superadmin
[2026-02-02 20:14:36] ENCRYPTED_URL - Module: core, Controller: hub, Action: index - IP: ::1 - User: superadmin
[2026-02-02 20:14:40] ENCRYPTED_URL - Module: core, Controller: hub, Action: acceder - IP: ::1 - User: superadmin
[2026-02-02 20:14:41] ENCRYPTED_URL - Module: core, Controller: hub, Action: index - IP: ::1 - User: superadmin
[2026-02-02 20:20:12] ENCRYPTED_URL - Module: core, Controller: hub, Action: index - IP: ::1 - User: superadmin
[2026-02-02 20:20:15] ENCRYPTED_URL - Module: core, Controller: hub, Action: acceder - IP: ::1 - User: superadmin
[2026-02-02 20:20:16] ENCRYPTED_URL - Module: core, Controller: hub, Action: index - IP: ::1 - User: superadmin
[2026-02-02 20:20:21] ENCRYPTED_URL - Module: core, Controller: hub, Action: acceder - IP: ::1 - User: superadmin
[2026-02-02 20:20:21] ENCRYPTED_URL - Module: core, Controller: hub, Action: index - IP: ::1 - User: superadmin
[2026-02-02 20:20:25] ENCRYPTED_URL - Module: core, Controller: hub, Action: acceder - IP: ::1 - User: superadmin
[2026-02-02 20:20:26] ENCRYPTED_URL - Module: seguridad, Controller: dashboard, Action: index - IP: ::1 - User: superadmin
[2026-02-02 20:20:32] ENCRYPTED_URL - Module: seguridad, Controller: tenant, Action: index - IP: ::1 - User: superadmin
[2026-02-02 20:20:42] ENCRYPTED_URL - Module: seguridad, Controller: tenant, Action: ver - IP: ::1 - User: superadmin
[2026-02-02 20:20:53] ENCRYPTED_URL - Module: seguridad, Controller: tenant, Action: index - IP: ::1 - User: superadmin
[2026-02-02 20:20:56] ENCRYPTED_URL - Module: seguridad, Controller: tenant, Action: editar - IP: ::1 - User: superadmin
[2026-02-02 20:21:00] ENCRYPTED_URL - Module: seguridad, Controller: tenant, Action: actualizar - IP: ::1 - User: superadmin
[2026-02-02 20:21:07] ENCRYPTED_URL - Module: seguridad, Controller: tenant, Action: index - IP: ::1 - User: superadmin
[2026-02-02 20:21:10] ENCRYPTED_URL - Module: core, Controller: hub, Action: index - IP: ::1 - User: superadmin
[2026-02-02 20:21:13] ENCRYPTED_URL - Module: core, Controller: hub, Action: acceder - IP: ::1 - User: superadmin
[2026-02-02 20:21:13] ENCRYPTED_URL - Module: core, Controller: hub, Action: index - IP: ::1 - User: superadmin
[2026-02-02 20:32:49] ENCRYPTED_URL - Module: core, Controller: hub, Action: acceder - IP: ::1 - User: superadmin
[2026-02-02 20:32:50] ENCRYPTED_URL - Module: seguridad, Controller: dashboard, Action: index - IP: ::1 - User: superadmin
[2026-02-02 20:35:54] ENCRYPTED_URL - Module: seguridad, Controller: tenant, Action: index - IP: ::1 - User: superadmin
[2026-02-02 20:35:57] ENCRYPTED_URL - Module: seguridad, Controller: tenant, Action: editar - IP: ::1 - User: superadmin
[2026-02-02 20:37:42] ENCRYPTED_URL - Module: core, Controller: hub, Action: index - IP: ::1 - User: superadmin
[2026-02-02 20:37:44] ENCRYPTED_URL - Module: core, Controller: hub, Action: acceder - IP: ::1 - User: superadmin
[2026-02-02 20:37:44] ENCRYPTED_URL - Module: core, Controller: hub, Action: index - IP: ::1 - User: superadmin
[2026-02-02 20:38:53] ENCRYPTED_URL - Module: core, Controller: hub, Action: acceder - IP: ::1 - User: superadmin
[2026-02-02 20:38:54] ENCRYPTED_URL - Module: core, Controller: hub, Action: index - IP: ::1 - User: superadmin
[2026-02-02 20:38:57] ENCRYPTED_URL - Module: core, Controller: hub, Action: acceder - IP: ::1 - User: superadmin
[2026-02-02 20:38:58] ENCRYPTED_URL - Module: seguridad, Controller: dashboard, Action: index - IP: ::1 - User: superadmin
[2026-02-02 20:39:01] ENCRYPTED_URL - Module: core, Controller: hub, Action: index - IP: ::1 - User: superadmin
[2026-02-02 20:39:04] ENCRYPTED_URL - Module: core, Controller: hub, Action: acceder - IP: ::1 - User: superadmin
[2026-02-02 20:39:04] ENCRYPTED_URL - Module: core, Controller: hub, Action: index - IP: ::1 - User: superadmin
[2026-02-02 20:39:30] ENCRYPTED_URL - Module: core, Controller: hub, Action: index - IP: ::1 - User: superadmin
[2026-02-02 20:39:39] ENCRYPTED_URL - Module: seguridad, Controller: tenant, Action: index - IP: ::1 - User: superadmin
[2026-02-02 20:39:42] ENCRYPTED_URL - Module: seguridad, Controller: tenant, Action: editar - IP: ::1 - User: superadmin
[2026-02-02 20:53:05] ENCRYPTED_URL - Module: seguridad, Controller: tenant, Action: editar - IP: ::1 - User: superadmin
[2026-02-02 20:53:48] ENCRYPTED_URL - Module: core, Controller: hub, Action: index - IP: ::1 - User: superadmin
[2026-02-02 20:56:13] ENCRYPTED_URL - Module: seguridad, Controller: tenant, Action: editar - IP: ::1 - User: superadmin
[2026-02-02 20:57:15] ENCRYPTED_URL - Module: seguridad, Controller: tenant, Action: editar - IP: ::1 - User: superadmin
[2026-02-02 21:04:22] ENCRYPTED_URL - Module: seguridad, Controller: tenant, Action: editar - IP: ::1 - User: superadmin
[2026-02-02 21:13:57] ENCRYPTED_URL - Module: seguridad, Controller: tenant, Action: editar - IP: ::1 - User: superadmin
[2026-02-02 21:15:07] ENCRYPTED_URL - Module: seguridad, Controller: tenant, Action: editar - IP: ::1 - User: superadmin
[2026-02-02 21:15:20] ENCRYPTED_URL - Module: core, Controller: hub, Action: index - IP: ::1 - User: superadmin
[2026-02-02 21:15:32] ENCRYPTED_URL - Module: seguridad, Controller: tenant, Action: editar - IP: ::1 - User: superadmin
[2026-02-02 21:16:21] ENCRYPTED_URL - Module: seguridad, Controller: tenant, Action: editar - IP: ::1 - User: superadmin
[2026-02-02 21:16:38] ENCRYPTED_URL - Module: seguridad, Controller: modulo, Action: index - IP: ::1 - User: superadmin
[2026-02-02 21:16:52] ENCRYPTED_URL - Module: seguridad, Controller: modulo, Action: index - IP: ::1 - User: superadmin
[2026-02-02 21:17:04] ENCRYPTED_URL - Module: seguridad, Controller: modulo, Action: iconos - IP: ::1 - User: superadmin
[2026-02-02 21:17:16] ENCRYPTED_URL - Module: seguridad, Controller: modulo, Action: index - IP: ::1 - User: superadmin
[2026-02-02 21:17:21] ENCRYPTED_URL - Module: seguridad, Controller: modulo, Action: editar - IP: ::1 - User: superadmin
[2026-02-02 21:19:57] ENCRYPTED_URL - Module: seguridad, Controller: modulo, Action: index - IP: ::1 - User: superadmin
[2026-02-02 21:20:17] ENCRYPTED_URL - Module: seguridad, Controller: modulo, Action: index - IP: ::1 - User: superadmin
[2026-02-02 21:48:47] ENCRYPTED_URL - Module: seguridad, Controller: modulo, Action: duplicar - IP: ::1 - User: superadmin
[2026-02-02 21:48:50] ENCRYPTED_URL - Module: seguridad, Controller: modulo, Action: index - IP: ::1 - User: superadmin
[2026-02-02 21:48:53] ENCRYPTED_URL - Module: seguridad, Controller: modulo, Action: editar - IP: ::1 - User: superadmin
[2026-02-02 21:57:20] ENCRYPTED_URL - Module: seguridad, Controller: modulo, Action: index - IP: ::1 - User: superadmin
[2026-02-02 21:59:03] ENCRYPTED_URL - Module: seguridad, Controller: modulo, Action: index - IP: ::1 - User: superadmin
[2026-02-02 22:00:32] ENCRYPTED_URL - Module: seguridad, Controller: modulo, Action: index - IP: ::1 - User: superadmin
[2026-02-02 22:01:13] ENCRYPTED_URL - Module: seguridad, Controller: modulo, Action: index - IP: ::1 - User: superadmin
[2026-02-02 22:05:13] ENCRYPTED_URL - Module: seguridad, Controller: modulo, Action: index - IP: ::1 - User: superadmin
[2026-02-02 22:07:08] ENCRYPTED_URL - Module: seguridad, Controller: modulo, Action: index - IP: ::1 - User: superadmin
[2026-02-02 22:07:22] ENCRYPTED_URL - Module: seguridad, Controller: modulo, Action: index - IP: ::1 - User: superadmin
[2026-02-02 22:08:18] ENCRYPTED_URL - Module: seguridad, Controller: modulo, Action: index - IP: ::1 - User: superadmin
[2026-02-02 22:08:55] ENCRYPTED_URL - Module: seguridad, Controller: modulo, Action: index - IP: ::1 - User: superadmin
[2026-02-02 22:10:49] ENCRYPTED_URL - Module: seguridad, Controller: modulo, Action: index - IP: ::1 - User: superadmin
[2026-02-02 22:10:53] ENCRYPTED_URL - Module: seguridad, Controller: modulo, Action: index - IP: ::1 - User: superadmin
[2026-02-02 22:11:28] ENCRYPTED_URL - Module: seguridad, Controller: modulo, Action: index - IP: ::1 - User: superadmin
[2026-02-02 22:11:35] ENCRYPTED_URL - Module: seguridad, Controller: modulo, Action: index - IP: ::1 - User: superadmin
[2026-02-02 22:11:47] ENCRYPTED_URL - Module: seguridad, Controller: modulo, Action: index - IP: ::1 - User: superadmin
[2026-02-02 22:12:21] ENCRYPTED_URL - Module: seguridad, Controller: modulo, Action: index - IP: ::1 - User: superadmin
[2026-02-02 22:12:27] ENCRYPTED_URL - Module: seguridad, Controller: modulo, Action: index - IP: ::1 - User: superadmin
[2026-02-02 22:13:50] ENCRYPTED_URL - Module: seguridad, Controller: modulo, Action: index - IP: ::1 - User: superadmin
[2026-02-02 22:16:23] ENCRYPTED_URL - Module: seguridad, Controller: modulo, Action: index - IP: ::1 - User: superadmin
[2026-02-02 22:17:24] ENCRYPTED_URL - Module: seguridad, Controller: modulo, Action: index - IP: ::1 - User: superadmin
[2026-02-02 22:18:19] ENCRYPTED_URL - Module: seguridad, Controller: modulo, Action: index - IP: ::1 - User: superadmin
[2026-02-02 22:19:22] ENCRYPTED_URL - Module: seguridad, Controller: modulo, Action: index - IP: ::1 - User: superadmin
[2026-02-02 22:20:23] ENCRYPTED_URL - Module: seguridad, Controller: modulo, Action: index - IP: ::1 - User: superadmin
[2026-02-02 22:20:37] ENCRYPTED_URL - Module: seguridad, Controller: modulo, Action: index - IP: ::1 - User: superadmin
[2026-02-02 22:21:04] ENCRYPTED_URL - Module: seguridad, Controller: modulo, Action: index - IP: ::1 - User: superadmin
[2026-02-02 22:21:56] ENCRYPTED_URL - Module: seguridad, Controller: modulo, Action: index - IP: ::1 - User: superadmin
[2026-02-02 22:22:54] ENCRYPTED_URL - Module: seguridad, Controller: modulo, Action: index - IP: ::1 - User: superadmin
[2026-02-02 22:41:25] ENCRYPTED_URL - Module: core, Controller: auth, Action: login - IP: ::1 - User: Guest
[2026-02-02 22:41:31] ENCRYPTED_URL - Module: core, Controller: auth, Action: login - IP: ::1 - User: Guest
[2026-02-02 23:08:26] ENCRYPTED_URL - Module: core, Controller: auth, Action: login - IP: ::1 - User: Guest
[2026-02-02 23:08:48] ENCRYPTED_URL - Module: core, Controller: auth, Action: authenticate - IP: ::1 - User: Guest
[2026-02-02 23:08:48] ENCRYPTED_URL - Module: core, Controller: hub, Action: index - IP: ::1 - User: superadmin
[2026-02-02 23:09:22] ENCRYPTED_URL - Module: core, Controller: auth, Action: logout - IP: ::1 - User: superadmin
[2026-02-02 23:09:23] ENCRYPTED_URL - Module: core, Controller: auth, Action: login - IP: ::1 - User: Guest
[2026-02-02 23:36:38] ENCRYPTED_URL - Module: core, Controller: auth, Action: login - IP: ::1 - User: Guest
[2026-02-02 23:38:36] ENCRYPTED_URL - Module: core, Controller: auth, Action: authenticate - IP: ::1 - User: Guest
[2026-02-02 23:38:37] ENCRYPTED_URL - Module: core, Controller: hub, Action: index - IP: ::1 - User: superadmin
[2026-02-02 23:38:43] ENCRYPTED_URL - Module: core, Controller: hub, Action: acceder - IP: ::1 - User: superadmin
[2026-02-02 23:38:44] ENCRYPTED_URL - Module: futbol, Controller: dashboard, Action: index - IP: ::1 - User: superadmin
[2026-02-02 23:38:49] ENCRYPTED_URL - Module: futbol, Controller: dashboard, Action: index - IP: ::1 - User: superadmin
[2026-02-02 23:38:51] ENCRYPTED_URL - Module: futbol, Controller: calendario, Action: index - IP: ::1 - User: superadmin
[2026-02-02 23:40:35] ENCRYPTED_URL - Module: futbol, Controller: dashboard, Action: index - IP: ::1 - User: superadmin
[2026-02-02 23:40:40] ENCRYPTED_URL - Module: core, Controller: hub, Action: index - IP: ::1 - User: superadmin
[2026-02-02 23:44:57] ENCRYPTED_URL - Module: core, Controller: hub, Action: acceder - IP: ::1 - User: superadmin
[2026-02-02 23:44:57] ENCRYPTED_URL - Module: seguridad, Controller: dashboard, Action: index - IP: ::1 - User: superadmin
[2026-02-02 23:45:13] ENCRYPTED_URL - Module: core, Controller: hub, Action: index - IP: ::1 - User: superadmin
[2026-02-02 23:46:21] ENCRYPTED_URL - Module: core, Controller: hub, Action: acceder - IP: ::1 - User: superadmin
[2026-02-02 23:46:22] ENCRYPTED_URL - Module: seguridad, Controller: dashboard, Action: index - IP: ::1 - User: superadmin
[2026-02-02 23:46:44] ENCRYPTED_URL - Module: seguridad, Controller: tenant, Action: index - IP: ::1 - User: superadmin
[2026-02-02 23:47:32] ENCRYPTED_URL - Module: seguridad, Controller: plan, Action: index - IP: ::1 - User: superadmin
[2026-02-02 23:48:08] ENCRYPTED_URL - Module: core, Controller: hub, Action: index - IP: ::1 - User: superadmin
[2026-02-02 23:48:12] ENCRYPTED_URL - Module: core, Controller: hub, Action: acceder - IP: ::1 - User: superadmin
[2026-02-02 23:48:12] ENCRYPTED_URL - Module: core, Controller: hub, Action: index - IP: ::1 - User: superadmin
[2026-02-02 23:48:16] ENCRYPTED_URL - Module: core, Controller: hub, Action: acceder - IP: ::1 - User: superadmin
[2026-02-02 23:48:17] ENCRYPTED_URL - Module: seguridad, Controller: dashboard, Action: index - IP: ::1 - User: superadmin
[2026-02-02 23:48:27] ENCRYPTED_URL - Module: seguridad, Controller: modulo, Action: index - IP: ::1 - User: superadmin
[2026-02-02 23:48:34] ENCRYPTED_URL - Module: seguridad, Controller: modulo, Action: index - IP: ::1 - User: superadmin
[2026-02-02 23:51:48] ENCRYPTED_URL - Module: seguridad, Controller: modulo, Action: index - IP: ::1 - User: superadmin
[2026-02-02 23:51:51] ENCRYPTED_URL - Module: seguridad, Controller: modulo, Action: index - IP: ::1 - User: superadmin
[2026-02-02 23:52:43] ENCRYPTED_URL - Module: seguridad, Controller: modulo, Action: index - IP: ::1 - User: superadmin
[2026-02-02 23:53:24] ENCRYPTED_URL - Module: seguridad, Controller: modulo, Action: index - IP: ::1 - User: superadmin
[2026-02-02 23:54:53] ENCRYPTED_URL - Module: core, Controller: hub, Action: index - IP: ::1 - User: superadmin
[2026-02-02 23:55:04] ENCRYPTED_URL - Module: core, Controller: hub, Action: acceder - IP: ::1 - User: superadmin
[2026-02-02 23:55:05] ENCRYPTED_URL - Module: instalaciones, Controller: cancha, Action: index - IP: ::1 - User: superadmin
[2026-02-02 23:55:07] ENCRYPTED_URL - Module: reservas, Controller: reserva, Action: index - IP: ::1 - User: superadmin
[2026-02-02 23:55:10] ENCRYPTED_URL - Module: facturacion, Controller: comprobante, Action: index - IP: ::1 - User: superadmin
[2026-02-02 23:55:12] ENCRYPTED_URL - Module: facturacion, Controller: facturaelectronica, Action: index - IP: ::1 - User: superadmin
[2026-02-02 23:55:13] ENCRYPTED_URL - Module: core, Controller: dashboard, Action: index - IP: ::1 - User: superadmin
[2026-02-02 23:55:18] ENCRYPTED_URL - Module: core, Controller: hub, Action: index - IP: ::1 - User: superadmin
[2026-02-02 23:55:38] ENCRYPTED_URL - Module: core, Controller: hub, Action: acceder - IP: ::1 - User: superadmin
[2026-02-02 23:55:39] ENCRYPTED_URL - Module: seguridad, Controller: dashboard, Action: index - IP: ::1 - User: superadmin
[2026-02-02 23:55:41] ENCRYPTED_URL - Module: seguridad, Controller: modulo, Action: index - IP: ::1 - User: superadmin
[2026-02-02 23:55:57] ENCRYPTED_URL - Module: seguridad, Controller: modulo, Action: index - IP: ::1 - User: superadmin
[2026-02-02 23:56:00] ENCRYPTED_URL - Module: seguridad, Controller: modulo, Action: index - IP: ::1 - User: superadmin
[2026-02-02 23:56:20] ENCRYPTED_URL - Module: seguridad, Controller: modulo, Action: editar - IP: ::1 - User: superadmin
[2026-02-02 23:56:41] ENCRYPTED_URL - Module: seguridad, Controller: modulo, Action: editar - IP: ::1 - User: superadmin
[2026-02-02 23:56:42] ENCRYPTED_URL - Module: seguridad, Controller: modulo, Action: index - IP: ::1 - User: superadmin
[2026-02-02 23:56:45] ENCRYPTED_URL - Module: core, Controller: hub, Action: index - IP: ::1 - User: superadmin
[2026-02-02 23:57:00] ENCRYPTED_URL - Module: core, Controller: hub, Action: acceder - IP: ::1 - User: superadmin
[2026-02-02 23:57:00] ENCRYPTED_URL - Module: futbol, Controller: dashboard, Action: index - IP: ::1 - User: superadmin
[2026-02-02 23:57:20] ENCRYPTED_URL - Module: futbol, Controller: cancha, Action: index - IP: ::1 - User: superadmin
[2026-02-02 23:57:27] ENCRYPTED_URL - Module: core, Controller: hub, Action: index - IP: ::1 - User: superadmin
[2026-02-02 23:57:41] ENCRYPTED_URL - Module: core, Controller: hub, Action: acceder - IP: ::1 - User: superadmin
[2026-02-02 23:57:41] ENCRYPTED_URL - Module: core, Controller: hub, Action: index - IP: ::1 - User: superadmin
[2026-02-02 23:57:45] ENCRYPTED_URL - Module: core, Controller: hub, Action: acceder - IP: ::1 - User: superadmin
[2026-02-02 23:57:45] ENCRYPTED_URL - Module: seguridad, Controller: dashboard, Action: index - IP: ::1 - User: superadmin
