[2026-01-30 00:00:00] ENCRYPTED_URL - Module: seguridad, Controller: modulo, Action: editar - IP: ::1 - User: superadmin
[2026-01-30 00:00:55] ENCRYPTED_URL - Module: seguridad, Controller: modulo, Action: editar - IP: ::1 - User: superadmin
[2026-01-30 00:01:33] ENCRYPTED_URL - Module: seguridad, Controller: modulo, Action: editar - IP: ::1 - User: superadmin
[2026-01-30 00:01:57] ENCRYPTED_URL - Module: seguridad, Controller: modulo, Action: editar - IP: ::1 - User: superadmin
[2026-01-30 00:02:14] ENCRYPTED_URL - Module: core, Controller: hub, Action: index - IP: ::1 - User: superadmin
[2026-01-30 00:02:17] ENCRYPTED_URL - Module: core, Controller: hub, Action: acceder - IP: ::1 - User: superadmin
[2026-01-30 00:02:17] ENCRYPTED_URL - Module: seguridad, Controller: dashboard, Action: index - IP: ::1 - User: superadmin
[2026-01-30 00:02:31] ENCRYPTED_URL - Module: seguridad, Controller: modulo, Action: index - IP: ::1 - User: superadmin
[2026-01-30 00:02:39] ENCRYPTED_URL - Module: seguridad, Controller: modulo, Action: editar - IP: ::1 - User: superadmin
[2026-01-30 00:03:23] ENCRYPTED_URL - Module: seguridad, Controller: modulo, Action: editar - IP: ::1 - User: superadmin
[2026-01-30 00:03:25] ENCRYPTED_URL - Module: seguridad, Controller: modulo, Action: editar - IP: ::1 - User: superadmin
[2026-01-30 00:03:27] ENCRYPTED_URL - Module: seguridad, Controller: modulo, Action: editar - IP: ::1 - User: superadmin
[2026-01-30 00:03:30] ENCRYPTED_URL - Module: seguridad, Controller: modulo, Action: editar - IP: ::1 - User: superadmin
[2026-01-30 00:04:34] ENCRYPTED_URL - Module: seguridad, Controller: modulo, Action: editar - IP: ::1 - User: superadmin
[2026-01-30 00:04:34] ENCRYPTED_URL - Module: seguridad, Controller: modulo, Action: index - IP: ::1 - User: superadmin
[2026-01-30 00:04:43] ENCRYPTED_URL - Module: seguridad, Controller: modulo, Action: editar - IP: ::1 - User: superadmin
[2026-01-30 00:04:48] ENCRYPTED_URL - Module: seguridad, Controller: modulo, Action: editar - IP: ::1 - User: superadmin
[2026-01-30 00:04:49] ENCRYPTED_URL - Module: seguridad, Controller: modulo, Action: index - IP: ::1 - User: superadmin
[2026-01-30 00:04:54] ENCRYPTED_URL - Module: seguridad, Controller: modulo, Action: editar - IP: ::1 - User: superadmin
[2026-01-30 00:05:21] ENCRYPTED_URL - Module: seguridad, Controller: modulo, Action: editar - IP: ::1 - User: superadmin
[2026-01-30 00:05:21] ENCRYPTED_URL - Module: seguridad, Controller: modulo, Action: index - IP: ::1 - User: superadmin
[2026-01-30 00:05:33] ENCRYPTED_URL - Module: seguridad, Controller: modulo, Action: editar - IP: ::1 - User: superadmin
[2026-01-30 00:06:08] ENCRYPTED_URL - Module: seguridad, Controller: modulo, Action: editar - IP: ::1 - User: superadmin
[2026-01-30 00:06:08] ENCRYPTED_URL - Module: seguridad, Controller: modulo, Action: index - IP: ::1 - User: superadmin
[2026-01-30 00:06:35] ENCRYPTED_URL - Module: seguridad, Controller: modulo, Action: editar - IP: ::1 - User: superadmin
[2026-01-30 00:10:01] ENCRYPTED_URL - Module: seguridad, Controller: modulo, Action: editar - IP: ::1 - User: superadmin
[2026-01-30 00:10:02] ENCRYPTED_URL - Module: seguridad, Controller: modulo, Action: index - IP: ::1 - User: superadmin
[2026-01-30 00:10:11] ENCRYPTED_URL - Module: seguridad, Controller: modulo, Action: editar - IP: ::1 - User: superadmin
[2026-01-30 00:10:33] ENCRYPTED_URL - Module: seguridad, Controller: modulo, Action: editar - IP: ::1 - User: superadmin
[2026-01-30 00:10:36] ENCRYPTED_URL - Module: seguridad, Controller: modulo, Action: editar - IP: ::1 - User: superadmin
[2026-01-30 00:10:45] ENCRYPTED_URL - Module: seguridad, Controller: modulo, Action: editar - IP: ::1 - User: superadmin
[2026-01-30 00:10:45] ENCRYPTED_URL - Module: seguridad, Controller: modulo, Action: index - IP: ::1 - User: superadmin
[2026-01-30 00:11:11] ENCRYPTED_URL - Module: seguridad, Controller: modulo, Action: editar - IP: ::1 - User: superadmin
[2026-01-30 00:12:10] ENCRYPTED_URL - Module: seguridad, Controller: modulo, Action: editar - IP: ::1 - User: superadmin
[2026-01-30 00:12:12] ENCRYPTED_URL - Module: seguridad, Controller: modulo, Action: editar - IP: ::1 - User: superadmin
[2026-01-30 00:13:55] ENCRYPTED_URL - Module: seguridad, Controller: modulo, Action: editar - IP: ::1 - User: superadmin
[2026-01-30 00:16:44] ENCRYPTED_URL - Module: seguridad, Controller: modulo, Action: iconos - IP: ::1 - User: superadmin
[2026-01-30 00:17:32] ENCRYPTED_URL - Module: seguridad, Controller: modulo, Action: actualizarIcono - IP: ::1 - User: superadmin
[2026-01-30 00:17:34] ENCRYPTED_URL - Module: seguridad, Controller: modulo, Action: iconos - IP: ::1 - User: superadmin
[2026-01-30 00:18:52] ENCRYPTED_URL - Module: seguridad, Controller: modulo, Action: editar - IP: ::1 - User: superadmin
[2026-01-30 00:19:07] ENCRYPTED_URL - Module: seguridad, Controller: modulo, Action: duplicar - IP: ::1 - User: superadmin
[2026-01-30 00:19:18] ENCRYPTED_URL - Module: seguridad, Controller: modulo, Action: actualizarIcono - IP: ::1 - User: superadmin
[2026-01-30 00:19:59] ENCRYPTED_URL - Module: seguridad, Controller: modulo, Action: iconos - IP: ::1 - User: superadmin
[2026-01-30 00:21:52] ENCRYPTED_URL - Module: seguridad, Controller: modulo, Action: index - IP: ::1 - User: superadmin
[2026-01-30 00:21:58] ENCRYPTED_URL - Module: seguridad, Controller: modulo, Action: duplicar - IP: ::1 - User: superadmin
[2026-01-30 00:22:02] ENCRYPTED_URL - Module: seguridad, Controller: modulo, Action: editar - IP: ::1 - User: superadmin
[2026-01-30 00:22:25] ENCRYPTED_URL - Module: seguridad, Controller: modulo, Action: editar - IP: ::1 - User: superadmin
[2026-01-30 00:22:26] ENCRYPTED_URL - Module: seguridad, Controller: modulo, Action: index - IP: ::1 - User: superadmin
[2026-01-30 00:25:48] ENCRYPTED_URL - Module: seguridad, Controller: modulo, Action: editar - IP: ::1 - User: superadmin
[2026-01-30 00:26:34] ENCRYPTED_URL - Module: seguridad, Controller: modulo, Action: iconos - IP: ::1 - User: superadmin
[2026-01-30 00:27:39] ENCRYPTED_URL - Module: seguridad, Controller: modulo, Action: iconos - IP: ::1 - User: superadmin
[2026-01-30 00:27:51] ENCRYPTED_URL - Module: seguridad, Controller: modulo, Action: actualizarIcono - IP: ::1 - User: superadmin
[2026-01-30 00:27:53] ENCRYPTED_URL - Module: seguridad, Controller: modulo, Action: iconos - IP: ::1 - User: superadmin
[2026-01-30 00:28:13] ENCRYPTED_URL - Module: seguridad, Controller: modulo, Action: index - IP: ::1 - User: superadmin
[2026-01-30 00:28:18] ENCRYPTED_URL - Module: seguridad, Controller: modulo, Action: editar - IP: ::1 - User: superadmin
[2026-01-30 00:29:13] ENCRYPTED_URL - Module: seguridad, Controller: modulo, Action: editar - IP: ::1 - User: superadmin
[2026-01-30 00:29:13] ENCRYPTED_URL - Module: seguridad, Controller: modulo, Action: index - IP: ::1 - User: superadmin
[2026-01-30 00:29:21] ENCRYPTED_URL - Module: seguridad, Controller: modulo, Action: editar - IP: ::1 - User: superadmin
[2026-01-30 01:26:58] ENCRYPTED_URL - Module: seguridad, Controller: modulo, Action: editar - IP: ::1 - User: superadmin
[2026-01-30 01:27:12] ENCRYPTED_URL - Module: seguridad, Controller: modulo, Action: editar - IP: ::1 - User: superadmin
[2026-01-30 01:27:13] ENCRYPTED_URL - Module: seguridad, Controller: modulo, Action: index - IP: ::1 - User: superadmin
[2026-01-30 01:27:18] ENCRYPTED_URL - Module: seguridad, Controller: modulo, Action: editar - IP: ::1 - User: superadmin
[2026-01-30 01:27:24] ENCRYPTED_URL - Module: seguridad, Controller: modulo, Action: editar - IP: ::1 - User: superadmin
[2026-01-30 01:27:24] ENCRYPTED_URL - Module: seguridad, Controller: modulo, Action: index - IP: ::1 - User: superadmin
[2026-01-30 01:27:29] ENCRYPTED_URL - Module: seguridad, Controller: modulo, Action: editar - IP: ::1 - User: superadmin
[2026-01-30 01:27:38] ENCRYPTED_URL - Module: seguridad, Controller: modulo, Action: editar - IP: ::1 - User: superadmin
[2026-01-30 01:27:38] ENCRYPTED_URL - Module: seguridad, Controller: modulo, Action: index - IP: ::1 - User: superadmin
[2026-01-30 01:28:39] ENCRYPTED_URL - Module: seguridad, Controller: modulo, Action: editar - IP: ::1 - User: superadmin
[2026-01-30 01:28:46] ENCRYPTED_URL - Module: seguridad, Controller: modulo, Action: editar - IP: ::1 - User: superadmin
[2026-01-30 01:28:46] ENCRYPTED_URL - Module: seguridad, Controller: modulo, Action: index - IP: ::1 - User: superadmin
[2026-01-30 01:28:50] ENCRYPTED_URL - Module: core, Controller: hub, Action: index - IP: ::1 - User: superadmin
[2026-01-30 01:28:54] ENCRYPTED_URL - Module: core, Controller: hub, Action: acceder - IP: ::1 - User: superadmin
[2026-01-30 01:28:55] ENCRYPTED_URL - Module: futbol, Controller: dashboard, Action: index - IP: ::1 - User: superadmin
[2026-01-30 01:29:04] ENCRYPTED_URL - Module: core, Controller: hub, Action: index - IP: ::1 - User: superadmin
[2026-01-30 01:29:07] ENCRYPTED_URL - Module: core, Controller: hub, Action: acceder - IP: ::1 - User: superadmin
[2026-01-30 01:29:08] ENCRYPTED_URL - Module: seguridad, Controller: dashboard, Action: index - IP: ::1 - User: superadmin
[2026-01-30 01:29:11] ENCRYPTED_URL - Module: seguridad, Controller: tenant, Action: index - IP: ::1 - User: superadmin
[2026-01-30 01:29:12] ENCRYPTED_URL - Module: seguridad, Controller: tenant, Action: crear - IP: ::1 - User: superadmin
[2026-01-30 01:29:14] ENCRYPTED_URL - Module: seguridad, Controller: tenant, Action: suspender - IP: ::1 - User: superadmin
[2026-01-30 01:29:15] ENCRYPTED_URL - Module: seguridad, Controller: tenant, Action: reactivar - IP: ::1 - User: superadmin
[2026-01-30 01:29:20] ENCRYPTED_URL - Module: core, Controller: hub, Action: index - IP: ::1 - User: superadmin
[2026-01-30 01:29:25] ENCRYPTED_URL - Module: core, Controller: hub, Action: acceder - IP: ::1 - User: superadmin
[2026-01-30 01:29:26] ENCRYPTED_URL - Module: futbol, Controller: dashboard, Action: index - IP: ::1 - User: superadmin
[2026-01-30 01:29:31] ENCRYPTED_URL - Module: core, Controller: hub, Action: index - IP: ::1 - User: superadmin
[2026-01-30 01:29:36] ENCRYPTED_URL - Module: core, Controller: hub, Action: acceder - IP: ::1 - User: superadmin
[2026-01-30 01:29:36] ENCRYPTED_URL - Module: seguridad, Controller: dashboard, Action: index - IP: ::1 - User: superadmin
[2026-01-30 01:29:47] ENCRYPTED_URL - Module: seguridad, Controller: modulo, Action: index - IP: ::1 - User: superadmin
[2026-01-30 01:29:51] ENCRYPTED_URL - Module: seguridad, Controller: modulo, Action: editar - IP: ::1 - User: superadmin
[2026-01-30 01:29:56] ENCRYPTED_URL - Module: seguridad, Controller: modulo, Action: editar - IP: ::1 - User: superadmin
[2026-01-30 01:29:56] ENCRYPTED_URL - Module: seguridad, Controller: modulo, Action: index - IP: ::1 - User: superadmin
[2026-01-30 01:30:04] ENCRYPTED_URL - Module: core, Controller: hub, Action: index - IP: ::1 - User: superadmin
[2026-01-30 01:30:11] ENCRYPTED_URL - Module: core, Controller: hub, Action: acceder - IP: ::1 - User: superadmin
[2026-01-30 01:30:12] ENCRYPTED_URL - Module: artes_marciales, Controller: dashboard, Action: index - IP: ::1 - User: superadmin
[2026-01-30 01:30:24] ENCRYPTED_URL - Module: core, Controller: hub, Action: acceder - IP: ::1 - User: superadmin
[2026-01-30 01:30:25] ENCRYPTED_URL - Module: seguridad, Controller: dashboard, Action: index - IP: ::1 - User: superadmin
[2026-01-30 01:30:35] ENCRYPTED_URL - Module: seguridad, Controller: modulo, Action: index - IP: ::1 - User: superadmin
[2026-01-30 01:30:42] ENCRYPTED_URL - Module: seguridad, Controller: modulo, Action: editar - IP: ::1 - User: superadmin
[2026-01-30 01:31:17] ENCRYPTED_URL - Module: seguridad, Controller: modulo, Action: editar - IP: ::1 - User: superadmin
[2026-01-30 01:31:18] ENCRYPTED_URL - Module: seguridad, Controller: modulo, Action: index - IP: ::1 - User: superadmin
[2026-01-30 01:31:21] ENCRYPTED_URL - Module: core, Controller: hub, Action: index - IP: ::1 - User: superadmin
[2026-01-30 01:31:25] ENCRYPTED_URL - Module: core, Controller: hub, Action: acceder - IP: ::1 - User: superadmin
[2026-01-30 01:31:26] ENCRYPTED_URL - Module: artes_marciales, Controller: dashboard, Action: index - IP: ::1 - User: superadmin
[2026-01-30 08:30:45] GET_PARAMS - Module: core, Controller: Auth, Action: login - IP: ::1 - User: Guest
[2026-01-30 12:29:12] GET_PARAMS - Module: core, Controller: Auth, Action: login - IP: ::1 - User: Guest
[2026-01-30 12:29:24] ENCRYPTED_URL - Module: core, Controller: auth, Action: authenticate - IP: ::1 - User: Guest
[2026-01-30 12:29:25] ENCRYPTED_URL - Module: core, Controller: hub, Action: index - IP: ::1 - User: superadmin
[2026-01-30 12:29:29] ENCRYPTED_URL - Module: core, Controller: hub, Action: acceder - IP: ::1 - User: superadmin
[2026-01-30 12:29:30] ENCRYPTED_URL - Module: seguridad, Controller: dashboard, Action: index - IP: ::1 - User: superadmin
[2026-01-30 12:29:39] ENCRYPTED_URL - Module: seguridad, Controller: modulo, Action: index - IP: ::1 - User: superadmin
[2026-01-30 12:29:46] ENCRYPTED_URL - Module: seguridad, Controller: modulo, Action: editar - IP: ::1 - User: superadmin
[2026-01-30 12:31:21] ENCRYPTED_URL - Module: seguridad, Controller: modulo, Action: index - IP: ::1 - User: superadmin
[2026-01-30 12:31:25] ENCRYPTED_URL - Module: seguridad, Controller: modulo, Action: editar - IP: ::1 - User: superadmin
[2026-01-30 12:31:30] ENCRYPTED_URL - Module: seguridad, Controller: modulo, Action: editar - IP: ::1 - User: superadmin
[2026-01-30 12:31:31] ENCRYPTED_URL - Module: seguridad, Controller: modulo, Action: index - IP: ::1 - User: superadmin
[2026-01-30 12:31:36] ENCRYPTED_URL - Module: seguridad, Controller: modulo, Action: editar - IP: ::1 - User: superadmin
[2026-01-30 12:31:43] ENCRYPTED_URL - Module: seguridad, Controller: modulo, Action: editar - IP: ::1 - User: superadmin
[2026-01-30 12:31:43] ENCRYPTED_URL - Module: seguridad, Controller: modulo, Action: index - IP: ::1 - User: superadmin
[2026-01-30 12:55:10] ENCRYPTED_URL - Module: seguridad, Controller: modulo, Action: editar - IP: ::1 - User: superadmin
[2026-01-30 12:55:18] ENCRYPTED_URL - Module: seguridad, Controller: modulo, Action: editar - IP: ::1 - User: superadmin
[2026-01-30 12:55:18] ENCRYPTED_URL - Module: seguridad, Controller: modulo, Action: index - IP: ::1 - User: superadmin
[2026-01-30 12:55:21] ENCRYPTED_URL - Module: core, Controller: hub, Action: index - IP: ::1 - User: superadmin
[2026-01-30 12:55:26] ENCRYPTED_URL - Module: core, Controller: hub, Action: acceder - IP: ::1 - User: superadmin
[2026-01-30 12:55:26] ENCRYPTED_URL - Module: artes_marciales, Controller: dashboard, Action: index - IP: ::1 - User: superadmin
[2026-01-30 12:55:31] ENCRYPTED_URL - Module: core, Controller: hub, Action: index - IP: ::1 - User: superadmin
[2026-01-30 12:55:35] ENCRYPTED_URL - Module: core, Controller: hub, Action: acceder - IP: ::1 - User: superadmin
[2026-01-30 12:55:36] ENCRYPTED_URL - Module: seguridad, Controller: dashboard, Action: index - IP: ::1 - User: superadmin
[2026-01-30 12:55:38] ENCRYPTED_URL - Module: seguridad, Controller: modulo, Action: index - IP: ::1 - User: superadmin
[2026-01-30 12:55:43] ENCRYPTED_URL - Module: seguridad, Controller: modulo, Action: editar - IP: ::1 - User: superadmin
[2026-01-30 12:55:47] ENCRYPTED_URL - Module: seguridad, Controller: modulo, Action: editar - IP: ::1 - User: superadmin
[2026-01-30 12:55:47] ENCRYPTED_URL - Module: seguridad, Controller: modulo, Action: index - IP: ::1 - User: superadmin
[2026-01-30 12:55:48] ENCRYPTED_URL - Module: seguridad, Controller: modulo, Action: editar - IP: ::1 - User: superadmin
[2026-01-30 12:55:48] ENCRYPTED_URL - Module: seguridad, Controller: modulo, Action: index - IP: ::1 - User: superadmin
[2026-01-30 12:55:55] ENCRYPTED_URL - Module: core, Controller: hub, Action: index - IP: ::1 - User: superadmin
[2026-01-30 12:55:58] ENCRYPTED_URL - Module: core, Controller: hub, Action: acceder - IP: ::1 - User: superadmin
[2026-01-30 12:55:58] ENCRYPTED_URL - Module: artes_marciales, Controller: dashboard, Action: index - IP: ::1 - User: superadmin
[2026-01-30 13:00:49] ENCRYPTED_URL - Module: artes_marciales, Controller: dashboard, Action: index - IP: ::1 - User: superadmin
[2026-01-30 13:00:55] ENCRYPTED_URL - Module: artes_marciales, Controller: dashboard, Action: index - IP: ::1 - User: superadmin
[2026-01-30 14:20:22] GET_PARAMS - Module: core, Controller: Auth, Action: login - IP: ::1 - User: Guest
[2026-01-30 14:20:37] ENCRYPTED_URL - Module: core, Controller: auth, Action: authenticate - IP: ::1 - User: Guest
[2026-01-30 14:20:38] ENCRYPTED_URL - Module: core, Controller: hub, Action: index - IP: ::1 - User: superadmin
[2026-01-30 14:20:43] ENCRYPTED_URL - Module: core, Controller: hub, Action: acceder - IP: ::1 - User: superadmin
[2026-01-30 14:20:44] ENCRYPTED_URL - Module: artes_marciales, Controller: dashboard, Action: index - IP: ::1 - User: superadmin
[2026-01-30 14:20:54] ENCRYPTED_URL - Module: artes_marciales, Controller: dashboard, Action: index - IP: ::1 - User: superadmin
[2026-01-30 14:20:56] ENCRYPTED_URL - Module: core, Controller: hub, Action: index - IP: ::1 - User: superadmin
[2026-01-30 14:20:59] ENCRYPTED_URL - Module: core, Controller: hub, Action: acceder - IP: ::1 - User: superadmin
[2026-01-30 14:21:00] ENCRYPTED_URL - Module: seguridad, Controller: dashboard, Action: index - IP: ::1 - User: superadmin
[2026-01-30 14:21:05] ENCRYPTED_URL - Module: seguridad, Controller: modulo, Action: index - IP: ::1 - User: superadmin
[2026-01-30 14:21:10] ENCRYPTED_URL - Module: seguridad, Controller: modulo, Action: editar - IP: ::1 - User: superadmin
[2026-01-30 14:21:17] ENCRYPTED_URL - Module: seguridad, Controller: modulo, Action: editar - IP: ::1 - User: superadmin
[2026-01-30 14:21:19] ENCRYPTED_URL - Module: seguridad, Controller: modulo, Action: index - IP: ::1 - User: superadmin
[2026-01-30 14:21:27] ENCRYPTED_URL - Module: seguridad, Controller: modulo, Action: editar - IP: ::1 - User: superadmin
[2026-01-30 14:21:35] ENCRYPTED_URL - Module: seguridad, Controller: modulo, Action: editar - IP: ::1 - User: superadmin
[2026-01-30 14:21:36] ENCRYPTED_URL - Module: seguridad, Controller: modulo, Action: index - IP: ::1 - User: superadmin
[2026-01-30 14:21:39] ENCRYPTED_URL - Module: artes_marciales, Controller: dashboard, Action: index - IP: ::1 - User: superadmin
[2026-01-30 14:21:56] ENCRYPTED_URL - Module: seguridad, Controller: modulo, Action: editar - IP: ::1 - User: superadmin
[2026-01-30 14:21:59] ENCRYPTED_URL - Module: core, Controller: hub, Action: index - IP: ::1 - User: superadmin
[2026-01-30 14:22:02] ENCRYPTED_URL - Module: core, Controller: hub, Action: acceder - IP: ::1 - User: superadmin
[2026-01-30 14:22:03] ENCRYPTED_URL - Module: store, Controller: dashboard, Action: index - IP: ::1 - User: superadmin
[2026-01-30 14:22:15] ENCRYPTED_URL - Module: seguridad, Controller: modulo, Action: editar - IP: ::1 - User: superadmin
[2026-01-30 14:22:16] ENCRYPTED_URL - Module: seguridad, Controller: modulo, Action: index - IP: ::1 - User: superadmin
[2026-01-30 14:22:20] ENCRYPTED_URL - Module: store, Controller: dashboard, Action: index - IP: ::1 - User: superadmin
[2026-01-30 14:23:17] ENCRYPTED_URL - Module: seguridad, Controller: modulo, Action: editar - IP: ::1 - User: superadmin
[2026-01-30 14:23:39] ENCRYPTED_URL - Module: seguridad, Controller: modulo, Action: editar - IP: ::1 - User: superadmin
[2026-01-30 14:23:40] ENCRYPTED_URL - Module: seguridad, Controller: modulo, Action: index - IP: ::1 - User: superadmin
[2026-01-30 14:23:45] ENCRYPTED_URL - Module: store, Controller: dashboard, Action: index - IP: ::1 - User: superadmin
[2026-01-30 14:24:45] ENCRYPTED_URL - Module: seguridad, Controller: modulo, Action: editar - IP: ::1 - User: superadmin
[2026-01-30 14:24:58] ENCRYPTED_URL - Module: seguridad, Controller: modulo, Action: editar - IP: ::1 - User: superadmin
[2026-01-30 14:24:58] ENCRYPTED_URL - Module: seguridad, Controller: modulo, Action: index - IP: ::1 - User: superadmin
[2026-01-30 14:35:52] ENCRYPTED_URL - Module: seguridad, Controller: modulo, Action: index - IP: ::1 - User: superadmin
[2026-01-30 14:36:05] ENCRYPTED_URL - Module: store, Controller: dashboard, Action: index - IP: ::1 - User: superadmin
[2026-01-30 14:36:18] ENCRYPTED_URL - Module: seguridad, Controller: modulo, Action: editar - IP: ::1 - User: superadmin
[2026-01-30 14:36:39] ENCRYPTED_URL - Module: seguridad, Controller: modulo, Action: editar - IP: ::1 - User: superadmin
[2026-01-30 14:36:40] ENCRYPTED_URL - Module: seguridad, Controller: modulo, Action: index - IP: ::1 - User: superadmin
[2026-01-30 14:36:45] ENCRYPTED_URL - Module: store, Controller: dashboard, Action: index - IP: ::1 - User: superadmin
[2026-01-30 14:36:47] ENCRYPTED_URL - Module: core, Controller: hub, Action: index - IP: ::1 - User: superadmin
[2026-01-30 14:36:52] ENCRYPTED_URL - Module: core, Controller: hub, Action: acceder - IP: ::1 - User: superadmin
[2026-01-30 14:36:52] ENCRYPTED_URL - Module: store, Controller: dashboard, Action: index - IP: ::1 - User: superadmin
[2026-01-30 14:36:56] ENCRYPTED_URL - Module: store, Controller: dashboard, Action: index - IP: ::1 - User: superadmin
[2026-01-30 14:39:37] ENCRYPTED_URL - Module: store, Controller: dashboard, Action: index - IP: ::1 - User: superadmin
[2026-01-30 14:39:40] ENCRYPTED_URL - Module: store, Controller: dashboard, Action: index - IP: ::1 - User: superadmin
[2026-01-30 14:39:43] ENCRYPTED_URL - Module: core, Controller: hub, Action: index - IP: ::1 - User: superadmin
[2026-01-30 14:39:47] ENCRYPTED_URL - Module: core, Controller: hub, Action: acceder - IP: ::1 - User: superadmin
[2026-01-30 14:39:47] ENCRYPTED_URL - Module: artes_marciales, Controller: dashboard, Action: index - IP: ::1 - User: superadmin
[2026-01-30 14:39:53] ENCRYPTED_URL - Module: core, Controller: hub, Action: index - IP: ::1 - User: superadmin
[2026-01-30 14:39:56] ENCRYPTED_URL - Module: core, Controller: hub, Action: acceder - IP: ::1 - User: superadmin
[2026-01-30 14:39:57] ENCRYPTED_URL - Module: seguridad, Controller: dashboard, Action: index - IP: ::1 - User: superadmin
[2026-01-30 14:40:00] ENCRYPTED_URL - Module: seguridad, Controller: modulo, Action: index - IP: ::1 - User: superadmin
[2026-01-30 14:40:05] ENCRYPTED_URL - Module: seguridad, Controller: modulo, Action: editar - IP: ::1 - User: superadmin
[2026-01-30 14:40:16] ENCRYPTED_URL - Module: seguridad, Controller: modulo, Action: editar - IP: ::1 - User: superadmin
[2026-01-30 14:40:16] ENCRYPTED_URL - Module: seguridad, Controller: modulo, Action: index - IP: ::1 - User: superadmin
[2026-01-30 14:40:20] ENCRYPTED_URL - Module: core, Controller: hub, Action: index - IP: ::1 - User: superadmin
[2026-01-30 14:40:26] ENCRYPTED_URL - Module: core, Controller: hub, Action: acceder - IP: ::1 - User: superadmin
[2026-01-30 14:40:26] ENCRYPTED_URL - Module: artes_marciales, Controller: dashboard, Action: index - IP: ::1 - User: superadmin
[2026-01-30 14:40:30] ENCRYPTED_URL - Module: artes_marciales, Controller: dashboard, Action: index - IP: ::1 - User: superadmin
[2026-01-30 14:46:39] ENCRYPTED_URL - Module: artes_marciales, Controller: dashboard, Action: index - IP: ::1 - User: superadmin
[2026-01-30 14:46:42] ENCRYPTED_URL - Module: seguridad, Controller: modulo, Action: index - IP: ::1 - User: superadmin
[2026-01-30 14:47:21] ENCRYPTED_URL - Module: core, Controller: hub, Action: index - IP: ::1 - User: superadmin
[2026-01-30 14:47:36] ENCRYPTED_URL - Module: core, Controller: hub, Action: acceder - IP: ::1 - User: superadmin
[2026-01-30 14:47:37] ENCRYPTED_URL - Module: seguridad, Controller: dashboard, Action: index - IP: ::1 - User: superadmin
[2026-01-30 14:47:43] ENCRYPTED_URL - Module: seguridad, Controller: modulo, Action: index - IP: ::1 - User: superadmin
[2026-01-30 14:47:48] ENCRYPTED_URL - Module: seguridad, Controller: modulo, Action: editar - IP: ::1 - User: superadmin
[2026-01-30 14:47:55] ENCRYPTED_URL - Module: seguridad, Controller: modulo, Action: editar - IP: ::1 - User: superadmin
[2026-01-30 14:47:56] ENCRYPTED_URL - Module: seguridad, Controller: modulo, Action: index - IP: ::1 - User: superadmin
[2026-01-30 14:48:09] ENCRYPTED_URL - Module: seguridad, Controller: modulo, Action: index - IP: ::1 - User: superadmin
[2026-01-30 14:48:14] ENCRYPTED_URL - Module: artes_marciales, Controller: dashboard, Action: index - IP: ::1 - User: superadmin
[2026-01-30 14:49:09] ENCRYPTED_URL - Module: artes_marciales, Controller: dashboard, Action: index - IP: ::1 - User: superadmin
[2026-01-30 14:49:11] ENCRYPTED_URL - Module: seguridad, Controller: modulo, Action: index - IP: ::1 - User: superadmin
[2026-01-30 14:49:14] ENCRYPTED_URL - Module: artes_marciales, Controller: dashboard, Action: index - IP: ::1 - User: superadmin
[2026-01-30 14:49:17] ENCRYPTED_URL - Module: artes_marciales, Controller: dashboard, Action: index - IP: ::1 - User: superadmin
[2026-01-30 14:49:51] ENCRYPTED_URL - Module: artes_marciales, Controller: dashboard, Action: index - IP: ::1 - User: superadmin
[2026-01-30 14:51:23] ENCRYPTED_URL - Module: seguridad, Controller: modulo, Action: index - IP: ::1 - User: superadmin
[2026-01-30 14:51:27] ENCRYPTED_URL - Module: artes_marciales, Controller: dashboard, Action: index - IP: ::1 - User: superadmin
[2026-01-30 14:51:46] ENCRYPTED_URL - Module: artes_marciales, Controller: dashboard, Action: index - IP: ::1 - User: superadmin
[2026-01-30 14:58:27] ENCRYPTED_URL - Module: artes_marciales, Controller: dashboard, Action: index - IP: ::1 - User: superadmin
[2026-01-30 14:58:35] ENCRYPTED_URL - Module: seguridad, Controller: modulo, Action: index - IP: ::1 - User: superadmin
[2026-01-30 14:58:37] ENCRYPTED_URL - Module: artes_marciales, Controller: dashboard, Action: index - IP: ::1 - User: superadmin
[2026-01-30 15:03:05] ENCRYPTED_URL - Module: seguridad, Controller: modulo, Action: index - IP: ::1 - User: superadmin
[2026-01-30 15:31:37] ENCRYPTED_URL - Module: artes_marciales, Controller: dashboard, Action: index - IP: ::1 - User: superadmin
[2026-01-30 15:31:42] ENCRYPTED_URL - Module: seguridad, Controller: modulo, Action: index - IP: ::1 - User: superadmin
[2026-01-30 15:31:46] ENCRYPTED_URL - Module: seguridad, Controller: modulo, Action: index - IP: ::1 - User: superadmin
[2026-01-30 15:31:50] ENCRYPTED_URL - Module: seguridad, Controller: tenant, Action: index - IP: ::1 - User: superadmin
[2026-01-30 15:31:52] ENCRYPTED_URL - Module: seguridad, Controller: dashboard, Action: index - IP: ::1 - User: superadmin
[2026-01-30 15:32:06] ENCRYPTED_URL - Module: artes_marciales, Controller: dashboard, Action: index - IP: ::1 - User: superadmin
[2026-01-30 15:32:10] ENCRYPTED_URL - Module: seguridad, Controller: modulo, Action: index - IP: ::1 - User: superadmin
[2026-01-30 15:32:17] ENCRYPTED_URL - Module: seguridad, Controller: modulo, Action: editar - IP: ::1 - User: superadmin
[2026-01-30 15:32:25] ENCRYPTED_URL - Module: seguridad, Controller: modulo, Action: editar - IP: ::1 - User: superadmin
[2026-01-30 15:32:25] ENCRYPTED_URL - Module: seguridad, Controller: modulo, Action: index - IP: ::1 - User: superadmin
[2026-01-30 15:38:14] ENCRYPTED_URL - Module: artes_marciales, Controller: dashboard, Action: index - IP: ::1 - User: superadmin
[2026-01-30 15:38:16] ENCRYPTED_URL - Module: seguridad, Controller: plan, Action: index - IP: ::1 - User: superadmin
[2026-01-30 15:38:20] ENCRYPTED_URL - Module: seguridad, Controller: plan, Action: index - IP: ::1 - User: superadmin
[2026-01-30 15:38:24] ENCRYPTED_URL - Module: core, Controller: hub, Action: index - IP: ::1 - User: superadmin
[2026-01-30 15:38:28] ENCRYPTED_URL - Module: core, Controller: hub, Action: acceder - IP: ::1 - User: superadmin
[2026-01-30 15:38:28] ENCRYPTED_URL - Module: artes_marciales, Controller: dashboard, Action: index - IP: ::1 - User: superadmin
[2026-01-30 15:38:33] ENCRYPTED_URL - Module: artes_marciales, Controller: dashboard, Action: index - IP: ::1 - User: superadmin
[2026-01-30 15:38:36] ENCRYPTED_URL - Module: core, Controller: hub, Action: index - IP: ::1 - User: superadmin
[2026-01-30 15:38:39] ENCRYPTED_URL - Module: core, Controller: hub, Action: acceder - IP: ::1 - User: superadmin
[2026-01-30 15:38:40] ENCRYPTED_URL - Module: seguridad, Controller: dashboard, Action: index - IP: ::1 - User: superadmin
[2026-01-30 15:52:45] ENCRYPTED_URL - Module: seguridad, Controller: dashboard, Action: index - IP: ::1 - User: superadmin
[2026-01-30 15:52:48] ENCRYPTED_URL - Module: artes_marciales, Controller: dashboard, Action: index - IP: ::1 - User: superadmin
[2026-01-30 16:02:01] ENCRYPTED_URL - Module: seguridad, Controller: dashboard, Action: index - IP: ::1 - User: superadmin
[2026-01-30 16:02:03] ENCRYPTED_URL - Module: artes_marciales, Controller: dashboard, Action: index - IP: ::1 - User: superadmin
[2026-01-30 16:02:18] ENCRYPTED_URL - Module: seguridad, Controller: modulo, Action: index - IP: ::1 - User: superadmin
[2026-01-30 16:02:24] ENCRYPTED_URL - Module: seguridad, Controller: modulo, Action: editar - IP: ::1 - User: superadmin
[2026-01-30 16:02:55] ENCRYPTED_URL - Module: seguridad, Controller: modulo, Action: editar - IP: ::1 - User: superadmin
[2026-01-30 16:02:56] ENCRYPTED_URL - Module: seguridad, Controller: modulo, Action: index - IP: ::1 - User: superadmin
[2026-01-30 16:02:58] ENCRYPTED_URL - Module: artes_marciales, Controller: dashboard, Action: index - IP: ::1 - User: superadmin
[2026-01-30 16:05:23] ENCRYPTED_URL - Module: artes_marciales, Controller: dashboard, Action: index - IP: ::1 - User: superadmin
[2026-01-30 16:05:26] ENCRYPTED_URL - Module: seguridad, Controller: modulo, Action: index - IP: ::1 - User: superadmin
[2026-01-30 16:05:29] ENCRYPTED_URL - Module: artes_marciales, Controller: dashboard, Action: index - IP: ::1 - User: superadmin
[2026-01-30 16:05:31] ENCRYPTED_URL - Module: seguridad, Controller: modulo, Action: index - IP: ::1 - User: superadmin
[2026-01-30 16:05:33] ENCRYPTED_URL - Module: artes_marciales, Controller: dashboard, Action: index - IP: ::1 - User: superadmin
[2026-01-30 16:07:51] ENCRYPTED_URL - Module: seguridad, Controller: modulo, Action: editar - IP: ::1 - User: superadmin
[2026-01-30 16:08:03] ENCRYPTED_URL - Module: seguridad, Controller: modulo, Action: editar - IP: ::1 - User: superadmin
[2026-01-30 16:08:04] ENCRYPTED_URL - Module: seguridad, Controller: modulo, Action: index - IP: ::1 - User: superadmin
[2026-01-30 16:08:09] ENCRYPTED_URL - Module: seguridad, Controller: modulo, Action: editar - IP: ::1 - User: superadmin
[2026-01-30 16:10:26] ENCRYPTED_URL - Module: seguridad, Controller: modulo, Action: editar - IP: ::1 - User: superadmin
[2026-01-30 16:10:27] ENCRYPTED_URL - Module: seguridad, Controller: modulo, Action: index - IP: ::1 - User: superadmin
[2026-01-30 16:10:33] ENCRYPTED_URL - Module: seguridad, Controller: modulo, Action: editar - IP: ::1 - User: superadmin
[2026-01-30 16:12:59] ENCRYPTED_URL - Module: core, Controller: hub, Action: index - IP: ::1 - User: superadmin
[2026-01-30 16:13:02] ENCRYPTED_URL - Module: core, Controller: hub, Action: acceder - IP: ::1 - User: superadmin
[2026-01-30 16:13:02] ENCRYPTED_URL - Module: seguridad, Controller: dashboard, Action: index - IP: ::1 - User: superadmin
[2026-01-30 16:13:17] ENCRYPTED_URL - Module: seguridad, Controller: tenant, Action: index - IP: ::1 - User: superadmin
[2026-01-30 16:14:16] ENCRYPTED_URL - Module: seguridad, Controller: tenant, Action: index - IP: ::1 - User: superadmin
[2026-01-30 16:14:32] ENCRYPTED_URL - Module: core, Controller: hub, Action: index - IP: ::1 - User: superadmin
[2026-01-30 16:14:36] ENCRYPTED_URL - Module: core, Controller: hub, Action: acceder - IP: ::1 - User: superadmin
[2026-01-30 16:14:37] ENCRYPTED_URL - Module: clientes, Controller: cliente, Action: index - IP: ::1 - User: superadmin
[2026-01-30 16:14:57] ENCRYPTED_URL - Module: core, Controller: hub, Action: acceder - IP: ::1 - User: superadmin
[2026-01-30 16:14:57] ENCRYPTED_URL - Module: instalaciones, Controller: cancha, Action: index - IP: ::1 - User: superadmin
[2026-01-30 16:15:17] ENCRYPTED_URL - Module: core, Controller: hub, Action: acceder - IP: ::1 - User: superadmin
[2026-01-30 16:15:18] ENCRYPTED_URL - Module: seguridad, Controller: dashboard, Action: index - IP: ::1 - User: superadmin
[2026-01-30 16:15:22] ENCRYPTED_URL - Module: seguridad, Controller: modulo, Action: index - IP: ::1 - User: superadmin
[2026-01-30 16:15:30] ENCRYPTED_URL - Module: core, Controller: hub, Action: index - IP: ::1 - User: superadmin
[2026-01-30 16:16:15] ENCRYPTED_URL - Module: core, Controller: hub, Action: acceder - IP: ::1 - User: superadmin
[2026-01-30 16:16:15] ENCRYPTED_URL - Module: store, Controller: dashboard, Action: index - IP: ::1 - User: superadmin
[2026-01-30 16:16:21] ENCRYPTED_URL - Module: seguridad, Controller: modulo, Action: editar - IP: ::1 - User: superadmin
[2026-01-30 16:18:27] ENCRYPTED_URL - Module: store, Controller: dashboard, Action: index - IP: ::1 - User: superadmin
[2026-01-30 16:22:53] ENCRYPTED_URL - Module: seguridad, Controller: modulo, Action: editar - IP: ::1 - User: superadmin
[2026-01-30 16:22:53] ENCRYPTED_URL - Module: seguridad, Controller: modulo, Action: index - IP: ::1 - User: superadmin
[2026-01-30 16:22:55] ENCRYPTED_URL - Module: store, Controller: dashboard, Action: index - IP: ::1 - User: superadmin
[2026-01-30 16:23:26] ENCRYPTED_URL - Module: seguridad, Controller: modulo, Action: iconos - IP: ::1 - User: superadmin
[2026-01-30 16:24:28] ENCRYPTED_URL - Module: seguridad, Controller: modulo, Action: index - IP: ::1 - User: superadmin
[2026-01-30 16:24:31] ENCRYPTED_URL - Module: seguridad, Controller: modulo, Action: crear - IP: ::1 - User: superadmin
[2026-01-30 16:24:47] ENCRYPTED_URL - Module: core, Controller: hub, Action: index - IP: ::1 - User: superadmin
[2026-01-30 16:24:51] ENCRYPTED_URL - Module: core, Controller: hub, Action: acceder - IP: ::1 - User: superadmin
[2026-01-30 16:24:51] ENCRYPTED_URL - Module: instalaciones, Controller: cancha, Action: index - IP: ::1 - User: superadmin
[2026-01-30 16:24:56] ENCRYPTED_URL - Module: core, Controller: dashboard, Action: index - IP: ::1 - User: superadmin
[2026-01-30 16:24:58] ENCRYPTED_URL - Module: core, Controller: hub, Action: index - IP: ::1 - User: superadmin
[2026-01-30 16:25:02] ENCRYPTED_URL - Module: core, Controller: hub, Action: acceder - IP: ::1 - User: superadmin
[2026-01-30 16:25:02] ENCRYPTED_URL - Module: instalaciones, Controller: cancha, Action: index - IP: ::1 - User: superadmin
[2026-01-30 16:25:28] ENCRYPTED_URL - Module: core, Controller: hub, Action: index - IP: ::1 - User: superadmin
[2026-01-30 16:27:35] ENCRYPTED_URL - Module: seguridad, Controller: modulo, Action: crear - IP: ::1 - User: superadmin
[2026-01-30 16:27:35] ENCRYPTED_URL - Module: seguridad, Controller: modulo, Action: index - IP: ::1 - User: superadmin
[2026-01-30 16:27:44] ENCRYPTED_URL - Module: core, Controller: hub, Action: acceder - IP: ::1 - User: superadmin
[2026-01-30 16:27:44] ENCRYPTED_URL - Module: instalaciones, Controller: cancha, Action: index - IP: ::1 - User: superadmin
[2026-01-30 16:28:35] ENCRYPTED_URL - Module: seguridad, Controller: modulo, Action: editar - IP: ::1 - User: superadmin
[2026-01-30 16:29:30] ENCRYPTED_URL - Module: seguridad, Controller: modulo, Action: editar - IP: ::1 - User: superadmin
[2026-01-30 16:29:31] ENCRYPTED_URL - Module: seguridad, Controller: modulo, Action: index - IP: ::1 - User: superadmin
[2026-01-30 16:32:50] ENCRYPTED_URL - Module: instalaciones, Controller: cancha, Action: index - IP: ::1 - User: superadmin
[2026-01-30 16:32:53] ENCRYPTED_URL - Module: instalaciones, Controller: cancha, Action: index - IP: ::1 - User: superadmin
[2026-01-30 16:32:56] ENCRYPTED_URL - Module: instalaciones, Controller: cancha, Action: index - IP: ::1 - User: superadmin
[2026-01-30 16:32:59] ENCRYPTED_URL - Module: reservas, Controller: reserva, Action: index - IP: ::1 - User: superadmin
[2026-01-30 16:33:00] ENCRYPTED_URL - Module: instalaciones, Controller: cancha, Action: index - IP: ::1 - User: superadmin
[2026-01-30 16:33:04] ENCRYPTED_URL - Module: core, Controller: dashboard, Action: index - IP: ::1 - User: superadmin
[2026-01-30 16:33:06] ENCRYPTED_URL - Module: instalaciones, Controller: cancha, Action: index - IP: ::1 - User: superadmin
[2026-01-30 16:33:11] ENCRYPTED_URL - Module: reservas, Controller: reserva, Action: index - IP: ::1 - User: superadmin
[2026-01-30 16:33:42] ENCRYPTED_URL - Module: reservas, Controller: reserva, Action: index - IP: ::1 - User: superadmin
[2026-01-30 16:33:47] ENCRYPTED_URL - Module: instalaciones, Controller: cancha, Action: index - IP: ::1 - User: superadmin
[2026-01-30 16:33:48] ENCRYPTED_URL - Module: core, Controller: dashboard, Action: index - IP: ::1 - User: superadmin
[2026-01-30 16:33:50] ENCRYPTED_URL - Module: core, Controller: dashboard, Action: index - IP: ::1 - User: superadmin
[2026-01-30 16:34:05] ENCRYPTED_URL - Module: core, Controller: hub, Action: index - IP: ::1 - User: superadmin
[2026-01-30 16:34:08] ENCRYPTED_URL - Module: core, Controller: hub, Action: acceder - IP: ::1 - User: superadmin
[2026-01-30 16:34:08] ENCRYPTED_URL - Module: instalaciones, Controller: cancha, Action: index - IP: ::1 - User: superadmin
[2026-01-30 16:35:19] ENCRYPTED_URL - Module: instalaciones, Controller: cancha, Action: index - IP: ::1 - User: superadmin
[2026-01-30 16:40:22] ENCRYPTED_URL - Module: core, Controller: error, Action: show - IP: ::1 - User: superadmin
[2026-01-30 16:40:26] ENCRYPTED_URL - Module: core, Controller: dashboard, Action: index - IP: ::1 - User: superadmin
[2026-01-30 16:40:31] ENCRYPTED_URL - Module: core, Controller: dashboard, Action: index - IP: ::1 - User: superadmin
[2026-01-30 16:40:36] ENCRYPTED_URL - Module: core, Controller: dashboard, Action: index - IP: ::1 - User: superadmin
[2026-01-30 16:40:38] ENCRYPTED_URL - Module: instalaciones, Controller: cancha, Action: index - IP: ::1 - User: superadmin
[2026-01-30 16:41:17] ENCRYPTED_URL - Module: core, Controller: error, Action: show - IP: ::1 - User: superadmin
[2026-01-30 16:44:57] GET_PARAMS - Module: instalaciones, Controller: Dashboard, Action: index - IP: ::1 - User: superadmin
[2026-01-30 17:32:37] GET_PARAMS - Module: core, Controller: Auth, Action: login - IP: ::1 - User: Guest
[2026-01-30 17:32:51] ENCRYPTED_URL - Module: core, Controller: auth, Action: authenticate - IP: ::1 - User: Guest
[2026-01-30 17:32:51] ENCRYPTED_URL - Module: core, Controller: hub, Action: index - IP: ::1 - User: superadmin
[2026-01-30 17:33:01] ENCRYPTED_URL - Module: core, Controller: hub, Action: acceder - IP: ::1 - User: superadmin
[2026-01-30 17:33:01] ENCRYPTED_URL - Module: instalaciones, Controller: cancha, Action: index - IP: ::1 - User: superadmin
[2026-01-30 17:33:08] ENCRYPTED_URL - Module: core, Controller: dashboard, Action: index - IP: ::1 - User: superadmin
[2026-01-30 17:33:12] ENCRYPTED_URL - Module: core, Controller: hub, Action: index - IP: ::1 - User: superadmin
[2026-01-30 17:45:14] ENCRYPTED_URL - Module: core, Controller: dashboard, Action: index - IP: ::1 - User: superadmin
[2026-01-30 17:45:18] ENCRYPTED_URL - Module: core, Controller: hub, Action: index - IP: ::1 - User: superadmin
[2026-01-30 17:45:21] ENCRYPTED_URL - Module: core, Controller: hub, Action: index - IP: ::1 - User: superadmin
[2026-01-30 17:46:00] ENCRYPTED_URL - Module: core, Controller: hub, Action: index - IP: ::1 - User: superadmin
[2026-01-30 17:46:04] ENCRYPTED_URL - Module: core, Controller: hub, Action: acceder - IP: ::1 - User: superadmin
[2026-01-30 17:46:04] ENCRYPTED_URL - Module: instalaciones, Controller: cancha, Action: index - IP: ::1 - User: superadmin
[2026-01-30 17:46:08] ENCRYPTED_URL - Module: core, Controller: hub, Action: acceder - IP: ::1 - User: superadmin
[2026-01-30 17:46:09] ENCRYPTED_URL - Module: reservas, Controller: reserva, Action: index - IP: ::1 - User: superadmin
[2026-01-30 17:46:12] ENCRYPTED_URL - Module: core, Controller: hub, Action: acceder - IP: ::1 - User: superadmin
[2026-01-30 17:46:13] ENCRYPTED_URL - Module: facturacion, Controller: comprobante, Action: index - IP: ::1 - User: superadmin
[2026-01-30 17:46:17] ENCRYPTED_URL - Module: core, Controller: hub, Action: acceder - IP: ::1 - User: superadmin
[2026-01-30 17:46:17] ENCRYPTED_URL - Module: reportes, Controller: kpi, Action: index - IP: ::1 - User: superadmin
[2026-01-30 17:46:21] ENCRYPTED_URL - Module: core, Controller: hub, Action: acceder - IP: ::1 - User: superadmin
[2026-01-30 17:46:22] ENCRYPTED_URL - Module: escuelas, Controller: escuela, Action: index - IP: ::1 - User: superadmin
[2026-01-30 17:46:25] ENCRYPTED_URL - Module: core, Controller: hub, Action: acceder - IP: ::1 - User: superadmin
[2026-01-30 17:46:25] ENCRYPTED_URL - Module: clientes, Controller: cliente, Action: index - IP: ::1 - User: superadmin
[2026-01-30 17:46:28] ENCRYPTED_URL - Module: core, Controller: hub, Action: acceder - IP: ::1 - User: superadmin
[2026-01-30 17:46:29] ENCRYPTED_URL - Module: reservas, Controller: abon, Action: index - IP: ::1 - User: superadmin
[2026-01-30 17:46:30] ENCRYPTED_URL - Module: core, Controller: hub, Action: index - IP: ::1 - User: superadmin
[2026-01-30 17:47:11] ENCRYPTED_URL - Module: core, Controller: hub, Action: acceder - IP: ::1 - User: superadmin
[2026-01-30 17:47:12] ENCRYPTED_URL - Module: instalaciones, Controller: cancha, Action: index - IP: ::1 - User: superadmin
[2026-01-30 17:47:25] ENCRYPTED_URL - Module: core, Controller: hub, Action: acceder - IP: ::1 - User: superadmin
[2026-01-30 17:47:26] ENCRYPTED_URL - Module: instalaciones, Controller: cancha, Action: index - IP: ::1 - User: superadmin
[2026-01-30 17:57:17] ENCRYPTED_URL - Module: core, Controller: hub, Action: index - IP: ::1 - User: superadmin
[2026-01-30 21:03:03] GET_PARAMS - Module: core, Controller: Auth, Action: login - IP: ::1 - User: Guest
[2026-01-30 21:03:17] ENCRYPTED_URL - Module: core, Controller: auth, Action: authenticate - IP: ::1 - User: Guest
[2026-01-30 21:03:18] ENCRYPTED_URL - Module: core, Controller: hub, Action: index - IP: ::1 - User: superadmin
[2026-01-30 21:03:24] ENCRYPTED_URL - Module: core, Controller: hub, Action: acceder - IP: ::1 - User: superadmin
[2026-01-30 21:03:24] ENCRYPTED_URL - Module: instalaciones, Controller: cancha, Action: index - IP: ::1 - User: superadmin
[2026-01-30 21:08:32] GET_PARAMS - Module: instalaciones, Controller: Dashboard, Action: index - IP: ::1 - User: superadmin
[2026-01-30 21:08:45] ENCRYPTED_URL - Module: instalaciones, Controller: cancha, Action: index - IP: ::1 - User: superadmin
[2026-01-30 21:08:47] ENCRYPTED_URL - Module: instalaciones, Controller: Dashboard, Action: index - IP: ::1 - User: superadmin
[2026-01-30 21:08:50] ENCRYPTED_URL - Module: core, Controller: hub, Action: index - IP: ::1 - User: superadmin
[2026-01-30 21:08:53] ENCRYPTED_URL - Module: core, Controller: hub, Action: acceder - IP: ::1 - User: superadmin
[2026-01-30 21:08:53] ENCRYPTED_URL - Module: instalaciones, Controller: cancha, Action: index - IP: ::1 - User: superadmin
[2026-01-30 21:09:05] ENCRYPTED_URL - Module: core, Controller: hub, Action: index - IP: ::1 - User: superadmin
[2026-01-30 21:10:31] ENCRYPTED_URL - Module: core, Controller: hub, Action: acceder - IP: ::1 - User: superadmin
[2026-01-30 21:10:31] ENCRYPTED_URL - Module: seguridad, Controller: dashboard, Action: index - IP: ::1 - User: superadmin
[2026-01-30 21:12:23] ENCRYPTED_URL - Module: core, Controller: hub, Action: index - IP: ::1 - User: superadmin
[2026-01-30 21:12:31] ENCRYPTED_URL - Module: core, Controller: hub, Action: acceder - IP: ::1 - User: superadmin
[2026-01-30 21:12:32] ENCRYPTED_URL - Module: seguridad, Controller: dashboard, Action: index - IP: ::1 - User: superadmin
[2026-01-30 21:12:37] ENCRYPTED_URL - Module: seguridad, Controller: modulo, Action: index - IP: ::1 - User: superadmin
[2026-01-30 21:13:37] ENCRYPTED_URL - Module: seguridad, Controller: modulo, Action: editar - IP: ::1 - User: superadmin
[2026-01-30 21:14:26] ENCRYPTED_URL - Module: core, Controller: hub, Action: acceder - IP: ::1 - User: superadmin
[2026-01-30 21:14:26] ENCRYPTED_URL - Module: multideporte, Controller: dashboard, Action: index - IP: ::1 - User: superadmin
[2026-01-30 21:14:32] ENCRYPTED_URL - Module: multideporte, Controller: disciplina, Action: index - IP: ::1 - User: superadmin
[2026-01-30 21:14:35] ENCRYPTED_URL - Module: core, Controller: hub, Action: index - IP: ::1 - User: superadmin
[2026-01-30 21:14:45] ENCRYPTED_URL - Module: core, Controller: hub, Action: acceder - IP: ::1 - User: superadmin
[2026-01-30 21:14:45] ENCRYPTED_URL - Module: seguridad, Controller: dashboard, Action: index - IP: ::1 - User: superadmin
[2026-01-30 21:14:50] ENCRYPTED_URL - Module: seguridad, Controller: modulo, Action: index - IP: ::1 - User: superadmin
[2026-01-30 21:14:52] ENCRYPTED_URL - Module: seguridad, Controller: modulo, Action: index - IP: ::1 - User: superadmin
[2026-01-30 21:14:55] ENCRYPTED_URL - Module: seguridad, Controller: modulo, Action: index - IP: ::1 - User: superadmin
[2026-01-30 21:15:02] ENCRYPTED_URL - Module: seguridad, Controller: modulo, Action: editar - IP: ::1 - User: superadmin
[2026-01-30 21:15:20] ENCRYPTED_URL - Module: seguridad, Controller: modulo, Action: index - IP: ::1 - User: superadmin
[2026-01-30 21:15:26] ENCRYPTED_URL - Module: core, Controller: hub, Action: index - IP: ::1 - User: superadmin
[2026-01-30 21:16:23] ENCRYPTED_URL - Module: core, Controller: hub, Action: index - IP: ::1 - User: superadmin
