[2026-01-31 18:33:45] GET_PARAMS - Module: core, Controller: Auth, Action: login - IP: ::1 - User: Guest
[2026-01-31 18:33:50] ENCRYPTED_URL - Module: core, Controller: error, Action: show - IP: ::1 - User: Guest
[2026-01-31 18:33:59] ENCRYPTED_URL - Module: core, Controller: auth, Action: login - IP: ::1 - User: Guest
[2026-01-31 18:34:19] ENCRYPTED_URL - Module: core, Controller: auth, Action: authenticate - IP: ::1 - User: Guest
[2026-01-31 18:34:20] ENCRYPTED_URL - Module: core, Controller: hub, Action: index - IP: ::1 - User: superadmin
[2026-01-31 18:34:59] ENCRYPTED_URL - Module: core, Controller: hub, Action: acceder - IP: ::1 - User: superadmin
[2026-01-31 18:35:00] ENCRYPTED_URL - Module: futbol, Controller: dashboard, Action: index - IP: ::1 - User: superadmin
[2026-01-31 18:35:05] ENCRYPTED_URL - Module: core, Controller: hub, Action: index - IP: ::1 - User: superadmin
[2026-01-31 18:36:13] ENCRYPTED_URL - Module: core, Controller: auth, Action: authenticate - IP: ::1 - User: superadmin
[2026-01-31 18:36:14] ENCRYPTED_URL - Module: core, Controller: hub, Action: index - IP: ::1 - User: superadmin
[2026-01-31 18:38:01] ENCRYPTED_URL - Module: core, Controller: hub, Action: acceder - IP: ::1 - User: superadmin
[2026-01-31 18:38:01] ENCRYPTED_URL - Module: store, Controller: dashboard, Action: index - IP: ::1 - User: superadmin
[2026-01-31 18:38:03] ENCRYPTED_URL - Module: core, Controller: hub, Action: index - IP: ::1 - User: superadmin
[2026-01-31 19:29:35] GET_PARAMS - Module: core, Controller: Auth, Action: login - IP: ::1 - User: Guest
[2026-01-31 19:29:51] ENCRYPTED_URL - Module: core, Controller: auth, Action: authenticate - IP: ::1 - User: Guest
[2026-01-31 19:29:52] ENCRYPTED_URL - Module: core, Controller: hub, Action: index - IP: ::1 - User: superadmin
[2026-01-31 19:33:52] ENCRYPTED_URL - Module: core, Controller: hub, Action: acceder - IP: ::1 - User: superadmin
[2026-01-31 19:33:52] ENCRYPTED_URL - Module: instalaciones, Controller: cancha, Action: index - IP: ::1 - User: superadmin
[2026-01-31 19:33:55] ENCRYPTED_URL - Module: instalaciones, Controller: cancha, Action: index - IP: ::1 - User: superadmin
[2026-01-31 19:34:38] ENCRYPTED_URL - Module: instalaciones, Controller: cancha, Action: index - IP: ::1 - User: superadmin
[2026-01-31 19:34:41] ENCRYPTED_URL - Module: core, Controller: hub, Action: index - IP: ::1 - User: superadmin
[2026-01-31 19:40:22] ENCRYPTED_URL - Module: core, Controller: hub, Action: index - IP: ::1 - User: superadmin
[2026-01-31 19:40:26] ENCRYPTED_URL - Module: core, Controller: hub, Action: acceder - IP: ::1 - User: superadmin
[2026-01-31 19:40:26] ENCRYPTED_URL - Module: instalaciones, Controller: cancha, Action: index - IP: ::1 - User: superadmin
[2026-01-31 19:40:31] ENCRYPTED_URL - Module: core, Controller: hub, Action: acceder - IP: ::1 - User: superadmin
[2026-01-31 19:40:31] ENCRYPTED_URL - Module: reservas, Controller: reserva, Action: index - IP: ::1 - User: superadmin
[2026-01-31 20:41:38] GET_PARAMS - Module: core, Controller: Auth, Action: login - IP: ::1 - User: Guest
[2026-01-31 20:41:51] ENCRYPTED_URL - Module: core, Controller: auth, Action: authenticate - IP: ::1 - User: Guest
[2026-01-31 20:41:51] ENCRYPTED_URL - Module: core, Controller: hub, Action: index - IP: ::1 - User: superadmin
[2026-01-31 20:41:56] ENCRYPTED_URL - Module: core, Controller: hub, Action: acceder - IP: ::1 - User: superadmin
[2026-01-31 20:41:56] ENCRYPTED_URL - Module: seguridad, Controller: dashboard, Action: index - IP: ::1 - User: superadmin
[2026-01-31 20:41:59] ENCRYPTED_URL - Module: seguridad, Controller: modulo, Action: index - IP: ::1 - User: superadmin
[2026-01-31 20:42:05] ENCRYPTED_URL - Module: seguridad, Controller: modulo, Action: editar - IP: ::1 - User: superadmin
[2026-01-31 20:42:22] ENCRYPTED_URL - Module: seguridad, Controller: modulo, Action: editar - IP: ::1 - User: superadmin
[2026-01-31 20:42:23] ENCRYPTED_URL - Module: seguridad, Controller: modulo, Action: index - IP: ::1 - User: superadmin
[2026-01-31 20:42:30] ENCRYPTED_URL - Module: seguridad, Controller: dashboard, Action: index - IP: ::1 - User: superadmin
[2026-01-31 20:42:33] ENCRYPTED_URL - Module: core, Controller: hub, Action: index - IP: ::1 - User: superadmin
[2026-01-31 20:46:04] ENCRYPTED_URL - Module: core, Controller: hub, Action: acceder - IP: ::1 - User: superadmin
[2026-01-31 20:46:05] ENCRYPTED_URL - Module: instalaciones, Controller: cancha, Action: index - IP: ::1 - User: superadmin
[2026-01-31 20:46:08] ENCRYPTED_URL - Module: core, Controller: hub, Action: index - IP: ::1 - User: superadmin
[2026-01-31 20:56:26] ENCRYPTED_URL - Module: core, Controller: hub, Action: index - IP: ::1 - User: superadmin
[2026-01-31 20:56:33] ENCRYPTED_URL - Module: core, Controller: hub, Action: acceder - IP: ::1 - User: superadmin
[2026-01-31 20:56:33] ENCRYPTED_URL - Module: seguridad, Controller: dashboard, Action: index - IP: ::1 - User: superadmin
[2026-01-31 20:56:37] ENCRYPTED_URL - Module: seguridad, Controller: modulo, Action: index - IP: ::1 - User: superadmin
[2026-01-31 20:56:45] ENCRYPTED_URL - Module: core, Controller: hub, Action: index - IP: ::1 - User: superadmin
[2026-01-31 20:56:49] ENCRYPTED_URL - Module: core, Controller: hub, Action: index - IP: ::1 - User: superadmin
[2026-01-31 20:58:11] ENCRYPTED_URL - Module: core, Controller: hub, Action: acceder - IP: ::1 - User: superadmin
[2026-01-31 20:58:12] ENCRYPTED_URL - Module: store, Controller: dashboard, Action: index - IP: ::1 - User: superadmin
[2026-01-31 20:58:18] ENCRYPTED_URL - Module: store, Controller: pos, Action: index - IP: ::1 - User: superadmin
[2026-01-31 20:58:25] ENCRYPTED_URL - Module: core, Controller: hub, Action: index - IP: ::1 - User: superadmin
[2026-01-31 20:58:31] ENCRYPTED_URL - Module: core, Controller: hub, Action: index - IP: ::1 - User: superadmin
[2026-01-31 20:59:46] ENCRYPTED_URL - Module: core, Controller: hub, Action: index - IP: ::1 - User: superadmin
[2026-01-31 20:59:49] ENCRYPTED_URL - Module: core, Controller: hub, Action: index - IP: ::1 - User: superadmin
[2026-01-31 21:00:45] ENCRYPTED_URL - Module: core, Controller: hub, Action: index - IP: ::1 - User: superadmin
[2026-01-31 21:01:58] ENCRYPTED_URL - Module: core, Controller: hub, Action: index - IP: ::1 - User: superadmin
[2026-01-31 21:02:07] ENCRYPTED_URL - Module: core, Controller: hub, Action: index - IP: ::1 - User: superadmin
[2026-01-31 21:02:10] ENCRYPTED_URL - Module: core, Controller: hub, Action: index - IP: ::1 - User: superadmin
[2026-01-31 21:02:15] ENCRYPTED_URL - Module: core, Controller: hub, Action: index - IP: ::1 - User: superadmin
[2026-01-31 21:02:19] ENCRYPTED_URL - Module: core, Controller: hub, Action: acceder - IP: ::1 - User: superadmin
[2026-01-31 21:02:19] ENCRYPTED_URL - Module: seguridad, Controller: dashboard, Action: index - IP: ::1 - User: superadmin
[2026-01-31 21:02:33] ENCRYPTED_URL - Module: seguridad, Controller: modulo, Action: iconos - IP: ::1 - User: superadmin
[2026-01-31 21:02:42] ENCRYPTED_URL - Module: seguridad, Controller: tenant, Action: index - IP: ::1 - User: superadmin
[2026-01-31 21:02:59] ENCRYPTED_URL - Module: seguridad, Controller: modulo, Action: index - IP: ::1 - User: superadmin
[2026-01-31 21:03:07] ENCRYPTED_URL - Module: core, Controller: hub, Action: index - IP: ::1 - User: superadmin
[2026-01-31 21:03:21] ENCRYPTED_URL - Module: core, Controller: hub, Action: acceder - IP: ::1 - User: superadmin
[2026-01-31 21:03:22] ENCRYPTED_URL - Module: futbol, Controller: dashboard, Action: index - IP: ::1 - User: superadmin
[2026-01-31 21:03:45] ENCRYPTED_URL - Module: core, Controller: hub, Action: index - IP: ::1 - User: superadmin
[2026-01-31 21:03:52] ENCRYPTED_URL - Module: core, Controller: hub, Action: index - IP: ::1 - User: superadmin
[2026-01-31 21:04:50] ENCRYPTED_URL - Module: core, Controller: hub, Action: index - IP: ::1 - User: superadmin
[2026-01-31 21:05:20] ENCRYPTED_URL - Module: core, Controller: hub, Action: index - IP: ::1 - User: superadmin
[2026-01-31 21:15:50] ENCRYPTED_URL - Module: core, Controller: hub, Action: index - IP: ::1 - User: superadmin
[2026-01-31 21:16:24] ENCRYPTED_URL - Module: core, Controller: hub, Action: index - IP: ::1 - User: superadmin
[2026-01-31 21:17:42] ENCRYPTED_URL - Module: core, Controller: hub, Action: index - IP: ::1 - User: superadmin
[2026-01-31 21:19:58] ENCRYPTED_URL - Module: core, Controller: hub, Action: index - IP: ::1 - User: superadmin
[2026-01-31 21:22:23] ENCRYPTED_URL - Module: core, Controller: dashboard, Action: index - IP: ::1 - User: superadmin
[2026-01-31 21:22:50] ENCRYPTED_URL - Module: core, Controller: dashboard, Action: index - IP: ::1 - User: superadmin
[2026-01-31 21:23:07] ENCRYPTED_URL - Module: core, Controller: dashboard, Action: index - IP: ::1 - User: superadmin
[2026-01-31 21:23:21] ENCRYPTED_URL - Module: instalaciones, Controller: Dashboard, Action: index - IP: ::1 - User: superadmin
[2026-01-31 21:24:21] ENCRYPTED_URL - Module: core, Controller: hub, Action: index - IP: ::1 - User: superadmin
[2026-01-31 21:25:24] ENCRYPTED_URL - Module: core, Controller: hub, Action: acceder - IP: ::1 - User: superadmin
[2026-01-31 21:25:24] ENCRYPTED_URL - Module: seguridad, Controller: dashboard, Action: index - IP: ::1 - User: superadmin
[2026-01-31 21:25:28] ENCRYPTED_URL - Module: core, Controller: hub, Action: index - IP: ::1 - User: superadmin
[2026-01-31 21:26:24] ENCRYPTED_URL - Module: core, Controller: hub, Action: index - IP: ::1 - User: superadmin
[2026-01-31 21:26:53] ENCRYPTED_URL - Module: core, Controller: hub, Action: acceder - IP: ::1 - User: superadmin
[2026-01-31 21:26:53] ENCRYPTED_URL - Module: instalaciones, Controller: cancha, Action: index - IP: ::1 - User: superadmin
[2026-01-31 21:26:57] ENCRYPTED_URL - Module: core, Controller: dashboard, Action: index - IP: ::1 - User: superadmin
[2026-01-31 21:26:59] ENCRYPTED_URL - Module: instalaciones, Controller: Dashboard, Action: index - IP: ::1 - User: superadmin
[2026-01-31 21:27:10] ENCRYPTED_URL - Module: core, Controller: hub, Action: index - IP: ::1 - User: superadmin
[2026-01-31 21:38:14] ENCRYPTED_URL - Module: core, Controller: hub, Action: index - IP: ::1 - User: superadmin
[2026-01-31 21:38:37] ENCRYPTED_URL - Module: core, Controller: hub, Action: acceder - IP: ::1 - User: superadmin
[2026-01-31 21:38:38] ENCRYPTED_URL - Module: core, Controller: hub, Action: index - IP: ::1 - User: superadmin
[2026-01-31 21:38:46] ENCRYPTED_URL - Module: core, Controller: hub, Action: acceder - IP: ::1 - User: superadmin
[2026-01-31 21:38:46] ENCRYPTED_URL - Module: core, Controller: hub, Action: index - IP: ::1 - User: superadmin
[2026-01-31 21:38:56] ENCRYPTED_URL - Module: core, Controller: hub, Action: acceder - IP: ::1 - User: superadmin
[2026-01-31 21:38:57] ENCRYPTED_URL - Module: seguridad, Controller: dashboard, Action: index - IP: ::1 - User: superadmin
[2026-01-31 21:39:02] ENCRYPTED_URL - Module: core, Controller: hub, Action: acceder - IP: ::1 - User: superadmin
[2026-01-31 21:39:03] ENCRYPTED_URL - Module: core, Controller: hub, Action: index - IP: ::1 - User: superadmin
[2026-01-31 21:42:20] ENCRYPTED_URL - Module: core, Controller: hub, Action: index - IP: ::1 - User: superadmin
[2026-01-31 21:42:31] ENCRYPTED_URL - Module: core, Controller: hub, Action: acceder - IP: ::1 - User: superadmin
[2026-01-31 21:42:31] ENCRYPTED_URL - Module: core, Controller: hub, Action: index - IP: ::1 - User: superadmin
[2026-01-31 21:42:47] ENCRYPTED_URL - Module: core, Controller: hub, Action: acceder - IP: ::1 - User: superadmin
[2026-01-31 21:42:48] ENCRYPTED_URL - Module: core, Controller: hub, Action: index - IP: ::1 - User: superadmin
[2026-01-31 21:42:54] ENCRYPTED_URL - Module: core, Controller: hub, Action: acceder - IP: ::1 - User: superadmin
[2026-01-31 21:42:54] ENCRYPTED_URL - Module: core, Controller: hub, Action: index - IP: ::1 - User: superadmin
[2026-01-31 21:43:00] ENCRYPTED_URL - Module: core, Controller: hub, Action: acceder - IP: ::1 - User: superadmin
[2026-01-31 21:43:01] ENCRYPTED_URL - Module: core, Controller: hub, Action: index - IP: ::1 - User: superadmin
[2026-01-31 21:43:08] ENCRYPTED_URL - Module: core, Controller: hub, Action: acceder - IP: ::1 - User: superadmin
[2026-01-31 21:43:08] ENCRYPTED_URL - Module: instalaciones, Controller: cancha, Action: index - IP: ::1 - User: superadmin
[2026-01-31 21:43:11] ENCRYPTED_URL - Module: reservas, Controller: reserva, Action: index - IP: ::1 - User: superadmin
[2026-01-31 21:43:12] ENCRYPTED_URL - Module: instalaciones, Controller: Dashboard, Action: index - IP: ::1 - User: superadmin
[2026-01-31 21:43:14] ENCRYPTED_URL - Module: core, Controller: hub, Action: index - IP: ::1 - User: superadmin
[2026-01-31 21:43:17] ENCRYPTED_URL - Module: core, Controller: hub, Action: acceder - IP: ::1 - User: superadmin
[2026-01-31 21:43:17] ENCRYPTED_URL - Module: instalaciones, Controller: cancha, Action: index - IP: ::1 - User: superadmin
[2026-01-31 21:43:19] ENCRYPTED_URL - Module: instalaciones, Controller: Dashboard, Action: index - IP: ::1 - User: superadmin
[2026-01-31 21:43:21] ENCRYPTED_URL - Module: core, Controller: hub, Action: index - IP: ::1 - User: superadmin
[2026-01-31 21:43:23] ENCRYPTED_URL - Module: core, Controller: hub, Action: acceder - IP: ::1 - User: superadmin
[2026-01-31 21:43:24] ENCRYPTED_URL - Module: instalaciones, Controller: cancha, Action: index - IP: ::1 - User: superadmin
[2026-01-31 21:43:26] ENCRYPTED_URL - Module: reservas, Controller: reserva, Action: index - IP: ::1 - User: superadmin
[2026-01-31 21:43:29] ENCRYPTED_URL - Module: facturacion, Controller: comprobante, Action: index - IP: ::1 - User: superadmin
[2026-01-31 21:43:31] ENCRYPTED_URL - Module: facturacion, Controller: facturaelectronica, Action: index - IP: ::1 - User: superadmin
[2026-01-31 21:43:35] ENCRYPTED_URL - Module: reportes, Controller: kpi, Action: index - IP: ::1 - User: superadmin
[2026-01-31 21:43:39] ENCRYPTED_URL - Module: instalaciones, Controller: Dashboard, Action: index - IP: ::1 - User: superadmin
[2026-01-31 21:43:55] ENCRYPTED_URL - Module: core, Controller: hub, Action: index - IP: ::1 - User: superadmin
[2026-01-31 21:43:58] ENCRYPTED_URL - Module: core, Controller: hub, Action: acceder - IP: ::1 - User: superadmin
[2026-01-31 21:43:58] ENCRYPTED_URL - Module: core, Controller: hub, Action: index - IP: ::1 - User: superadmin
[2026-01-31 21:44:06] ENCRYPTED_URL - Module: core, Controller: hub, Action: acceder - IP: ::1 - User: superadmin
[2026-01-31 21:44:07] ENCRYPTED_URL - Module: core, Controller: hub, Action: index - IP: ::1 - User: superadmin
[2026-01-31 21:44:13] ENCRYPTED_URL - Module: core, Controller: hub, Action: acceder - IP: ::1 - User: superadmin
[2026-01-31 21:44:13] ENCRYPTED_URL - Module: core, Controller: hub, Action: index - IP: ::1 - User: superadmin
[2026-01-31 21:44:23] ENCRYPTED_URL - Module: core, Controller: hub, Action: acceder - IP: ::1 - User: superadmin
[2026-01-31 21:44:24] ENCRYPTED_URL - Module: core, Controller: hub, Action: index - IP: ::1 - User: superadmin
[2026-01-31 21:44:27] ENCRYPTED_URL - Module: core, Controller: hub, Action: acceder - IP: ::1 - User: superadmin
[2026-01-31 21:44:27] ENCRYPTED_URL - Module: core, Controller: hub, Action: index - IP: ::1 - User: superadmin
[2026-01-31 21:44:31] ENCRYPTED_URL - Module: core, Controller: hub, Action: acceder - IP: ::1 - User: superadmin
[2026-01-31 21:44:31] ENCRYPTED_URL - Module: seguridad, Controller: dashboard, Action: index - IP: ::1 - User: superadmin
[2026-01-31 21:44:34] ENCRYPTED_URL - Module: seguridad, Controller: modulo, Action: index - IP: ::1 - User: superadmin
[2026-01-31 21:44:42] ENCRYPTED_URL - Module: core, Controller: hub, Action: index - IP: ::1 - User: superadmin
[2026-01-31 21:44:52] ENCRYPTED_URL - Module: seguridad, Controller: modulo, Action: editar - IP: ::1 - User: superadmin
[2026-01-31 21:45:11] ENCRYPTED_URL - Module: seguridad, Controller: modulo, Action: editar - IP: ::1 - User: superadmin
[2026-01-31 21:45:11] ENCRYPTED_URL - Module: seguridad, Controller: modulo, Action: index - IP: ::1 - User: superadmin
[2026-01-31 21:45:15] ENCRYPTED_URL - Module: core, Controller: hub, Action: index - IP: ::1 - User: superadmin
[2026-01-31 21:45:20] ENCRYPTED_URL - Module: core, Controller: hub, Action: acceder - IP: ::1 - User: superadmin
[2026-01-31 21:45:20] ENCRYPTED_URL - Module: core, Controller: hub, Action: index - IP: ::1 - User: superadmin
[2026-01-31 21:45:28] ENCRYPTED_URL - Module: core, Controller: hub, Action: acceder - IP: ::1 - User: superadmin
[2026-01-31 21:45:28] ENCRYPTED_URL - Module: seguridad, Controller: dashboard, Action: index - IP: ::1 - User: superadmin
[2026-01-31 21:45:35] ENCRYPTED_URL - Module: seguridad, Controller: modulo, Action: index - IP: ::1 - User: superadmin
[2026-01-31 21:45:39] ENCRYPTED_URL - Module: seguridad, Controller: modulo, Action: editar - IP: ::1 - User: superadmin
[2026-01-31 21:46:16] ENCRYPTED_URL - Module: seguridad, Controller: modulo, Action: editar - IP: ::1 - User: superadmin
[2026-01-31 21:46:16] ENCRYPTED_URL - Module: seguridad, Controller: modulo, Action: index - IP: ::1 - User: superadmin
[2026-01-31 21:46:20] ENCRYPTED_URL - Module: core, Controller: hub, Action: index - IP: ::1 - User: superadmin
[2026-01-31 21:47:25] ENCRYPTED_URL - Module: core, Controller: hub, Action: index - IP: ::1 - User: superadmin
[2026-01-31 21:47:27] ENCRYPTED_URL - Module: core, Controller: hub, Action: acceder - IP: ::1 - User: superadmin
[2026-01-31 21:47:28] ENCRYPTED_URL - Module: core, Controller: hub, Action: index - IP: ::1 - User: superadmin
[2026-01-31 21:50:07] ENCRYPTED_URL - Module: core, Controller: hub, Action: index - IP: ::1 - User: superadmin
[2026-01-31 21:50:10] ENCRYPTED_URL - Module: core, Controller: hub, Action: index - IP: ::1 - User: superadmin
[2026-01-31 21:51:46] ENCRYPTED_URL - Module: core, Controller: hub, Action: index - IP: ::1 - User: superadmin
[2026-01-31 21:59:13] ENCRYPTED_URL - Module: core, Controller: hub, Action: index - IP: ::1 - User: superadmin
[2026-01-31 22:00:51] ENCRYPTED_URL - Module: core, Controller: hub, Action: index - IP: ::1 - User: superadmin
[2026-01-31 22:03:22] ENCRYPTED_URL - Module: core, Controller: hub, Action: index - IP: ::1 - User: superadmin
[2026-01-31 22:03:39] ENCRYPTED_URL - Module: core, Controller: hub, Action: index - IP: ::1 - User: superadmin
[2026-01-31 22:03:42] ENCRYPTED_URL - Module: core, Controller: hub, Action: index - IP: ::1 - User: superadmin
[2026-01-31 22:03:56] ENCRYPTED_URL - Module: core, Controller: hub, Action: index - IP: ::1 - User: superadmin
[2026-01-31 22:05:31] ENCRYPTED_URL - Module: core, Controller: hub, Action: index - IP: ::1 - User: superadmin
[2026-01-31 22:06:10] ENCRYPTED_URL - Module: core, Controller: hub, Action: index - IP: ::1 - User: superadmin
[2026-01-31 22:07:13] ENCRYPTED_URL - Module: core, Controller: hub, Action: index - IP: ::1 - User: superadmin
[2026-01-31 22:08:09] ENCRYPTED_URL - Module: core, Controller: hub, Action: index - IP: ::1 - User: superadmin
[2026-01-31 22:08:35] ENCRYPTED_URL - Module: core, Controller: hub, Action: index - IP: ::1 - User: superadmin
[2026-01-31 22:08:41] ENCRYPTED_URL - Module: core, Controller: hub, Action: index - IP: ::1 - User: superadmin
[2026-01-31 22:08:47] ENCRYPTED_URL - Module: seguridad, Controller: modulo, Action: crear - IP: ::1 - User: superadmin
[2026-01-31 22:09:24] ENCRYPTED_URL - Module: core, Controller: auth, Action: logout - IP: ::1 - User: superadmin
[2026-01-31 22:09:25] ENCRYPTED_URL - Module: core, Controller: auth, Action: login - IP: ::1 - User: Guest
[2026-01-31 22:09:43] ENCRYPTED_URL - Module: core, Controller: auth, Action: authenticate - IP: ::1 - User: Guest
[2026-01-31 22:09:43] ENCRYPTED_URL - Module: core, Controller: hub, Action: index - IP: ::1 - User: superadmin
[2026-01-31 22:11:04] ENCRYPTED_URL - Module: core, Controller: hub, Action: acceder - IP: ::1 - User: superadmin
[2026-01-31 22:11:04] ENCRYPTED_URL - Module: instalaciones, Controller: cancha, Action: index - IP: ::1 - User: superadmin
[2026-01-31 22:11:08] ENCRYPTED_URL - Module: core, Controller: hub, Action: index - IP: ::1 - User: superadmin
[2026-01-31 22:11:14] ENCRYPTED_URL - Module: core, Controller: hub, Action: acceder - IP: ::1 - User: superadmin
[2026-01-31 22:11:14] ENCRYPTED_URL - Module: core, Controller: hub, Action: index - IP: ::1 - User: superadmin
[2026-01-31 22:11:22] ENCRYPTED_URL - Module: core, Controller: hub, Action: acceder - IP: ::1 - User: superadmin
[2026-01-31 22:11:22] ENCRYPTED_URL - Module: seguridad, Controller: dashboard, Action: index - IP: ::1 - User: superadmin
[2026-01-31 22:11:26] ENCRYPTED_URL - Module: seguridad, Controller: modulo, Action: index - IP: ::1 - User: superadmin
[2026-01-31 22:11:42] ENCRYPTED_URL - Module: seguridad, Controller: modulo, Action: editar - IP: ::1 - User: superadmin
[2026-01-31 22:11:53] ENCRYPTED_URL - Module: seguridad, Controller: modulo, Action: editar - IP: ::1 - User: superadmin
[2026-01-31 22:11:53] ENCRYPTED_URL - Module: seguridad, Controller: modulo, Action: index - IP: ::1 - User: superadmin
[2026-01-31 22:12:27] ENCRYPTED_URL - Module: core, Controller: hub, Action: index - IP: ::1 - User: superadmin
[2026-01-31 22:14:17] ENCRYPTED_URL - Module: core, Controller: hub, Action: index - IP: ::1 - User: superadmin
[2026-01-31 22:17:13] ENCRYPTED_URL - Module: core, Controller: hub, Action: index - IP: ::1 - User: superadmin
[2026-01-31 22:20:06] ENCRYPTED_URL - Module: core, Controller: hub, Action: index - IP: ::1 - User: superadmin
[2026-01-31 22:20:15] ENCRYPTED_URL - Module: core, Controller: hub, Action: index - IP: ::1 - User: superadmin
[2026-01-31 22:20:24] ENCRYPTED_URL - Module: core, Controller: hub, Action: acceder - IP: ::1 - User: superadmin
[2026-01-31 22:20:24] ENCRYPTED_URL - Module: core, Controller: hub, Action: index - IP: ::1 - User: superadmin
[2026-01-31 22:21:21] ENCRYPTED_URL - Module: core, Controller: hub, Action: index - IP: ::1 - User: superadmin
[2026-01-31 22:21:40] ENCRYPTED_URL - Module: core, Controller: hub, Action: index - IP: ::1 - User: superadmin
[2026-01-31 22:22:34] ENCRYPTED_URL - Module: core, Controller: hub, Action: index - IP: ::1 - User: superadmin
[2026-01-31 22:22:56] ENCRYPTED_URL - Module: core, Controller: hub, Action: acceder - IP: ::1 - User: superadmin
[2026-01-31 22:22:57] ENCRYPTED_URL - Module: core, Controller: hub, Action: index - IP: ::1 - User: superadmin
[2026-01-31 22:23:00] ENCRYPTED_URL - Module: core, Controller: hub, Action: acceder - IP: ::1 - User: superadmin
[2026-01-31 22:23:01] ENCRYPTED_URL - Module: core, Controller: hub, Action: index - IP: ::1 - User: superadmin
[2026-01-31 22:24:05] ENCRYPTED_URL - Module: core, Controller: hub, Action: index - IP: ::1 - User: superadmin
[2026-01-31 22:25:44] ENCRYPTED_URL - Module: core, Controller: hub, Action: index - IP: ::1 - User: superadmin
[2026-01-31 22:56:32] GET_PARAMS - Module: core, Controller: Auth, Action: login - IP: ::1 - User: Guest
