[2026-02-03 00:12:39] ENCRYPTED_URL - Module: seguridad, Controller: modulo, Action: index - IP: ::1 - User: superadmin
[2026-02-03 00:12:48] ENCRYPTED_URL - Module: seguridad, Controller: modulo, Action: editar - IP: ::1 - User: superadmin
[2026-02-03 00:12:50] ENCRYPTED_URL - Module: seguridad, Controller: modulo, Action: index - IP: ::1 - User: superadmin
[2026-02-03 00:14:12] ENCRYPTED_URL - Module: seguridad, Controller: modulo, Action: index - IP: ::1 - User: superadmin
[2026-02-03 00:14:31] ENCRYPTED_URL - Module: core, Controller: hub, Action: index - IP: ::1 - User: superadmin
[2026-02-03 00:15:10] ENCRYPTED_URL - Module: core, Controller: hub, Action: acceder - IP: ::1 - User: superadmin
[2026-02-03 00:15:11] ENCRYPTED_URL - Module: instalaciones, Controller: cancha, Action: index - IP: ::1 - User: superadmin
[2026-02-03 00:15:15] ENCRYPTED_URL - Module: core, Controller: hub, Action: index - IP: ::1 - User: superadmin
[2026-02-03 00:15:49] ENCRYPTED_URL - Module: core, Controller: hub, Action: acceder - IP: ::1 - User: superadmin
[2026-02-03 00:15:50] ENCRYPTED_URL - Module: seguridad, Controller: dashboard, Action: index - IP: ::1 - User: superadmin
[2026-02-03 00:15:54] ENCRYPTED_URL - Module: seguridad, Controller: modulo, Action: index - IP: ::1 - User: superadmin
[2026-02-03 00:17:20] ENCRYPTED_URL - Module: seguridad, Controller: tenant, Action: index - IP: ::1 - User: superadmin
[2026-02-03 00:17:28] ENCRYPTED_URL - Module: seguridad, Controller: plan, Action: index - IP: ::1 - User: superadmin
[2026-02-03 00:18:20] ENCRYPTED_URL - Module: seguridad, Controller: dashboard, Action: index - IP: ::1 - User: superadmin
[2026-02-03 00:18:45] ENCRYPTED_URL - Module: seguridad, Controller: usuario, Action: index - IP: ::1 - User: superadmin
[2026-02-03 00:18:49] ENCRYPTED_URL - Module: seguridad, Controller: tenant, Action: index - IP: ::1 - User: superadmin
[2026-02-03 00:19:03] ENCRYPTED_URL - Module: seguridad, Controller: tenant, Action: ver - IP: ::1 - User: superadmin
[2026-02-03 00:19:39] ENCRYPTED_URL - Module: seguridad, Controller: tenant, Action: editar - IP: ::1 - User: superadmin
[2026-02-03 00:20:51] ENCRYPTED_URL - Module: seguridad, Controller: tenant, Action: index - IP: ::1 - User: superadmin
[2026-02-03 00:20:54] ENCRYPTED_URL - Module: seguridad, Controller: tenant, Action: suscripciones - IP: ::1 - User: superadmin
[2026-02-03 00:21:56] ENCRYPTED_URL - Module: seguridad, Controller: tenant, Action: index - IP: ::1 - User: superadmin
[2026-02-03 00:22:18] ENCRYPTED_URL - Module: seguridad, Controller: tenant, Action: suspender - IP: ::1 - User: superadmin
[2026-02-03 00:22:20] ENCRYPTED_URL - Module: seguridad, Controller: tenant, Action: index - IP: ::1 - User: superadmin
[2026-02-03 00:22:27] ENCRYPTED_URL - Module: seguridad, Controller: tenant, Action: reactivar - IP: ::1 - User: superadmin
[2026-02-03 00:22:29] ENCRYPTED_URL - Module: seguridad, Controller: tenant, Action: index - IP: ::1 - User: superadmin
[2026-02-03 00:23:32] ENCRYPTED_URL - Module: seguridad, Controller: auditoria, Action: accesos - IP: ::1 - User: superadmin
[2026-02-03 00:23:48] ENCRYPTED_URL - Module: seguridad, Controller: auditoria, Action: cambios - IP: ::1 - User: superadmin
[2026-02-03 00:23:55] ENCRYPTED_URL - Module: seguridad, Controller: auditoria, Action: alertas - IP: ::1 - User: superadmin
[2026-02-03 00:24:01] ENCRYPTED_URL - Module: seguridad, Controller: modulo, Action: configuracion - IP: ::1 - User: superadmin
[2026-02-03 00:24:13] ENCRYPTED_URL - Module: seguridad, Controller: modulo, Action: index - IP: ::1 - User: superadmin
[2026-02-03 00:24:47] ENCRYPTED_URL - Module: seguridad, Controller: tenant, Action: index - IP: ::1 - User: superadmin
[2026-02-03 00:25:11] ENCRYPTED_URL - Module: seguridad, Controller: tenant, Action: editar - IP: ::1 - User: superadmin
[2026-02-03 00:25:18] ENCRYPTED_URL - Module: seguridad, Controller: tenant, Action: actualizar - IP: ::1 - User: superadmin
[2026-02-03 00:25:27] ENCRYPTED_URL - Module: seguridad, Controller: tenant, Action: actualizar - IP: ::1 - User: superadmin
[2026-02-03 00:25:44] ENCRYPTED_URL - Module: core, Controller: hub, Action: index - IP: ::1 - User: superadmin
[2026-02-03 00:25:49] ENCRYPTED_URL - Module: core, Controller: hub, Action: acceder - IP: ::1 - User: superadmin
[2026-02-03 00:25:50] ENCRYPTED_URL - Module: instalaciones, Controller: cancha, Action: index - IP: ::1 - User: superadmin
[2026-02-03 00:25:55] ENCRYPTED_URL - Module: reservas, Controller: reserva, Action: index - IP: ::1 - User: superadmin
[2026-02-03 00:25:57] ENCRYPTED_URL - Module: reservas, Controller: reserva, Action: buscar - IP: ::1 - User: superadmin
[2026-02-03 00:26:01] ENCRYPTED_URL - Module: facturacion, Controller: comprobante, Action: index - IP: ::1 - User: superadmin
[2026-02-03 00:26:20] ENCRYPTED_URL - Module: core, Controller: dashboard, Action: index - IP: ::1 - User: superadmin
[2026-02-03 00:27:41] ENCRYPTED_URL - Module: core, Controller: hub, Action: index - IP: ::1 - User: superadmin
[2026-02-03 08:24:09] GET_PARAMS - Module: core, Controller: Auth, Action: login - IP: ::1 - User: Guest
[2026-02-03 08:29:08] ENCRYPTED_URL - Module: core, Controller: auth, Action: authenticate - IP: ::1 - User: Guest
[2026-02-03 08:29:09] ENCRYPTED_URL - Module: core, Controller: auth, Action: login - IP: ::1 - User: Guest
[2026-02-03 08:29:19] ENCRYPTED_URL - Module: core, Controller: auth, Action: authenticate - IP: ::1 - User: Guest
[2026-02-03 08:29:20] ENCRYPTED_URL - Module: core, Controller: hub, Action: index - IP: ::1 - User: superadmin
[2026-02-03 08:48:45] ENCRYPTED_URL - Module: core, Controller: hub, Action: acceder - IP: ::1 - User: superadmin
[2026-02-03 08:48:45] ENCRYPTED_URL - Module: seguridad, Controller: dashboard, Action: index - IP: ::1 - User: superadmin
[2026-02-03 08:48:49] ENCRYPTED_URL - Module: seguridad, Controller: modulo, Action: index - IP: ::1 - User: superadmin
[2026-02-03 08:49:05] ENCRYPTED_URL - Module: seguridad, Controller: modulo, Action: editar - IP: ::1 - User: superadmin
[2026-02-03 08:49:13] ENCRYPTED_URL - Module: seguridad, Controller: modulo, Action: index - IP: ::1 - User: superadmin
[2026-02-03 09:54:32] ENCRYPTED_URL - Module: seguridad, Controller: modulo, Action: index - IP: ::1 - User: superadmin
[2026-02-03 10:00:08] ENCRYPTED_URL - Module: seguridad, Controller: modulo, Action: index - IP: ::1 - User: superadmin
[2026-02-03 10:26:04] ENCRYPTED_URL - Module: core, Controller: hub, Action: index - IP: ::1 - User: superadmin
[2026-02-03 10:26:06] ENCRYPTED_URL - Module: core, Controller: auth, Action: logout - IP: ::1 - User: superadmin
[2026-02-03 10:26:07] ENCRYPTED_URL - Module: core, Controller: auth, Action: login - IP: ::1 - User: Guest
[2026-02-03 10:46:03] ENCRYPTED_URL - Module: core, Controller: auth, Action: login - IP: ::1 - User: Guest
[2026-02-03 10:56:42] ENCRYPTED_URL - Module: core, Controller: auth, Action: authenticate - IP: ::1 - User: Guest
[2026-02-03 10:56:43] ENCRYPTED_URL - Module: core, Controller: hub, Action: index - IP: ::1 - User: superadmin
[2026-02-03 11:06:23] ENCRYPTED_URL - Module: core, Controller: hub, Action: acceder - IP: ::1 - User: superadmin
[2026-02-03 11:06:24] ENCRYPTED_URL - Module: seguridad, Controller: dashboard, Action: index - IP: ::1 - User: superadmin
[2026-02-03 11:06:27] ENCRYPTED_URL - Module: seguridad, Controller: modulo, Action: index - IP: ::1 - User: superadmin
[2026-02-03 15:10:01] GET_PARAMS - Module: core, Controller: Auth, Action: login - IP: ::1 - User: Guest
[2026-02-03 15:10:05] ENCRYPTED_URL - Module: seguridad, Controller: modulo, Action: index - IP: ::1 - User: Guest
[2026-02-03 15:10:07] ENCRYPTED_URL - Module: seguridad, Controller: dashboard, Action: index - IP: ::1 - User: Guest
[2026-02-03 15:33:20] ENCRYPTED_URL - Module: core, Controller: auth, Action: login - IP: ::1 - User: Guest
[2026-02-03 15:33:35] ENCRYPTED_URL - Module: core, Controller: auth, Action: authenticate - IP: ::1 - User: Guest
[2026-02-03 15:33:35] ENCRYPTED_URL - Module: core, Controller: auth, Action: login - IP: ::1 - User: Guest
[2026-02-03 15:33:46] ENCRYPTED_URL - Module: core, Controller: auth, Action: authenticate - IP: ::1 - User: Guest
[2026-02-03 15:33:46] ENCRYPTED_URL - Module: core, Controller: hub, Action: index - IP: ::1 - User: superadmin
[2026-02-03 15:33:51] ENCRYPTED_URL - Module: core, Controller: hub, Action: acceder - IP: ::1 - User: superadmin
[2026-02-03 15:33:51] ENCRYPTED_URL - Module: core, Controller: hub, Action: index - IP: ::1 - User: superadmin
[2026-02-03 15:33:54] ENCRYPTED_URL - Module: core, Controller: hub, Action: acceder - IP: ::1 - User: superadmin
[2026-02-03 15:33:54] ENCRYPTED_URL - Module: futbol, Controller: dashboard, Action: index - IP: ::1 - User: superadmin
[2026-02-03 15:33:56] ENCRYPTED_URL - Module: core, Controller: hub, Action: index - IP: ::1 - User: superadmin
[2026-02-03 15:34:00] ENCRYPTED_URL - Module: core, Controller: hub, Action: acceder - IP: ::1 - User: superadmin
[2026-02-03 15:34:01] ENCRYPTED_URL - Module: seguridad, Controller: dashboard, Action: index - IP: ::1 - User: superadmin
[2026-02-03 15:34:17] ENCRYPTED_URL - Module: seguridad, Controller: rol, Action: index - IP: ::1 - User: superadmin
[2026-02-03 15:34:25] ENCRYPTED_URL - Module: seguridad, Controller: rol, Action: permisos - IP: ::1 - User: superadmin
[2026-02-03 15:34:34] ENCRYPTED_URL - Module: seguridad, Controller: rol, Action: index - IP: ::1 - User: superadmin
[2026-02-03 15:34:39] ENCRYPTED_URL - Module: seguridad, Controller: modulo, Action: index - IP: ::1 - User: superadmin
[2026-02-03 15:34:46] ENCRYPTED_URL - Module: seguridad, Controller: rol, Action: index - IP: ::1 - User: superadmin
[2026-02-03 15:34:49] ENCRYPTED_URL - Module: seguridad, Controller: rol, Action: index - IP: ::1 - User: superadmin
[2026-02-03 15:34:50] ENCRYPTED_URL - Module: seguridad, Controller: tenant, Action: index - IP: ::1 - User: superadmin
[2026-02-03 15:35:00] ENCRYPTED_URL - Module: seguridad, Controller: rol, Action: permisos - IP: ::1 - User: superadmin
[2026-02-03 15:35:05] ENCRYPTED_URL - Module: seguridad, Controller: rol, Action: index - IP: ::1 - User: superadmin
[2026-02-03 15:35:15] ENCRYPTED_URL - Module: seguridad, Controller: rol, Action: crear - IP: ::1 - User: superadmin
[2026-02-03 15:35:19] ENCRYPTED_URL - Module: seguridad, Controller: rol, Action: editar - IP: ::1 - User: superadmin
[2026-02-03 15:35:20] ENCRYPTED_URL - Module: seguridad, Controller: rol, Action: index - IP: ::1 - User: superadmin
[2026-02-03 15:35:33] ENCRYPTED_URL - Module: seguridad, Controller: rol, Action: crear - IP: ::1 - User: superadmin
[2026-02-03 15:35:34] ENCRYPTED_URL - Module: seguridad, Controller: rol, Action: editar - IP: ::1 - User: superadmin
[2026-02-03 15:35:35] ENCRYPTED_URL - Module: seguridad, Controller: rol, Action: index - IP: ::1 - User: superadmin
[2026-02-03 15:35:36] ENCRYPTED_URL - Module: seguridad, Controller: rol, Action: permisos - IP: ::1 - User: superadmin
[2026-02-03 15:35:43] ENCRYPTED_URL - Module: seguridad, Controller: auditoria, Action: accesos - IP: ::1 - User: superadmin
[2026-02-03 15:35:50] ENCRYPTED_URL - Module: seguridad, Controller: rol, Action: permisos - IP: ::1 - User: superadmin
[2026-02-03 15:37:15] ENCRYPTED_URL - Module: seguridad, Controller: rol, Action: index - IP: ::1 - User: superadmin
[2026-02-03 15:37:18] ENCRYPTED_URL - Module: seguridad, Controller: dashboard, Action: index - IP: ::1 - User: superadmin
[2026-02-03 15:37:22] ENCRYPTED_URL - Module: seguridad, Controller: tenant, Action: index - IP: ::1 - User: superadmin
[2026-02-03 15:37:27] ENCRYPTED_URL - Module: seguridad, Controller: rol, Action: index - IP: ::1 - User: superadmin
[2026-02-03 15:40:41] ENCRYPTED_URL - Module: seguridad, Controller: rol, Action: permisos - IP: ::1 - User: superadmin
[2026-02-03 15:41:37] ENCRYPTED_URL - Module: seguridad, Controller: rol, Action: permisos - IP: ::1 - User: superadmin
[2026-02-03 15:42:40] ENCRYPTED_URL - Module: seguridad, Controller: rol, Action: permisos - IP: ::1 - User: superadmin
[2026-02-03 15:43:52] ENCRYPTED_URL - Module: seguridad, Controller: rol, Action: permisos - IP: ::1 - User: superadmin
[2026-02-03 15:43:57] ENCRYPTED_URL - Module: seguridad, Controller: rol, Action: index - IP: ::1 - User: superadmin
[2026-02-03 15:44:02] ENCRYPTED_URL - Module: seguridad, Controller: rol, Action: editar - IP: ::1 - User: superadmin
[2026-02-03 15:44:17] ENCRYPTED_URL - Module: seguridad, Controller: rol, Action: index - IP: ::1 - User: superadmin
[2026-02-03 15:44:20] ENCRYPTED_URL - Module: seguridad, Controller: rol, Action: permisos - IP: ::1 - User: superadmin
[2026-02-03 15:45:41] ENCRYPTED_URL - Module: seguridad, Controller: tenant, Action: index - IP: ::1 - User: superadmin
[2026-02-03 15:47:09] ENCRYPTED_URL - Module: seguridad, Controller: tenant, Action: index - IP: ::1 - User: superadmin
[2026-02-03 15:47:12] ENCRYPTED_URL - Module: seguridad, Controller: tenant, Action: crear - IP: ::1 - User: superadmin
[2026-02-03 15:47:14] ENCRYPTED_URL - Module: seguridad, Controller: tenant, Action: suspender - IP: ::1 - User: superadmin
[2026-02-03 15:47:19] ENCRYPTED_URL - Module: seguridad, Controller: tenant, Action: reactivar - IP: ::1 - User: superadmin
[2026-02-03 15:47:21] ENCRYPTED_URL - Module: seguridad, Controller: tenant, Action: renovar - IP: ::1 - User: superadmin
[2026-02-03 15:47:22] ENCRYPTED_URL - Module: seguridad, Controller: tenant, Action: suscripciones - IP: ::1 - User: superadmin
[2026-02-03 15:47:26] ENCRYPTED_URL - Module: seguridad, Controller: usuario, Action: index - IP: ::1 - User: superadmin
[2026-02-03 15:47:32] ENCRYPTED_URL - Module: seguridad, Controller: usuario, Action: crear - IP: ::1 - User: superadmin
[2026-02-03 15:47:40] ENCRYPTED_URL - Module: seguridad, Controller: rol, Action: index - IP: ::1 - User: superadmin
[2026-02-03 15:47:43] ENCRYPTED_URL - Module: seguridad, Controller: modulo, Action: index - IP: ::1 - User: superadmin
[2026-02-03 15:48:16] ENCRYPTED_URL - Module: seguridad, Controller: modulo, Action: index - IP: ::1 - User: superadmin
[2026-02-03 15:48:45] ENCRYPTED_URL - Module: seguridad, Controller: modulo, Action: index - IP: ::1 - User: superadmin
[2026-02-03 15:49:28] ENCRYPTED_URL - Module: seguridad, Controller: modulo, Action: index - IP: ::1 - User: superadmin
[2026-02-03 15:49:46] ENCRYPTED_URL - Module: seguridad, Controller: modulo, Action: index - IP: ::1 - User: superadmin
[2026-02-03 15:49:48] ENCRYPTED_URL - Module: seguridad, Controller: modulo, Action: index - IP: ::1 - User: superadmin
[2026-02-03 15:51:22] ENCRYPTED_URL - Module: seguridad, Controller: modulo, Action: index - IP: ::1 - User: superadmin
[2026-02-03 15:52:46] ENCRYPTED_URL - Module: seguridad, Controller: modulo, Action: index - IP: ::1 - User: superadmin
[2026-02-03 15:53:50] ENCRYPTED_URL - Module: seguridad, Controller: modulo, Action: index - IP: ::1 - User: superadmin
[2026-02-03 15:54:25] ENCRYPTED_URL - Module: seguridad, Controller: modulo, Action: index - IP: ::1 - User: superadmin
[2026-02-03 15:55:11] ENCRYPTED_URL - Module: seguridad, Controller: modulo, Action: index - IP: ::1 - User: superadmin
[2026-02-03 15:56:27] ENCRYPTED_URL - Module: seguridad, Controller: modulo, Action: index - IP: ::1 - User: superadmin
[2026-02-03 15:56:30] ENCRYPTED_URL - Module: seguridad, Controller: modulo, Action: index - IP: ::1 - User: superadmin
[2026-02-03 15:56:47] ENCRYPTED_URL - Module: seguridad, Controller: modulo, Action: index - IP: ::1 - User: superadmin
[2026-02-03 15:57:10] ENCRYPTED_URL - Module: seguridad, Controller: modulo, Action: index - IP: ::1 - User: superadmin
[2026-02-03 15:57:46] ENCRYPTED_URL - Module: seguridad, Controller: modulo, Action: index - IP: ::1 - User: superadmin
[2026-02-03 15:58:42] ENCRYPTED_URL - Module: seguridad, Controller: modulo, Action: index - IP: ::1 - User: superadmin
[2026-02-03 15:59:05] ENCRYPTED_URL - Module: seguridad, Controller: modulo, Action: index - IP: ::1 - User: superadmin
[2026-02-03 15:59:07] ENCRYPTED_URL - Module: seguridad, Controller: modulo, Action: index - IP: ::1 - User: superadmin
[2026-02-03 15:59:44] ENCRYPTED_URL - Module: seguridad, Controller: modulo, Action: index - IP: ::1 - User: superadmin
[2026-02-03 16:00:10] ENCRYPTED_URL - Module: seguridad, Controller: modulo, Action: index - IP: ::1 - User: superadmin
[2026-02-03 16:01:23] ENCRYPTED_URL - Module: seguridad, Controller: modulo, Action: index - IP: ::1 - User: superadmin
[2026-02-03 16:01:47] ENCRYPTED_URL - Module: seguridad, Controller: rol, Action: index - IP: ::1 - User: superadmin
[2026-02-03 16:01:50] ENCRYPTED_URL - Module: seguridad, Controller: rol, Action: index - IP: ::1 - User: superadmin
[2026-02-03 16:01:54] ENCRYPTED_URL - Module: seguridad, Controller: rol, Action: permisos - IP: ::1 - User: superadmin
[2026-02-03 16:02:05] ENCRYPTED_URL - Module: seguridad, Controller: tenant, Action: index - IP: ::1 - User: superadmin
[2026-02-03 16:02:07] ENCRYPTED_URL - Module: seguridad, Controller: tenant, Action: index - IP: ::1 - User: superadmin
[2026-02-03 16:02:10] ENCRYPTED_URL - Module: seguridad, Controller: tenant, Action: crear - IP: ::1 - User: superadmin
[2026-02-03 16:02:10] ENCRYPTED_URL - Module: seguridad, Controller: tenant, Action: suspender - IP: ::1 - User: superadmin
[2026-02-03 16:02:11] ENCRYPTED_URL - Module: seguridad, Controller: tenant, Action: reactivar - IP: ::1 - User: superadmin
[2026-02-03 16:02:12] ENCRYPTED_URL - Module: seguridad, Controller: tenant, Action: renovar - IP: ::1 - User: superadmin
[2026-02-03 16:02:13] ENCRYPTED_URL - Module: seguridad, Controller: tenant, Action: suscripciones - IP: ::1 - User: superadmin
[2026-02-03 16:02:16] ENCRYPTED_URL - Module: seguridad, Controller: usuario, Action: index - IP: ::1 - User: superadmin
[2026-02-03 16:02:44] ENCRYPTED_URL - Module: seguridad, Controller: usuario, Action: crear - IP: ::1 - User: superadmin
[2026-02-03 16:02:46] ENCRYPTED_URL - Module: seguridad, Controller: usuario, Action: editar - IP: ::1 - User: superadmin
[2026-02-03 16:02:54] ENCRYPTED_URL - Module: seguridad, Controller: usuario, Action: index - IP: ::1 - User: superadmin
[2026-02-03 16:02:57] ENCRYPTED_URL - Module: seguridad, Controller: usuario, Action: editar - IP: ::1 - User: superadmin
[2026-02-03 16:03:15] ENCRYPTED_URL - Module: seguridad, Controller: usuario, Action: resetPassword - IP: ::1 - User: superadmin
[2026-02-03 16:03:34] ENCRYPTED_URL - Module: seguridad, Controller: rol, Action: index - IP: ::1 - User: superadmin
[2026-02-03 16:03:37] ENCRYPTED_URL - Module: seguridad, Controller: modulo, Action: index - IP: ::1 - User: superadmin
[2026-02-03 16:03:42] ENCRYPTED_URL - Module: seguridad, Controller: asignacion, Action: modulos - IP: ::1 - User: superadmin
[2026-02-03 16:03:46] ENCRYPTED_URL - Module: seguridad, Controller: modulo, Action: index - IP: ::1 - User: superadmin
[2026-02-03 16:03:50] ENCRYPTED_URL - Module: seguridad, Controller: modulo, Action: index - IP: ::1 - User: superadmin
[2026-02-03 16:04:27] ENCRYPTED_URL - Module: seguridad, Controller: modulo, Action: index - IP: ::1 - User: superadmin
[2026-02-03 16:04:55] ENCRYPTED_URL - Module: seguridad, Controller: modulo, Action: index - IP: ::1 - User: superadmin
[2026-02-03 16:05:42] ENCRYPTED_URL - Module: seguridad, Controller: modulo, Action: index - IP: ::1 - User: superadmin
[2026-02-03 16:05:44] ENCRYPTED_URL - Module: seguridad, Controller: rol, Action: index - IP: ::1 - User: superadmin
[2026-02-03 16:05:48] ENCRYPTED_URL - Module: seguridad, Controller: modulo, Action: index - IP: ::1 - User: superadmin
[2026-02-03 16:05:50] ENCRYPTED_URL - Module: seguridad, Controller: asignacion, Action: modulos - IP: ::1 - User: superadmin
[2026-02-03 16:06:04] ENCRYPTED_URL - Module: seguridad, Controller: auditoria, Action: accesos - IP: ::1 - User: superadmin
[2026-02-03 16:06:07] ENCRYPTED_URL - Module: seguridad, Controller: auditoria, Action: cambios - IP: ::1 - User: superadmin
[2026-02-03 16:06:12] ENCRYPTED_URL - Module: seguridad, Controller: auditoria, Action: alertas - IP: ::1 - User: superadmin
[2026-02-03 16:06:15] ENCRYPTED_URL - Module: seguridad, Controller: modulo, Action: configuracion - IP: ::1 - User: superadmin
[2026-02-03 16:08:08] ENCRYPTED_URL - Module: seguridad, Controller: asignacion, Action: modulos - IP: ::1 - User: superadmin
[2026-02-03 16:08:11] ENCRYPTED_URL - Module: seguridad, Controller: asignacion, Action: modulos - IP: ::1 - User: superadmin
[2026-02-03 16:29:44] ENCRYPTED_URL - Module: seguridad, Controller: asignacion, Action: modulos - IP: ::1 - User: superadmin
[2026-02-03 16:29:49] ENCRYPTED_URL - Module: seguridad, Controller: modulo, Action: index - IP: ::1 - User: superadmin
[2026-02-03 16:29:51] ENCRYPTED_URL - Module: seguridad, Controller: asignacion, Action: modulos - IP: ::1 - User: superadmin
[2026-02-03 16:29:54] ENCRYPTED_URL - Module: seguridad, Controller: auditoria, Action: accesos - IP: ::1 - User: superadmin
[2026-02-03 16:29:57] ENCRYPTED_URL - Module: seguridad, Controller: auditoria, Action: cambios - IP: ::1 - User: superadmin
[2026-02-03 16:30:00] ENCRYPTED_URL - Module: seguridad, Controller: auditoria, Action: alertas - IP: ::1 - User: superadmin
[2026-02-03 16:30:06] ENCRYPTED_URL - Module: seguridad, Controller: modulo, Action: configuracion - IP: ::1 - User: superadmin
[2026-02-03 16:32:24] ENCRYPTED_URL - Module: seguridad, Controller: modulo, Action: configuracion - IP: ::1 - User: superadmin
[2026-02-03 16:32:26] ENCRYPTED_URL - Module: seguridad, Controller: auditoria, Action: alertas - IP: ::1 - User: superadmin
[2026-02-03 16:32:35] ENCRYPTED_URL - Module: seguridad, Controller: tenant, Action: index - IP: ::1 - User: superadmin
[2026-02-03 16:32:39] ENCRYPTED_URL - Module: seguridad, Controller: tenant, Action: editar - IP: ::1 - User: superadmin
[2026-02-03 16:32:46] ENCRYPTED_URL - Module: seguridad, Controller: usuario, Action: index - IP: ::1 - User: superadmin
[2026-02-03 16:32:53] ENCRYPTED_URL - Module: seguridad, Controller: usuario, Action: crear - IP: ::1 - User: superadmin
[2026-02-03 16:33:08] ENCRYPTED_URL - Module: seguridad, Controller: usuario, Action: index - IP: ::1 - User: superadmin
[2026-02-03 16:33:16] ENCRYPTED_URL - Module: seguridad, Controller: usuario, Action: index - IP: ::1 - User: superadmin
[2026-02-03 16:33:33] ENCRYPTED_URL - Module: seguridad, Controller: usuario, Action: index - IP: ::1 - User: superadmin
[2026-02-03 16:33:36] ENCRYPTED_URL - Module: seguridad, Controller: modulo, Action: index - IP: ::1 - User: superadmin
[2026-02-03 16:33:41] ENCRYPTED_URL - Module: seguridad, Controller: asignacion, Action: modulos - IP: ::1 - User: superadmin
[2026-02-03 16:38:38] ENCRYPTED_URL - Module: seguridad, Controller: modulo, Action: index - IP: ::1 - User: superadmin
[2026-02-03 16:39:07] ENCRYPTED_URL - Module: seguridad, Controller: asignacion, Action: modulos - IP: ::1 - User: superadmin
[2026-02-03 16:40:27] ENCRYPTED_URL - Module: seguridad, Controller: modulo, Action: index - IP: ::1 - User: superadmin
[2026-02-03 16:50:53] ENCRYPTED_URL - Module: seguridad, Controller: auditoria, Action: accesos - IP: ::1 - User: superadmin
[2026-02-03 16:50:58] ENCRYPTED_URL - Module: seguridad, Controller: auditoria, Action: cambios - IP: ::1 - User: superadmin
[2026-02-03 16:51:02] ENCRYPTED_URL - Module: seguridad, Controller: auditoria, Action: alertas - IP: ::1 - User: superadmin
[2026-02-03 16:51:06] ENCRYPTED_URL - Module: seguridad, Controller: modulo, Action: configuracion - IP: ::1 - User: superadmin
[2026-02-03 16:51:18] ENCRYPTED_URL - Module: seguridad, Controller: modulo, Action: index - IP: ::1 - User: superadmin
[2026-02-03 16:51:27] ENCRYPTED_URL - Module: seguridad, Controller: asignacion, Action: modulos - IP: ::1 - User: superadmin
[2026-02-03 16:51:39] ENCRYPTED_URL - Module: seguridad, Controller: modulo, Action: index - IP: ::1 - User: superadmin
[2026-02-03 16:51:45] ENCRYPTED_URL - Module: seguridad, Controller: modulo, Action: index - IP: ::1 - User: superadmin
[2026-02-03 16:51:46] ENCRYPTED_URL - Module: seguridad, Controller: modulo, Action: index - IP: ::1 - User: superadmin
[2026-02-03 16:56:32] ENCRYPTED_URL - Module: seguridad, Controller: modulo, Action: index - IP: ::1 - User: superadmin
[2026-02-03 16:56:43] ENCRYPTED_URL - Module: seguridad, Controller: plan, Action: index - IP: ::1 - User: superadmin
[2026-02-03 17:11:43] ENCRYPTED_URL - Module: seguridad, Controller: modulo, Action: index - IP: ::1 - User: superadmin
[2026-02-03 17:13:02] ENCRYPTED_URL - Module: seguridad, Controller: modulo, Action: index - IP: ::1 - User: superadmin
[2026-02-03 17:13:04] ENCRYPTED_URL - Module: seguridad, Controller: modulo, Action: index - IP: ::1 - User: superadmin
[2026-02-03 17:20:51] ENCRYPTED_URL - Module: seguridad, Controller: modulo, Action: index - IP: ::1 - User: superadmin
[2026-02-03 17:20:54] ENCRYPTED_URL - Module: seguridad, Controller: modulo, Action: index - IP: ::1 - User: superadmin
[2026-02-03 17:21:00] ENCRYPTED_URL - Module: seguridad, Controller: rol, Action: index - IP: ::1 - User: superadmin
[2026-02-03 17:21:07] ENCRYPTED_URL - Module: seguridad, Controller: rol, Action: permisos - IP: ::1 - User: superadmin
[2026-02-03 17:21:25] ENCRYPTED_URL - Module: seguridad, Controller: rol, Action: crear - IP: ::1 - User: superadmin
[2026-02-03 17:50:48] ENCRYPTED_URL - Module: seguridad, Controller: modulo, Action: index - IP: ::1 - User: superadmin
[2026-02-03 17:50:51] ENCRYPTED_URL - Module: seguridad, Controller: rol, Action: crear - IP: ::1 - User: superadmin
[2026-02-03 17:50:53] ENCRYPTED_URL - Module: seguridad, Controller: tenant, Action: index - IP: ::1 - User: superadmin
[2026-02-03 17:50:59] ENCRYPTED_URL - Module: seguridad, Controller: rol, Action: index - IP: ::1 - User: superadmin
[2026-02-03 17:51:02] ENCRYPTED_URL - Module: seguridad, Controller: dashboard, Action: index - IP: ::1 - User: superadmin
[2026-02-03 18:02:49] ENCRYPTED_URL - Module: seguridad, Controller: modulo, Action: index - IP: ::1 - User: superadmin
[2026-02-03 18:02:51] ENCRYPTED_URL - Module: seguridad, Controller: modulo, Action: index - IP: ::1 - User: superadmin
[2026-02-03 18:02:54] ENCRYPTED_URL - Module: seguridad, Controller: modulo, Action: index - IP: ::1 - User: superadmin
[2026-02-03 18:02:57] ENCRYPTED_URL - Module: seguridad, Controller: modulo, Action: index - IP: ::1 - User: superadmin
[2026-02-03 18:02:59] ENCRYPTED_URL - Module: seguridad, Controller: modulo, Action: index - IP: ::1 - User: superadmin
[2026-02-03 19:50:34] GET_PARAMS - Module: core, Controller: Auth, Action: login - IP: ::1 - User: Guest
[2026-02-03 19:50:38] ENCRYPTED_URL - Module: seguridad, Controller: dashboard, Action: index - IP: ::1 - User: Guest
[2026-02-03 19:51:03] ENCRYPTED_URL - Module: seguridad, Controller: rol, Action: index - IP: ::1 - User: Guest
[2026-02-03 19:51:04] ENCRYPTED_URL - Module: seguridad, Controller: dashboard, Action: index - IP: ::1 - User: Guest
[2026-02-03 19:51:12] ENCRYPTED_URL - Module: seguridad, Controller: modulo, Action: index - IP: ::1 - User: Guest
[2026-02-03 19:54:52] ENCRYPTED_URL - Module: seguridad, Controller: modulo, Action: index - IP: ::1 - User: Guest
[2026-02-03 19:55:32] ENCRYPTED_URL - Module: seguridad, Controller: modulo, Action: index - IP: ::1 - User: Guest
[2026-02-03 20:17:51] ENCRYPTED_URL - Module: seguridad, Controller: modulo, Action: index - IP: ::1 - User: Guest
[2026-02-03 20:55:14] GET_PARAMS - Module: core, Controller: Auth, Action: login - IP: ::1 - User: Guest
[2026-02-03 20:55:27] ENCRYPTED_URL - Module: core, Controller: auth, Action: authenticate - IP: ::1 - User: Guest
[2026-02-03 20:55:28] ENCRYPTED_URL - Module: core, Controller: hub, Action: index - IP: ::1 - User: superadmin
[2026-02-03 20:55:33] ENCRYPTED_URL - Module: core, Controller: hub, Action: acceder - IP: ::1 - User: superadmin
[2026-02-03 20:55:33] ENCRYPTED_URL - Module: seguridad, Controller: dashboard, Action: index - IP: ::1 - User: superadmin
[2026-02-03 20:55:38] ENCRYPTED_URL - Module: seguridad, Controller: modulo, Action: index - IP: ::1 - User: superadmin
[2026-02-03 21:21:52] ENCRYPTED_URL - Module: seguridad, Controller: modulo, Action: index - IP: ::1 - User: superadmin
[2026-02-03 21:21:56] ENCRYPTED_URL - Module: seguridad, Controller: modulo, Action: crear - IP: ::1 - User: superadmin
[2026-02-03 21:22:02] ENCRYPTED_URL - Module: seguridad, Controller: modulo, Action: index - IP: ::1 - User: superadmin
[2026-02-03 21:22:59] ENCRYPTED_URL - Module: seguridad, Controller: modulo, Action: iconos - IP: ::1 - User: superadmin
[2026-02-03 21:23:19] ENCRYPTED_URL - Module: seguridad, Controller: modulo, Action: iconos - IP: ::1 - User: superadmin
[2026-02-03 21:23:23] ENCRYPTED_URL - Module: seguridad, Controller: modulo, Action: index - IP: ::1 - User: superadmin
[2026-02-03 21:23:26] ENCRYPTED_URL - Module: seguridad, Controller: modulo, Action: crear - IP: ::1 - User: superadmin
[2026-02-03 21:23:34] ENCRYPTED_URL - Module: core, Controller: hub, Action: index - IP: ::1 - User: superadmin
[2026-02-03 21:23:38] ENCRYPTED_URL - Module: core, Controller: hub, Action: acceder - IP: ::1 - User: superadmin
[2026-02-03 21:23:38] ENCRYPTED_URL - Module: seguridad, Controller: dashboard, Action: index - IP: ::1 - User: superadmin
[2026-02-03 21:23:44] ENCRYPTED_URL - Module: seguridad, Controller: modulo, Action: index - IP: ::1 - User: superadmin
[2026-02-03 21:26:58] ENCRYPTED_URL - Module: seguridad, Controller: modulo, Action: index - IP: ::1 - User: superadmin
[2026-02-03 21:29:24] ENCRYPTED_URL - Module: seguridad, Controller: modulo, Action: editar - IP: ::1 - User: superadmin
[2026-02-03 21:29:35] ENCRYPTED_URL - Module: seguridad, Controller: modulo, Action: index - IP: ::1 - User: superadmin
[2026-02-03 21:33:50] ENCRYPTED_URL - Module: seguridad, Controller: modulo, Action: index - IP: ::1 - User: superadmin
[2026-02-03 21:33:55] ENCRYPTED_URL - Module: seguridad, Controller: modulo, Action: editar - IP: ::1 - User: superadmin
[2026-02-03 21:34:32] ENCRYPTED_URL - Module: seguridad, Controller: modulo, Action: editar - IP: ::1 - User: superadmin
[2026-02-03 21:34:38] ENCRYPTED_URL - Module: seguridad, Controller: modulo, Action: index - IP: ::1 - User: superadmin
[2026-02-03 21:35:40] ENCRYPTED_URL - Module: seguridad, Controller: modulo, Action: iconos - IP: ::1 - User: superadmin
[2026-02-03 21:37:51] ENCRYPTED_URL - Module: seguridad, Controller: modulo, Action: iconos - IP: ::1 - User: superadmin
[2026-02-03 21:38:07] ENCRYPTED_URL - Module: seguridad, Controller: modulo, Action: editar - IP: ::1 - User: superadmin
[2026-02-03 21:38:15] ENCRYPTED_URL - Module: seguridad, Controller: modulo, Action: actualizarIcono - IP: ::1 - User: superadmin
[2026-02-03 21:38:26] ENCRYPTED_URL - Module: seguridad, Controller: modulo, Action: iconos - IP: ::1 - User: superadmin
[2026-02-03 21:39:30] ENCRYPTED_URL - Module: seguridad, Controller: modulo, Action: iconos - IP: ::1 - User: superadmin
[2026-02-03 21:40:31] ENCRYPTED_URL - Module: seguridad, Controller: modulo, Action: index - IP: ::1 - User: superadmin
[2026-02-03 21:41:16] ENCRYPTED_URL - Module: seguridad, Controller: modulo, Action: editar - IP: ::1 - User: superadmin
[2026-02-03 21:41:39] ENCRYPTED_URL - Module: seguridad, Controller: modulo, Action: index - IP: ::1 - User: superadmin
[2026-02-03 21:41:45] ENCRYPTED_URL - Module: seguridad, Controller: modulo, Action: iconos - IP: ::1 - User: superadmin
[2026-02-03 21:41:52] ENCRYPTED_URL - Module: seguridad, Controller: modulo, Action: index - IP: ::1 - User: superadmin
[2026-02-03 21:42:11] ENCRYPTED_URL - Module: seguridad, Controller: modulo, Action: iconos - IP: ::1 - User: superadmin
[2026-02-03 21:45:56] ENCRYPTED_URL - Module: seguridad, Controller: modulo, Action: iconos - IP: ::1 - User: superadmin
[2026-02-03 21:48:31] ENCRYPTED_URL - Module: seguridad, Controller: modulo, Action: iconos - IP: ::1 - User: superadmin
[2026-02-03 21:50:46] ENCRYPTED_URL - Module: seguridad, Controller: modulo, Action: iconos - IP: ::1 - User: superadmin
[2026-02-03 21:51:49] ENCRYPTED_URL - Module: seguridad, Controller: modulo, Action: iconos - IP: ::1 - User: superadmin
[2026-02-03 21:54:06] ENCRYPTED_URL - Module: seguridad, Controller: modulo, Action: iconos - IP: ::1 - User: superadmin
[2026-02-03 21:57:05] ENCRYPTED_URL - Module: seguridad, Controller: rol, Action: index - IP: ::1 - User: superadmin
[2026-02-03 21:57:14] ENCRYPTED_URL - Module: seguridad, Controller: modulo, Action: index - IP: ::1 - User: superadmin
[2026-02-03 21:57:18] ENCRYPTED_URL - Module: seguridad, Controller: modulo, Action: iconos - IP: ::1 - User: superadmin
[2026-02-03 22:00:54] ENCRYPTED_URL - Module: seguridad, Controller: modulo, Action: iconos - IP: ::1 - User: superadmin
[2026-02-03 22:04:57] ENCRYPTED_URL - Module: seguridad, Controller: modulo, Action: iconos - IP: ::1 - User: superadmin
[2026-02-03 22:06:40] ENCRYPTED_URL - Module: seguridad, Controller: modulo, Action: iconos - IP: ::1 - User: superadmin
[2026-02-03 22:16:43] ENCRYPTED_URL - Module: seguridad, Controller: modulo, Action: iconos - IP: ::1 - User: superadmin
[2026-02-03 22:17:16] ENCRYPTED_URL - Module: seguridad, Controller: modulo, Action: iconos - IP: ::1 - User: superadmin
[2026-02-03 22:17:19] ENCRYPTED_URL - Module: seguridad, Controller: modulo, Action: iconos - IP: ::1 - User: superadmin
[2026-02-03 22:18:38] ENCRYPTED_URL - Module: seguridad, Controller: modulo, Action: iconos - IP: ::1 - User: superadmin
[2026-02-03 22:18:40] ENCRYPTED_URL - Module: seguridad, Controller: dashboard, Action: index - IP: ::1 - User: superadmin
[2026-02-03 22:21:30] ENCRYPTED_URL - Module: seguridad, Controller: dashboard, Action: index - IP: ::1 - User: superadmin
[2026-02-03 22:21:34] ENCRYPTED_URL - Module: seguridad, Controller: tenant, Action: index - IP: ::1 - User: superadmin
[2026-02-03 22:21:36] ENCRYPTED_URL - Module: seguridad, Controller: tenant, Action: crear - IP: ::1 - User: superadmin
[2026-02-03 22:21:39] ENCRYPTED_URL - Module: seguridad, Controller: modulo, Action: index - IP: ::1 - User: superadmin
[2026-02-03 22:21:44] ENCRYPTED_URL - Module: seguridad, Controller: modulo, Action: editar - IP: ::1 - User: superadmin
[2026-02-03 22:21:51] ENCRYPTED_URL - Module: seguridad, Controller: modulo, Action: index - IP: ::1 - User: superadmin
[2026-02-03 22:21:56] ENCRYPTED_URL - Module: seguridad, Controller: modulo, Action: iconos - IP: ::1 - User: superadmin
[2026-02-03 22:23:03] ENCRYPTED_URL - Module: seguridad, Controller: modulo, Action: iconos - IP: ::1 - User: superadmin
[2026-02-03 22:27:44] ENCRYPTED_URL - Module: seguridad, Controller: modulo, Action: iconos - IP: ::1 - User: superadmin
[2026-02-03 22:28:46] ENCRYPTED_URL - Module: seguridad, Controller: modulo, Action: iconos - IP: ::1 - User: superadmin
[2026-02-03 22:31:52] ENCRYPTED_URL - Module: seguridad, Controller: modulo, Action: iconos - IP: ::1 - User: superadmin
[2026-02-03 22:32:36] ENCRYPTED_URL - Module: seguridad, Controller: modulo, Action: iconos - IP: ::1 - User: superadmin
[2026-02-03 22:33:55] ENCRYPTED_URL - Module: seguridad, Controller: modulo, Action: iconos - IP: ::1 - User: superadmin
[2026-02-03 22:33:58] ENCRYPTED_URL - Module: seguridad, Controller: modulo, Action: iconos - IP: ::1 - User: superadmin
[2026-02-03 22:34:15] ENCRYPTED_URL - Module: seguridad, Controller: modulo, Action: index - IP: ::1 - User: superadmin
[2026-02-03 22:34:19] ENCRYPTED_URL - Module: seguridad, Controller: modulo, Action: editar - IP: ::1 - User: superadmin
[2026-02-03 22:35:10] ENCRYPTED_URL - Module: seguridad, Controller: modulo, Action: editar - IP: ::1 - User: superadmin
[2026-02-03 22:35:13] ENCRYPTED_URL - Module: seguridad, Controller: modulo, Action: iconos - IP: ::1 - User: superadmin
[2026-02-03 22:35:22] ENCRYPTED_URL - Module: seguridad, Controller: modulo, Action: actualizarIcono - IP: ::1 - User: superadmin
[2026-02-03 22:35:28] ENCRYPTED_URL - Module: seguridad, Controller: modulo, Action: iconos - IP: ::1 - User: superadmin
[2026-02-03 22:38:34] ENCRYPTED_URL - Module: seguridad, Controller: modulo, Action: iconos - IP: ::1 - User: superadmin
[2026-02-03 22:41:38] ENCRYPTED_URL - Module: seguridad, Controller: modulo, Action: iconos - IP: ::1 - User: superadmin
[2026-02-03 22:45:47] ENCRYPTED_URL - Module: seguridad, Controller: modulo, Action: iconos - IP: ::1 - User: superadmin
[2026-02-03 22:47:24] ENCRYPTED_URL - Module: seguridad, Controller: modulo, Action: iconos - IP: ::1 - User: superadmin
[2026-02-03 22:49:05] ENCRYPTED_URL - Module: seguridad, Controller: modulo, Action: iconos - IP: ::1 - User: superadmin
[2026-02-03 22:52:13] ENCRYPTED_URL - Module: seguridad, Controller: modulo, Action: iconos - IP: ::1 - User: superadmin
[2026-02-03 22:53:01] ENCRYPTED_URL - Module: core, Controller: error, Action: show - IP: ::1 - User: superadmin
[2026-02-03 22:54:07] ENCRYPTED_URL - Module: core, Controller: error, Action: show - IP: ::1 - User: superadmin
[2026-02-03 22:54:51] ENCRYPTED_URL - Module: seguridad, Controller: modulo, Action: index - IP: ::1 - User: superadmin
[2026-02-03 22:54:55] ENCRYPTED_URL - Module: seguridad, Controller: modulo, Action: editar - IP: ::1 - User: superadmin
[2026-02-03 22:55:08] ENCRYPTED_URL - Module: seguridad, Controller: modulo, Action: index - IP: ::1 - User: superadmin
